<html>
<head>
<title>TestNG:  SanityTest</title>
<link href="../testng.css" rel="stylesheet" type="text/css" />
<link href="../my-testng.css" rel="stylesheet" type="text/css" />

<style type="text/css">
.log { display: none;} 
.stack-trace { display: none;} 
</style>
<script type="text/javascript">
<!--
function flip(e) {
  current = e.style.display;
  if (current == 'block') {
    e.style.display = 'none';
    return 0;
  }
  else {
    e.style.display = 'block';
    return 1;
  }
}

function toggleBox(szDivId, elem, msg1, msg2)
{
  var res = -1;  if (document.getElementById) {
    res = flip(document.getElementById(szDivId));
  }
  else if (document.all) {
    // this is the way old msie versions work
    res = flip(document.all[szDivId]);
  }
  if(elem) {
    if(res == 0) elem.innerHTML = msg1; else elem.innerHTML = msg2;
  }

}

function toggleAllBoxes() {
  if (document.getElementsByTagName) {
    d = document.getElementsByTagName('div');
    for (i = 0; i < d.length; i++) {
      if (d[i].className == 'log') {
        flip(d[i]);
      }
    }
  }
}

// -->
</script>

</head>
<body>
<h2 align='center'>SanityTest</h2><table border='1' align="center">
<tr>
<td>Tests passed/Failed/Skipped:</td><td>0/4/48</td>
</tr><tr>
<td>Started on:</td><td>Mon Apr 23 19:32:39 IST 2018</td>
</tr>
<tr><td>Total time:</td><td>62 seconds (62439 ms)</td>
</tr><tr>
<td>Included groups:</td><td></td>
</tr><tr>
<td>Excluded groups:</td><td></td>
</tr>
</table><p/>
<small><i>(Hover the method name to see the test class name)</i></small><p/>
<table width='100%' border='1' class='invocation-failed'>
<tr><td colspan='4' align='center'><b>FAILED CONFIGURATIONS</b></td></tr>
<tr><td><b>Test method</b></td>
<td width="30%"><b>Exception</b></td>
<td width="10%"><b>Time (seconds)</b></td>
<td><b>Instance</b></td>
</tr>
<tr>
<td title='com.vil.web.tests.postpaid.enquiry.activation.TC_401_CallTypeEnquiryForBillingPostp._closeSR()'><b>_closeSR</b><br>Test class: com.vil.web.tests.postpaid.enquiry.activation.TC_401_CallTypeEnquiryForBillingPostp</td>
<td><div><pre>java.lang.NullPointerException
	at com.vil.web.library.GenericLib.getColumnIndex(GenericLib.java:140)
	at com.vil.web.tests.postpaid.enquiry.activation.TC_401_CallTypeEnquiryForBillingPostp._closeSR(TC_401_CallTypeEnquiryForBillingPostp.java:20)
... Removed 30 stack frames</pre></div><a href='#' onClick='toggleBox("stack-trace1353838640", this, "Click to show all stack frames", "Click to hide stack frames")'>Click to show all stack frames</a>
<div class='stack-trace' id='stack-trace1353838640'><pre>java.lang.NullPointerException
	at com.vil.web.library.GenericLib.getColumnIndex(GenericLib.java:140)
	at com.vil.web.tests.postpaid.enquiry.activation.TC_401_CallTypeEnquiryForBillingPostp._closeSR(TC_401_CallTypeEnquiryForBillingPostp.java:20)
	at sun.reflect.NativeMethodAccessorImpl.invoke0(Native Method)
	at sun.reflect.NativeMethodAccessorImpl.invoke(NativeMethodAccessorImpl.java:62)
	at sun.reflect.DelegatingMethodAccessorImpl.invoke(DelegatingMethodAccessorImpl.java:43)
	at java.lang.reflect.Method.invoke(Method.java:498)
	at org.testng.internal.MethodInvocationHelper.invokeMethod(MethodInvocationHelper.java:108)
	at org.testng.internal.Invoker.invokeConfigurationMethod(Invoker.java:523)
	at org.testng.internal.Invoker.invokeConfigurations(Invoker.java:224)
	at org.testng.internal.Invoker.invokeMethod(Invoker.java:599)
	at org.testng.internal.Invoker.invokeTestMethod(Invoker.java:869)
	at org.testng.internal.Invoker.invokeTestMethods(Invoker.java:1193)
	at org.testng.internal.TestMethodWorker.invokeTestMethods(TestMethodWorker.java:126)
	at org.testng.internal.TestMethodWorker.run(TestMethodWorker.java:109)
	at org.testng.TestRunner.privateRun(TestRunner.java:744)
	at org.testng.TestRunner.run(TestRunner.java:602)
	at org.testng.SuiteRunner.runTest(SuiteRunner.java:380)
	at org.testng.SuiteRunner.runSequentially(SuiteRunner.java:375)
	at org.testng.SuiteRunner.privateRun(SuiteRunner.java:340)
	at org.testng.SuiteRunner.run(SuiteRunner.java:289)
	at org.testng.SuiteRunnerWorker.runSuite(SuiteRunnerWorker.java:52)
	at org.testng.SuiteRunnerWorker.run(SuiteRunnerWorker.java:86)
	at org.testng.TestNG.runSuitesSequentially(TestNG.java:1301)
	at org.testng.TestNG.runSuitesLocally(TestNG.java:1226)
	at org.testng.TestNG.runSuites(TestNG.java:1144)
	at org.testng.TestNG.run(TestNG.java:1115)
	at org.apache.maven.surefire.testng.TestNGExecutor.run(TestNGExecutor.java:281)
	at org.apache.maven.surefire.testng.TestNGXmlTestSuite.execute(TestNGXmlTestSuite.java:75)
	at org.apache.maven.surefire.testng.TestNGProvider.invoke(TestNGProvider.java:121)
	at org.apache.maven.surefire.booter.ForkedBooter.invokeProviderInSameClassLoader(ForkedBooter.java:290)
	at org.apache.maven.surefire.booter.ForkedBooter.runSuitesInProcess(ForkedBooter.java:242)
	at org.apache.maven.surefire.booter.ForkedBooter.main(ForkedBooter.java:121)
</pre></div></td>
<td>0</td>
<td>com.vil.web.tests.postpaid.enquiry.activation.TC_401_CallTypeEnquiryForBillingPostp@4f933fd1</td></tr>
<tr>
<td title='com.vil.web.tests.postpaid.complaint.TC_247_PcnAlertComplaintsPostpaidNo._closeSR()'><b>_closeSR</b><br>Test class: com.vil.web.tests.postpaid.complaint.TC_247_PcnAlertComplaintsPostpaidNo</td>
<td><div><pre>java.lang.NullPointerException
	at com.vil.web.library.GenericLib.getColumnIndex(GenericLib.java:140)
	at com.vil.web.tests.postpaid.complaint.TC_247_PcnAlertComplaintsPostpaidNo._closeSR(TC_247_PcnAlertComplaintsPostpaidNo.java:25)
... Removed 30 stack frames</pre></div><a href='#' onClick='toggleBox("stack-trace1884422865", this, "Click to show all stack frames", "Click to hide stack frames")'>Click to show all stack frames</a>
<div class='stack-trace' id='stack-trace1884422865'><pre>java.lang.NullPointerException
	at com.vil.web.library.GenericLib.getColumnIndex(GenericLib.java:140)
	at com.vil.web.tests.postpaid.complaint.TC_247_PcnAlertComplaintsPostpaidNo._closeSR(TC_247_PcnAlertComplaintsPostpaidNo.java:25)
	at sun.reflect.NativeMethodAccessorImpl.invoke0(Native Method)
	at sun.reflect.NativeMethodAccessorImpl.invoke(NativeMethodAccessorImpl.java:62)
	at sun.reflect.DelegatingMethodAccessorImpl.invoke(DelegatingMethodAccessorImpl.java:43)
	at java.lang.reflect.Method.invoke(Method.java:498)
	at org.testng.internal.MethodInvocationHelper.invokeMethod(MethodInvocationHelper.java:108)
	at org.testng.internal.Invoker.invokeConfigurationMethod(Invoker.java:523)
	at org.testng.internal.Invoker.invokeConfigurations(Invoker.java:224)
	at org.testng.internal.Invoker.invokeMethod(Invoker.java:599)
	at org.testng.internal.Invoker.invokeTestMethod(Invoker.java:869)
	at org.testng.internal.Invoker.invokeTestMethods(Invoker.java:1193)
	at org.testng.internal.TestMethodWorker.invokeTestMethods(TestMethodWorker.java:126)
	at org.testng.internal.TestMethodWorker.run(TestMethodWorker.java:109)
	at org.testng.TestRunner.privateRun(TestRunner.java:744)
	at org.testng.TestRunner.run(TestRunner.java:602)
	at org.testng.SuiteRunner.runTest(SuiteRunner.java:380)
	at org.testng.SuiteRunner.runSequentially(SuiteRunner.java:375)
	at org.testng.SuiteRunner.privateRun(SuiteRunner.java:340)
	at org.testng.SuiteRunner.run(SuiteRunner.java:289)
	at org.testng.SuiteRunnerWorker.runSuite(SuiteRunnerWorker.java:52)
	at org.testng.SuiteRunnerWorker.run(SuiteRunnerWorker.java:86)
	at org.testng.TestNG.runSuitesSequentially(TestNG.java:1301)
	at org.testng.TestNG.runSuitesLocally(TestNG.java:1226)
	at org.testng.TestNG.runSuites(TestNG.java:1144)
	at org.testng.TestNG.run(TestNG.java:1115)
	at org.apache.maven.surefire.testng.TestNGExecutor.run(TestNGExecutor.java:281)
	at org.apache.maven.surefire.testng.TestNGXmlTestSuite.execute(TestNGXmlTestSuite.java:75)
	at org.apache.maven.surefire.testng.TestNGProvider.invoke(TestNGProvider.java:121)
	at org.apache.maven.surefire.booter.ForkedBooter.invokeProviderInSameClassLoader(ForkedBooter.java:290)
	at org.apache.maven.surefire.booter.ForkedBooter.runSuitesInProcess(ForkedBooter.java:242)
	at org.apache.maven.surefire.booter.ForkedBooter.main(ForkedBooter.java:121)
</pre></div></td>
<td>0</td>
<td>com.vil.web.tests.postpaid.complaint.TC_247_PcnAlertComplaintsPostpaidNo@7f9a81e8</td></tr>
<tr>
<td title='com.vil.web.tests.postpaid.complaint.Test_Automation_077._closeSR()'><b>_closeSR</b><br>Test class: com.vil.web.tests.postpaid.complaint.Test_Automation_077</td>
<td><div><pre>java.lang.NullPointerException
	at com.vil.web.library.GenericLib.getColumnIndex(GenericLib.java:140)
	at com.vil.web.tests.postpaid.complaint.Test_Automation_077._closeSR(Test_Automation_077.java:25)
... Removed 30 stack frames</pre></div><a href='#' onClick='toggleBox("stack-trace1511004956", this, "Click to show all stack frames", "Click to hide stack frames")'>Click to show all stack frames</a>
<div class='stack-trace' id='stack-trace1511004956'><pre>java.lang.NullPointerException
	at com.vil.web.library.GenericLib.getColumnIndex(GenericLib.java:140)
	at com.vil.web.tests.postpaid.complaint.Test_Automation_077._closeSR(Test_Automation_077.java:25)
	at sun.reflect.NativeMethodAccessorImpl.invoke0(Native Method)
	at sun.reflect.NativeMethodAccessorImpl.invoke(NativeMethodAccessorImpl.java:62)
	at sun.reflect.DelegatingMethodAccessorImpl.invoke(DelegatingMethodAccessorImpl.java:43)
	at java.lang.reflect.Method.invoke(Method.java:498)
	at org.testng.internal.MethodInvocationHelper.invokeMethod(MethodInvocationHelper.java:108)
	at org.testng.internal.Invoker.invokeConfigurationMethod(Invoker.java:523)
	at org.testng.internal.Invoker.invokeConfigurations(Invoker.java:224)
	at org.testng.internal.Invoker.invokeMethod(Invoker.java:599)
	at org.testng.internal.Invoker.invokeTestMethod(Invoker.java:869)
	at org.testng.internal.Invoker.invokeTestMethods(Invoker.java:1193)
	at org.testng.internal.TestMethodWorker.invokeTestMethods(TestMethodWorker.java:126)
	at org.testng.internal.TestMethodWorker.run(TestMethodWorker.java:109)
	at org.testng.TestRunner.privateRun(TestRunner.java:744)
	at org.testng.TestRunner.run(TestRunner.java:602)
	at org.testng.SuiteRunner.runTest(SuiteRunner.java:380)
	at org.testng.SuiteRunner.runSequentially(SuiteRunner.java:375)
	at org.testng.SuiteRunner.privateRun(SuiteRunner.java:340)
	at org.testng.SuiteRunner.run(SuiteRunner.java:289)
	at org.testng.SuiteRunnerWorker.runSuite(SuiteRunnerWorker.java:52)
	at org.testng.SuiteRunnerWorker.run(SuiteRunnerWorker.java:86)
	at org.testng.TestNG.runSuitesSequentially(TestNG.java:1301)
	at org.testng.TestNG.runSuitesLocally(TestNG.java:1226)
	at org.testng.TestNG.runSuites(TestNG.java:1144)
	at org.testng.TestNG.run(TestNG.java:1115)
	at org.apache.maven.surefire.testng.TestNGExecutor.run(TestNGExecutor.java:281)
	at org.apache.maven.surefire.testng.TestNGXmlTestSuite.execute(TestNGXmlTestSuite.java:75)
	at org.apache.maven.surefire.testng.TestNGProvider.invoke(TestNGProvider.java:121)
	at org.apache.maven.surefire.booter.ForkedBooter.invokeProviderInSameClassLoader(ForkedBooter.java:290)
	at org.apache.maven.surefire.booter.ForkedBooter.runSuitesInProcess(ForkedBooter.java:242)
	at org.apache.maven.surefire.booter.ForkedBooter.main(ForkedBooter.java:121)
</pre></div></td>
<td>0</td>
<td>com.vil.web.tests.postpaid.complaint.Test_Automation_077@1810399e</td></tr>
<tr>
<td title='com.vil.web.tests.postpaid.complaint.TC_109_ServicesServiceissueComplaintsLegalPostpaid.browserLaunch()'><b>browserLaunch</b><br>Test class: com.vil.web.tests.postpaid.complaint.TC_109_ServicesServiceissueComplaintsLegalPostpaid<br>Parameters: chrome, [TestResult name={null} status=CREATED method={null} output={null}]</td>
<td><div><pre>org.openqa.selenium.SessionNotCreatedException: session not created exception
from disconnected: received Inspector.detached event
  (Session info: chrome=66.0.3359.117)
  (Driver info: chromedriver=2.36.540470 (e522d04694c7ebea4ba8821272dbef4f9b818c91),platform=Windows NT 10.0.14393 x86_64) (WARNING: The server did not provide any stacktrace information)
Command duration or timeout: 3.09 seconds
Build info: version: &apos;3.11.0&apos;, revision: &apos;e59cfb3&apos;, time: &apos;2018-03-11T20:26:55.152Z&apos;
System info: host: &apos;INPUCZPC00003&apos;, ip: &apos;10.14.129.96&apos;, os.name: &apos;Windows 10&apos;, os.arch: &apos;amd64&apos;, os.version: &apos;10.0&apos;, java.version: &apos;1.8.0_161&apos;
Driver info: driver.version: ChromeDriver
	at org.openqa.selenium.remote.ErrorHandler.createThrowable(ErrorHandler.java:214)
	at org.openqa.selenium.remote.ErrorHandler.throwIfResponseFailed(ErrorHandler.java:166)
	at org.openqa.selenium.remote.JsonWireProtocolResponse.lambda$new$0(JsonWireProtocolResponse.java:53)
	at org.openqa.selenium.remote.JsonWireProtocolResponse.lambda$getResponseFunction$2(JsonWireProtocolResponse.java:91)
	at org.openqa.selenium.remote.ProtocolHandshake.lambda$createSession$0(ProtocolHandshake.java:123)
	at java.util.stream.ReferencePipeline$3$1.accept(ReferencePipeline.java:193)
	at java.util.Spliterators$ArraySpliterator.tryAdvance(Spliterators.java:958)
	at java.util.stream.ReferencePipeline.forEachWithCancel(ReferencePipeline.java:126)
	at java.util.stream.AbstractPipeline.copyIntoWithCancel(AbstractPipeline.java:498)
	at java.util.stream.AbstractPipeline.copyInto(AbstractPipeline.java:485)
	at java.util.stream.AbstractPipeline.wrapAndCopyInto(AbstractPipeline.java:471)
	at java.util.stream.FindOps$FindOp.evaluateSequential(FindOps.java:152)
	at java.util.stream.AbstractPipeline.evaluate(AbstractPipeline.java:234)
	at java.util.stream.ReferencePipeline.findFirst(ReferencePipeline.java:464)
	at org.openqa.selenium.remote.ProtocolHandshake.createSession(ProtocolHandshake.java:126)
	at org.openqa.selenium.remote.ProtocolHandshake.createSession(ProtocolHandshake.java:73)
	at org.openqa.selenium.remote.HttpCommandExecutor.execute(HttpCommandExecutor.java:136)
	at org.openqa.selenium.remote.service.DriverCommandExecutor.execute(DriverCommandExecutor.java:83)
	at org.openqa.selenium.remote.RemoteWebDriver.execute(RemoteWebDriver.java:545)
	at org.openqa.selenium.remote.RemoteWebDriver.startSession(RemoteWebDriver.java:209)
	at org.openqa.selenium.remote.RemoteWebDriver.&lt;init&gt;(RemoteWebDriver.java:132)
	at org.openqa.selenium.chrome.ChromeDriver.&lt;init&gt;(ChromeDriver.java:181)
	at org.openqa.selenium.chrome.ChromeDriver.&lt;init&gt;(ChromeDriver.java:168)
	at org.openqa.selenium.chrome.ChromeDriver.&lt;init&gt;(ChromeDriver.java:123)
	at com.vil.web.library.BaseLib.browserLaunch(BaseLib.java:84)
... Removed 34 stack frames</pre></div><a href='#' onClick='toggleBox("stack-trace410958248", this, "Click to show all stack frames", "Click to hide stack frames")'>Click to show all stack frames</a>
<div class='stack-trace' id='stack-trace410958248'><pre>org.openqa.selenium.SessionNotCreatedException: session not created exception
from disconnected: received Inspector.detached event
  (Session info: chrome=66.0.3359.117)
  (Driver info: chromedriver=2.36.540470 (e522d04694c7ebea4ba8821272dbef4f9b818c91),platform=Windows NT 10.0.14393 x86_64) (WARNING: The server did not provide any stacktrace information)
Command duration or timeout: 3.09 seconds
Build info: version: &apos;3.11.0&apos;, revision: &apos;e59cfb3&apos;, time: &apos;2018-03-11T20:26:55.152Z&apos;
System info: host: &apos;INPUCZPC00003&apos;, ip: &apos;10.14.129.96&apos;, os.name: &apos;Windows 10&apos;, os.arch: &apos;amd64&apos;, os.version: &apos;10.0&apos;, java.version: &apos;1.8.0_161&apos;
Driver info: driver.version: ChromeDriver
	at sun.reflect.NativeConstructorAccessorImpl.newInstance0(Native Method)
	at sun.reflect.NativeConstructorAccessorImpl.newInstance(NativeConstructorAccessorImpl.java:62)
	at sun.reflect.DelegatingConstructorAccessorImpl.newInstance(DelegatingConstructorAccessorImpl.java:45)
	at java.lang.reflect.Constructor.newInstance(Constructor.java:423)
	at org.openqa.selenium.remote.ErrorHandler.createThrowable(ErrorHandler.java:214)
	at org.openqa.selenium.remote.ErrorHandler.throwIfResponseFailed(ErrorHandler.java:166)
	at org.openqa.selenium.remote.JsonWireProtocolResponse.lambda$new$0(JsonWireProtocolResponse.java:53)
	at org.openqa.selenium.remote.JsonWireProtocolResponse.lambda$getResponseFunction$2(JsonWireProtocolResponse.java:91)
	at org.openqa.selenium.remote.ProtocolHandshake.lambda$createSession$0(ProtocolHandshake.java:123)
	at java.util.stream.ReferencePipeline$3$1.accept(ReferencePipeline.java:193)
	at java.util.Spliterators$ArraySpliterator.tryAdvance(Spliterators.java:958)
	at java.util.stream.ReferencePipeline.forEachWithCancel(ReferencePipeline.java:126)
	at java.util.stream.AbstractPipeline.copyIntoWithCancel(AbstractPipeline.java:498)
	at java.util.stream.AbstractPipeline.copyInto(AbstractPipeline.java:485)
	at java.util.stream.AbstractPipeline.wrapAndCopyInto(AbstractPipeline.java:471)
	at java.util.stream.FindOps$FindOp.evaluateSequential(FindOps.java:152)
	at java.util.stream.AbstractPipeline.evaluate(AbstractPipeline.java:234)
	at java.util.stream.ReferencePipeline.findFirst(ReferencePipeline.java:464)
	at org.openqa.selenium.remote.ProtocolHandshake.createSession(ProtocolHandshake.java:126)
	at org.openqa.selenium.remote.ProtocolHandshake.createSession(ProtocolHandshake.java:73)
	at org.openqa.selenium.remote.HttpCommandExecutor.execute(HttpCommandExecutor.java:136)
	at org.openqa.selenium.remote.service.DriverCommandExecutor.execute(DriverCommandExecutor.java:83)
	at org.openqa.selenium.remote.RemoteWebDriver.execute(RemoteWebDriver.java:545)
	at org.openqa.selenium.remote.RemoteWebDriver.startSession(RemoteWebDriver.java:209)
	at org.openqa.selenium.remote.RemoteWebDriver.&lt;init&gt;(RemoteWebDriver.java:132)
	at org.openqa.selenium.chrome.ChromeDriver.&lt;init&gt;(ChromeDriver.java:181)
	at org.openqa.selenium.chrome.ChromeDriver.&lt;init&gt;(ChromeDriver.java:168)
	at org.openqa.selenium.chrome.ChromeDriver.&lt;init&gt;(ChromeDriver.java:123)
	at com.vil.web.library.BaseLib.browserLaunch(BaseLib.java:84)
	at sun.reflect.NativeMethodAccessorImpl.invoke0(Native Method)
	at sun.reflect.NativeMethodAccessorImpl.invoke(NativeMethodAccessorImpl.java:62)
	at sun.reflect.DelegatingMethodAccessorImpl.invoke(DelegatingMethodAccessorImpl.java:43)
	at java.lang.reflect.Method.invoke(Method.java:498)
	at org.testng.internal.MethodInvocationHelper.invokeMethod(MethodInvocationHelper.java:108)
	at org.testng.internal.Invoker.invokeConfigurationMethod(Invoker.java:523)
	at org.testng.internal.Invoker.invokeConfigurations(Invoker.java:224)
	at org.testng.internal.Invoker.invokeMethod(Invoker.java:599)
	at org.testng.internal.Invoker.invokeTestMethod(Invoker.java:869)
	at org.testng.internal.Invoker.invokeTestMethods(Invoker.java:1193)
	at org.testng.internal.TestMethodWorker.invokeTestMethods(TestMethodWorker.java:126)
	at org.testng.internal.TestMethodWorker.run(TestMethodWorker.java:109)
	at org.testng.TestRunner.privateRun(TestRunner.java:744)
	at org.testng.TestRunner.run(TestRunner.java:602)
	at org.testng.SuiteRunner.runTest(SuiteRunner.java:380)
	at org.testng.SuiteRunner.runSequentially(SuiteRunner.java:375)
	at org.testng.SuiteRunner.privateRun(SuiteRunner.java:340)
	at org.testng.SuiteRunner.run(SuiteRunner.java:289)
	at org.testng.SuiteRunnerWorker.runSuite(SuiteRunnerWorker.java:52)
	at org.testng.SuiteRunnerWorker.run(SuiteRunnerWorker.java:86)
	at org.testng.TestNG.runSuitesSequentially(TestNG.java:1301)
	at org.testng.TestNG.runSuitesLocally(TestNG.java:1226)
	at org.testng.TestNG.runSuites(TestNG.java:1144)
	at org.testng.TestNG.run(TestNG.java:1115)
	at org.apache.maven.surefire.testng.TestNGExecutor.run(TestNGExecutor.java:281)
	at org.apache.maven.surefire.testng.TestNGXmlTestSuite.execute(TestNGXmlTestSuite.java:75)
	at org.apache.maven.surefire.testng.TestNGProvider.invoke(TestNGProvider.java:121)
	at org.apache.maven.surefire.booter.ForkedBooter.invokeProviderInSameClassLoader(ForkedBooter.java:290)
	at org.apache.maven.surefire.booter.ForkedBooter.runSuitesInProcess(ForkedBooter.java:242)
	at org.apache.maven.surefire.booter.ForkedBooter.main(ForkedBooter.java:121)
</pre></div></td>
<td>3</td>
<td>com.vil.web.tests.postpaid.complaint.TC_109_ServicesServiceissueComplaintsLegalPostpaid@9629756</td></tr>
</table><p>
<table width='100%' border='1' class='invocation-skipped'>
<tr><td colspan='4' align='center'><b>SKIPPED CONFIGURATIONS</b></td></tr>
<tr><td><b>Test method</b></td>
<td width="30%"><b>Exception</b></td>
<td width="10%"><b>Time (seconds)</b></td>
<td><b>Instance</b></td>
</tr>
<tr>
<td title='com.vil.web.tests.postpaid.complaint.TC_109_ServicesServiceissueComplaintsLegalPostpaid._closeSR()'><b>_closeSR</b><br>Test class: com.vil.web.tests.postpaid.complaint.TC_109_ServicesServiceissueComplaintsLegalPostpaid</td>
<td></td>
<td>0</td>
<td>com.vil.web.tests.postpaid.complaint.TC_109_ServicesServiceissueComplaintsLegalPostpaid@9629756</td></tr>
<tr>
<td title='com.vil.web.tests.postpaid.complaint.Test_Automation_078.browserLaunch()'><b>browserLaunch</b><br>Test class: com.vil.web.tests.postpaid.complaint.Test_Automation_078</td>
<td></td>
<td>0</td>
<td>com.vil.web.tests.postpaid.complaint.Test_Automation_078@32d992b2</td></tr>
<tr>
<td title='com.vil.web.tests.postpaid.complaint.Test_Automation_078._closeSR()'><b>_closeSR</b><br>Test class: com.vil.web.tests.postpaid.complaint.Test_Automation_078</td>
<td></td>
<td>0</td>
<td>com.vil.web.tests.postpaid.complaint.Test_Automation_078@32d992b2</td></tr>
<tr>
<td title='com.vil.web.tests.postpaid.complaint.TC_095_ServiceissueCustomerFeedbackComplaintsPostpaid.browserLaunch()'><b>browserLaunch</b><br>Test class: com.vil.web.tests.postpaid.complaint.TC_095_ServiceissueCustomerFeedbackComplaintsPostpaid</td>
<td></td>
<td>0</td>
<td>com.vil.web.tests.postpaid.complaint.TC_095_ServiceissueCustomerFeedbackComplaintsPostpaid@62ee68d8</td></tr>
<tr>
<td title='com.vil.web.tests.postpaid.complaint.TC_095_ServiceissueCustomerFeedbackComplaintsPostpaid._closeSR()'><b>_closeSR</b><br>Test class: com.vil.web.tests.postpaid.complaint.TC_095_ServiceissueCustomerFeedbackComplaintsPostpaid</td>
<td></td>
<td>0</td>
<td>com.vil.web.tests.postpaid.complaint.TC_095_ServiceissueCustomerFeedbackComplaintsPostpaid@62ee68d8</td></tr>
<tr>
<td title='com.vil.web.tests.postpaid.complaint.Test_Automation_079.browserLaunch()'><b>browserLaunch</b><br>Test class: com.vil.web.tests.postpaid.complaint.Test_Automation_079</td>
<td></td>
<td>0</td>
<td>com.vil.web.tests.postpaid.complaint.Test_Automation_079@215be6bb</td></tr>
<tr>
<td title='com.vil.web.tests.postpaid.complaint.Test_Automation_079._closeSR()'><b>_closeSR</b><br>Test class: com.vil.web.tests.postpaid.complaint.Test_Automation_079</td>
<td></td>
<td>0</td>
<td>com.vil.web.tests.postpaid.complaint.Test_Automation_079@215be6bb</td></tr>
<tr>
<td title='com.vil.web.tests.postpaid.complaint.TC_092_DeviceRelatedComplaintsPostpaid.browserLaunch()'><b>browserLaunch</b><br>Test class: com.vil.web.tests.postpaid.complaint.TC_092_DeviceRelatedComplaintsPostpaid</td>
<td></td>
<td>0</td>
<td>com.vil.web.tests.postpaid.complaint.TC_092_DeviceRelatedComplaintsPostpaid@735b5592</td></tr>
<tr>
<td title='com.vil.web.tests.postpaid.complaint.TC_092_DeviceRelatedComplaintsPostpaid._closeSR()'><b>_closeSR</b><br>Test class: com.vil.web.tests.postpaid.complaint.TC_092_DeviceRelatedComplaintsPostpaid</td>
<td></td>
<td>0</td>
<td>com.vil.web.tests.postpaid.complaint.TC_092_DeviceRelatedComplaintsPostpaid@735b5592</td></tr>
<tr>
<td title='com.vil.web.tests.postpaid.complaint.Test_Automation_081.browserLaunch()'><b>browserLaunch</b><br>Test class: com.vil.web.tests.postpaid.complaint.Test_Automation_081</td>
<td></td>
<td>0</td>
<td>com.vil.web.tests.postpaid.complaint.Test_Automation_081@4439f31e</td></tr>
<tr>
<td title='com.vil.web.tests.postpaid.complaint.Test_Automation_081._closeSR()'><b>_closeSR</b><br>Test class: com.vil.web.tests.postpaid.complaint.Test_Automation_081</td>
<td></td>
<td>0</td>
<td>com.vil.web.tests.postpaid.complaint.Test_Automation_081@4439f31e</td></tr>
<tr>
<td title='com.vil.web.tests.postpaid.complaint.TC_091_SimReactivationComplaintsPostpaid.browserLaunch()'><b>browserLaunch</b><br>Test class: com.vil.web.tests.postpaid.complaint.TC_091_SimReactivationComplaintsPostpaid</td>
<td></td>
<td>0</td>
<td>com.vil.web.tests.postpaid.complaint.TC_091_SimReactivationComplaintsPostpaid@58651fd0</td></tr>
<tr>
<td title='com.vil.web.tests.postpaid.complaint.TC_091_SimReactivationComplaintsPostpaid._closeSR()'><b>_closeSR</b><br>Test class: com.vil.web.tests.postpaid.complaint.TC_091_SimReactivationComplaintsPostpaid</td>
<td></td>
<td>0</td>
<td>com.vil.web.tests.postpaid.complaint.TC_091_SimReactivationComplaintsPostpaid@58651fd0</td></tr>
<tr>
<td title='com.vil.web.tests.postpaid.complaint.Test_Automation_098.browserLaunch()'><b>browserLaunch</b><br>Test class: com.vil.web.tests.postpaid.complaint.Test_Automation_098</td>
<td></td>
<td>0</td>
<td>com.vil.web.tests.postpaid.complaint.Test_Automation_098@5dfcfece</td></tr>
<tr>
<td title='com.vil.web.tests.postpaid.complaint.Test_Automation_098._closeSR()'><b>_closeSR</b><br>Test class: com.vil.web.tests.postpaid.complaint.Test_Automation_098</td>
<td></td>
<td>0</td>
<td>com.vil.web.tests.postpaid.complaint.Test_Automation_098@5dfcfece</td></tr>
<tr>
<td title='com.vil.web.tests.prepaid.complaint.TC_110_BalanceRechargeComplaintsPrepaid.browserLaunch()'><b>browserLaunch</b><br>Test class: com.vil.web.tests.prepaid.complaint.TC_110_BalanceRechargeComplaintsPrepaid</td>
<td></td>
<td>0</td>
<td>com.vil.web.tests.prepaid.complaint.TC_110_BalanceRechargeComplaintsPrepaid@4520ebad</td></tr>
<tr>
<td title='com.vil.web.tests.prepaid.complaint.TC_110_BalanceRechargeComplaintsPrepaid._closeSR()'><b>_closeSR</b><br>Test class: com.vil.web.tests.prepaid.complaint.TC_110_BalanceRechargeComplaintsPrepaid</td>
<td></td>
<td>0</td>
<td>com.vil.web.tests.prepaid.complaint.TC_110_BalanceRechargeComplaintsPrepaid@4520ebad</td></tr>
<tr>
<td title='com.vil.web.tests.postpaid.complaint.Test_Automation_099.browserLaunch()'><b>browserLaunch</b><br>Test class: com.vil.web.tests.postpaid.complaint.Test_Automation_099</td>
<td></td>
<td>0</td>
<td>com.vil.web.tests.postpaid.complaint.Test_Automation_099@23ceabc1</td></tr>
<tr>
<td title='com.vil.web.tests.postpaid.complaint.Test_Automation_099._closeSR()'><b>_closeSR</b><br>Test class: com.vil.web.tests.postpaid.complaint.Test_Automation_099</td>
<td></td>
<td>0</td>
<td>com.vil.web.tests.postpaid.complaint.Test_Automation_099@23ceabc1</td></tr>
<tr>
<td title='com.vil.web.tests.prepaid.complaint.TC_111_BalanceRechargeSegmentedComplaintsPrepaid.browserLaunch()'><b>browserLaunch</b><br>Test class: com.vil.web.tests.prepaid.complaint.TC_111_BalanceRechargeSegmentedComplaintsPrepaid</td>
<td></td>
<td>0</td>
<td>com.vil.web.tests.prepaid.complaint.TC_111_BalanceRechargeSegmentedComplaintsPrepaid@5419f379</td></tr>
<tr>
<td title='com.vil.web.tests.prepaid.complaint.TC_111_BalanceRechargeSegmentedComplaintsPrepaid._closeSR()'><b>_closeSR</b><br>Test class: com.vil.web.tests.prepaid.complaint.TC_111_BalanceRechargeSegmentedComplaintsPrepaid</td>
<td></td>
<td>0</td>
<td>com.vil.web.tests.prepaid.complaint.TC_111_BalanceRechargeSegmentedComplaintsPrepaid@5419f379</td></tr>
<tr>
<td title='com.vil.web.tests.postpaid.complaint.Test_Automation_100.browserLaunch()'><b>browserLaunch</b><br>Test class: com.vil.web.tests.postpaid.complaint.Test_Automation_100</td>
<td></td>
<td>0</td>
<td>com.vil.web.tests.postpaid.complaint.Test_Automation_100@5d5eef3d</td></tr>
<tr>
<td title='com.vil.web.tests.postpaid.complaint.Test_Automation_100._closeSR()'><b>_closeSR</b><br>Test class: com.vil.web.tests.postpaid.complaint.Test_Automation_100</td>
<td></td>
<td>0</td>
<td>com.vil.web.tests.postpaid.complaint.Test_Automation_100@5d5eef3d</td></tr>
<tr>
<td title='com.vil.web.tests.postpaid.complaint.TC_113_BillingPaymentUpdateComplaintsPostpaid.browserLaunch()'><b>browserLaunch</b><br>Test class: com.vil.web.tests.postpaid.complaint.TC_113_BillingPaymentUpdateComplaintsPostpaid</td>
<td></td>
<td>0</td>
<td>com.vil.web.tests.postpaid.complaint.TC_113_BillingPaymentUpdateComplaintsPostpaid@7dc7cbad</td></tr>
<tr>
<td title='com.vil.web.tests.postpaid.complaint.TC_113_BillingPaymentUpdateComplaintsPostpaid._closeSR()'><b>_closeSR</b><br>Test class: com.vil.web.tests.postpaid.complaint.TC_113_BillingPaymentUpdateComplaintsPostpaid</td>
<td></td>
<td>0</td>
<td>com.vil.web.tests.postpaid.complaint.TC_113_BillingPaymentUpdateComplaintsPostpaid@7dc7cbad</td></tr>
<tr>
<td title='com.vil.web.tests.postpaid.complaint.Test_Automation_104.browserLaunch()'><b>browserLaunch</b><br>Test class: com.vil.web.tests.postpaid.complaint.Test_Automation_104</td>
<td></td>
<td>0</td>
<td>com.vil.web.tests.postpaid.complaint.Test_Automation_104@56f4468b</td></tr>
<tr>
<td title='com.vil.web.tests.postpaid.complaint.Test_Automation_104._closeSR()'><b>_closeSR</b><br>Test class: com.vil.web.tests.postpaid.complaint.Test_Automation_104</td>
<td></td>
<td>0</td>
<td>com.vil.web.tests.postpaid.complaint.Test_Automation_104@56f4468b</td></tr>
<tr>
<td title='com.vil.web.tests.postpaid.lead.Test_Automation_229.browserLaunch()'><b>browserLaunch</b><br>Test class: com.vil.web.tests.postpaid.lead.Test_Automation_229</td>
<td></td>
<td>0</td>
<td>com.vil.web.tests.postpaid.lead.Test_Automation_229@643b1d11</td></tr>
<tr>
<td title='com.vil.web.tests.postpaid.activation.Postpaid360DegreeVerification.browserLaunch()'><b>browserLaunch</b><br>Test class: com.vil.web.tests.postpaid.activation.Postpaid360DegreeVerification</td>
<td></td>
<td>0</td>
<td>com.vil.web.tests.postpaid.activation.Postpaid360DegreeVerification@6d00a15d</td></tr>
<tr>
<td title='com.vil.web.tests.prepaid.activation.Prepaid360DegreeVerification.browserLaunch()'><b>browserLaunch</b><br>Test class: com.vil.web.tests.prepaid.activation.Prepaid360DegreeVerification</td>
<td></td>
<td>0</td>
<td>com.vil.web.tests.prepaid.activation.Prepaid360DegreeVerification@51efea79</td></tr>
<tr>
<td title='com.vil.web.tests.postpaid.complaint.TC_097_PcnAlertComplaintsPostpaidYes.browserLaunch()'><b>browserLaunch</b><br>Test class: com.vil.web.tests.postpaid.complaint.TC_097_PcnAlertComplaintsPostpaidYes</td>
<td></td>
<td>0</td>
<td>com.vil.web.tests.postpaid.complaint.TC_097_PcnAlertComplaintsPostpaidYes@5034c75a</td></tr>
<tr>
<td title='com.vil.web.tests.postpaid.complaint.TC_097_PcnAlertComplaintsPostpaidYes._closeSR()'><b>_closeSR</b><br>Test class: com.vil.web.tests.postpaid.complaint.TC_097_PcnAlertComplaintsPostpaidYes</td>
<td></td>
<td>0</td>
<td>com.vil.web.tests.postpaid.complaint.TC_097_PcnAlertComplaintsPostpaidYes@5034c75a</td></tr>
<tr>
<td title='com.vil.web.tests.prepaid.enquiry.activation.TC_261_PrepaidBalanceAndRechargeEnquiry.browserLaunch()'><b>browserLaunch</b><br>Test class: com.vil.web.tests.prepaid.enquiry.activation.TC_261_PrepaidBalanceAndRechargeEnquiry</td>
<td></td>
<td>0</td>
<td>com.vil.web.tests.prepaid.enquiry.activation.TC_261_PrepaidBalanceAndRechargeEnquiry@1753acfe</td></tr>
<tr>
<td title='com.vil.web.tests.prepaid.enquiry.activation.TC_261_PrepaidBalanceAndRechargeEnquiry._closeSR()'><b>_closeSR</b><br>Test class: com.vil.web.tests.prepaid.enquiry.activation.TC_261_PrepaidBalanceAndRechargeEnquiry</td>
<td></td>
<td>0</td>
<td>com.vil.web.tests.prepaid.enquiry.activation.TC_261_PrepaidBalanceAndRechargeEnquiry@1753acfe</td></tr>
<tr>
<td title='com.vil.web.tests.postpaid.complaint.TC_063_NetworkComplaintPostpaid.browserLaunch()'><b>browserLaunch</b><br>Test class: com.vil.web.tests.postpaid.complaint.TC_063_NetworkComplaintPostpaid</td>
<td></td>
<td>0</td>
<td>com.vil.web.tests.postpaid.complaint.TC_063_NetworkComplaintPostpaid@7c16905e</td></tr>
<tr>
<td title='com.vil.web.tests.postpaid.complaint.TC_063_NetworkComplaintPostpaid._closeSR()'><b>_closeSR</b><br>Test class: com.vil.web.tests.postpaid.complaint.TC_063_NetworkComplaintPostpaid</td>
<td></td>
<td>0</td>
<td>com.vil.web.tests.postpaid.complaint.TC_063_NetworkComplaintPostpaid@7c16905e</td></tr>
<tr>
<td title='com.vil.web.tests.postpaid.complaint.TC_065_NetworkComplaintBOUser.browserLaunch()'><b>browserLaunch</b><br>Test class: com.vil.web.tests.postpaid.complaint.TC_065_NetworkComplaintBOUser</td>
<td></td>
<td>0</td>
<td>com.vil.web.tests.postpaid.complaint.TC_065_NetworkComplaintBOUser@2a2d45ba</td></tr>
<tr>
<td title='com.vil.web.tests.postpaid.complaint.TC_065_NetworkComplaintBOUser._closeSR()'><b>_closeSR</b><br>Test class: com.vil.web.tests.postpaid.complaint.TC_065_NetworkComplaintBOUser</td>
<td></td>
<td>0</td>
<td>com.vil.web.tests.postpaid.complaint.TC_065_NetworkComplaintBOUser@2a2d45ba</td></tr>
<tr>
<td title='com.vil.web.tests.postpaid.complaint.TC_066_NetworkComplaintFLAUser.browserLaunch()'><b>browserLaunch</b><br>Test class: com.vil.web.tests.postpaid.complaint.TC_066_NetworkComplaintFLAUser</td>
<td></td>
<td>0</td>
<td>com.vil.web.tests.postpaid.complaint.TC_066_NetworkComplaintFLAUser@2a5ca609</td></tr>
<tr>
<td title='com.vil.web.tests.postpaid.complaint.TC_066_NetworkComplaintFLAUser._closeSR()'><b>_closeSR</b><br>Test class: com.vil.web.tests.postpaid.complaint.TC_066_NetworkComplaintFLAUser</td>
<td></td>
<td>0</td>
<td>com.vil.web.tests.postpaid.complaint.TC_066_NetworkComplaintFLAUser@2a5ca609</td></tr>
<tr>
<td title='com.vil.web.tests.postpaid.complaint.TC_071_BillingAndPaymentdueToDonorOperator.browserLaunch()'><b>browserLaunch</b><br>Test class: com.vil.web.tests.postpaid.complaint.TC_071_BillingAndPaymentdueToDonorOperator</td>
<td></td>
<td>0</td>
<td>com.vil.web.tests.postpaid.complaint.TC_071_BillingAndPaymentdueToDonorOperator@20e2cbe0</td></tr>
<tr>
<td title='com.vil.web.tests.postpaid.complaint.TC_071_BillingAndPaymentdueToDonorOperator._closeSR()'><b>_closeSR</b><br>Test class: com.vil.web.tests.postpaid.complaint.TC_071_BillingAndPaymentdueToDonorOperator</td>
<td></td>
<td>0</td>
<td>com.vil.web.tests.postpaid.complaint.TC_071_BillingAndPaymentdueToDonorOperator@20e2cbe0</td></tr>
<tr>
<td title='com.vil.web.tests.postpaid.complaint.TC_069_BillingAndPaymentCompPostpforDepositIssue.browserLaunch()'><b>browserLaunch</b><br>Test class: com.vil.web.tests.postpaid.complaint.TC_069_BillingAndPaymentCompPostpforDepositIssue</td>
<td></td>
<td>0</td>
<td>com.vil.web.tests.postpaid.complaint.TC_069_BillingAndPaymentCompPostpforDepositIssue@68be2bc2</td></tr>
<tr>
<td title='com.vil.web.tests.postpaid.complaint.TC_069_BillingAndPaymentCompPostpforDepositIssue._closeSR()'><b>_closeSR</b><br>Test class: com.vil.web.tests.postpaid.complaint.TC_069_BillingAndPaymentCompPostpforDepositIssue</td>
<td></td>
<td>0</td>
<td>com.vil.web.tests.postpaid.complaint.TC_069_BillingAndPaymentCompPostpforDepositIssue@68be2bc2</td></tr>
<tr>
<td title='com.vil.web.tests.postpaid.complaint.TC_072_BillingAndPaymentComplaintPostpaid.browserLaunch()'><b>browserLaunch</b><br>Test class: com.vil.web.tests.postpaid.complaint.TC_072_BillingAndPaymentComplaintPostpaid</td>
<td></td>
<td>0</td>
<td>com.vil.web.tests.postpaid.complaint.TC_072_BillingAndPaymentComplaintPostpaid@28feb3fa</td></tr>
<tr>
<td title='com.vil.web.tests.postpaid.complaint.TC_072_BillingAndPaymentComplaintPostpaid._closeSR()'><b>_closeSR</b><br>Test class: com.vil.web.tests.postpaid.complaint.TC_072_BillingAndPaymentComplaintPostpaid</td>
<td></td>
<td>0</td>
<td>com.vil.web.tests.postpaid.complaint.TC_072_BillingAndPaymentComplaintPostpaid@28feb3fa</td></tr>
<tr>
<td title='com.vil.web.tests.postpaid.complaint.TC_073_BillingAndPaymentCompGSTPostp.browserLaunch()'><b>browserLaunch</b><br>Test class: com.vil.web.tests.postpaid.complaint.TC_073_BillingAndPaymentCompGSTPostp</td>
<td></td>
<td>0</td>
<td>com.vil.web.tests.postpaid.complaint.TC_073_BillingAndPaymentCompGSTPostp@675d3402</td></tr>
<tr>
<td title='com.vil.web.tests.postpaid.complaint.TC_073_BillingAndPaymentCompGSTPostp._closeSR()'><b>_closeSR</b><br>Test class: com.vil.web.tests.postpaid.complaint.TC_073_BillingAndPaymentCompGSTPostp</td>
<td></td>
<td>0</td>
<td>com.vil.web.tests.postpaid.complaint.TC_073_BillingAndPaymentCompGSTPostp@675d3402</td></tr>
<tr>
<td title='com.vil.web.tests.postpaid.complaint.TC_074_BillingAndPaymentWaiversAndAdjustmentsPostp.browserLaunch()'><b>browserLaunch</b><br>Test class: com.vil.web.tests.postpaid.complaint.TC_074_BillingAndPaymentWaiversAndAdjustmentsPostp</td>
<td></td>
<td>0</td>
<td>com.vil.web.tests.postpaid.complaint.TC_074_BillingAndPaymentWaiversAndAdjustmentsPostp@51565ec2</td></tr>
<tr>
<td title='com.vil.web.tests.postpaid.complaint.TC_074_BillingAndPaymentWaiversAndAdjustmentsPostp._closeSR()'><b>_closeSR</b><br>Test class: com.vil.web.tests.postpaid.complaint.TC_074_BillingAndPaymentWaiversAndAdjustmentsPostp</td>
<td></td>
<td>0</td>
<td>com.vil.web.tests.postpaid.complaint.TC_074_BillingAndPaymentWaiversAndAdjustmentsPostp@51565ec2</td></tr>
<tr>
<td title='com.vil.web.tests.postpaid.complaint.TC_087_ServiceDisconnectionVoluntaryChurnRelatedPostp.browserLaunch()'><b>browserLaunch</b><br>Test class: com.vil.web.tests.postpaid.complaint.TC_087_ServiceDisconnectionVoluntaryChurnRelatedPostp</td>
<td></td>
<td>0</td>
<td>com.vil.web.tests.postpaid.complaint.TC_087_ServiceDisconnectionVoluntaryChurnRelatedPostp@482f8f11</td></tr>
<tr>
<td title='com.vil.web.tests.postpaid.complaint.TC_087_ServiceDisconnectionVoluntaryChurnRelatedPostp._closeSR()'><b>_closeSR</b><br>Test class: com.vil.web.tests.postpaid.complaint.TC_087_ServiceDisconnectionVoluntaryChurnRelatedPostp</td>
<td></td>
<td>0</td>
<td>com.vil.web.tests.postpaid.complaint.TC_087_ServiceDisconnectionVoluntaryChurnRelatedPostp@482f8f11</td></tr>
<tr>
<td title='com.vil.web.tests.postpaid.complaint.TC_089_FailedInteractionsSystemMismatchPostp.browserLaunch()'><b>browserLaunch</b><br>Test class: com.vil.web.tests.postpaid.complaint.TC_089_FailedInteractionsSystemMismatchPostp</td>
<td></td>
<td>0</td>
<td>com.vil.web.tests.postpaid.complaint.TC_089_FailedInteractionsSystemMismatchPostp@1593948d</td></tr>
<tr>
<td title='com.vil.web.tests.postpaid.complaint.TC_089_FailedInteractionsSystemMismatchPostp._closeSR()'><b>_closeSR</b><br>Test class: com.vil.web.tests.postpaid.complaint.TC_089_FailedInteractionsSystemMismatchPostp</td>
<td></td>
<td>0</td>
<td>com.vil.web.tests.postpaid.complaint.TC_089_FailedInteractionsSystemMismatchPostp@1593948d</td></tr>
<tr>
<td title='com.vil.web.tests.postpaid.complaint.TC_093_FailedInteractionSystemErrorOrDowntimePostp.browserLaunch()'><b>browserLaunch</b><br>Test class: com.vil.web.tests.postpaid.complaint.TC_093_FailedInteractionSystemErrorOrDowntimePostp</td>
<td></td>
<td>0</td>
<td>com.vil.web.tests.postpaid.complaint.TC_093_FailedInteractionSystemErrorOrDowntimePostp@1b604f19</td></tr>
<tr>
<td title='com.vil.web.tests.postpaid.complaint.TC_093_FailedInteractionSystemErrorOrDowntimePostp._closeSR()'><b>_closeSR</b><br>Test class: com.vil.web.tests.postpaid.complaint.TC_093_FailedInteractionSystemErrorOrDowntimePostp</td>
<td></td>
<td>0</td>
<td>com.vil.web.tests.postpaid.complaint.TC_093_FailedInteractionSystemErrorOrDowntimePostp@1b604f19</td></tr>
<tr>
<td title='com.vil.web.tests.postpaid.complaint.TC_096_FailedInteractionsSelfHelpErrorOrAccessPostP.browserLaunch()'><b>browserLaunch</b><br>Test class: com.vil.web.tests.postpaid.complaint.TC_096_FailedInteractionsSelfHelpErrorOrAccessPostP</td>
<td></td>
<td>0</td>
<td>com.vil.web.tests.postpaid.complaint.TC_096_FailedInteractionsSelfHelpErrorOrAccessPostP@7823a2f9</td></tr>
<tr>
<td title='com.vil.web.tests.postpaid.complaint.TC_096_FailedInteractionsSelfHelpErrorOrAccessPostP._closeSR()'><b>_closeSR</b><br>Test class: com.vil.web.tests.postpaid.complaint.TC_096_FailedInteractionsSelfHelpErrorOrAccessPostP</td>
<td></td>
<td>0</td>
<td>com.vil.web.tests.postpaid.complaint.TC_096_FailedInteractionsSelfHelpErrorOrAccessPostP@7823a2f9</td></tr>
<tr>
<td title='com.vil.web.tests.postpaid.complaint.Test_Automation_075.browserLaunch()'><b>browserLaunch</b><br>Test class: com.vil.web.tests.postpaid.complaint.Test_Automation_075</td>
<td></td>
<td>0</td>
<td>com.vil.web.tests.postpaid.complaint.Test_Automation_075@4cc0edeb</td></tr>
<tr>
<td title='com.vil.web.tests.postpaid.complaint.Test_Automation_075._closeSR()'><b>_closeSR</b><br>Test class: com.vil.web.tests.postpaid.complaint.Test_Automation_075</td>
<td></td>
<td>0</td>
<td>com.vil.web.tests.postpaid.complaint.Test_Automation_075@4cc0edeb</td></tr>
<tr>
<td title='com.vil.web.tests.postpaid.complaint.Test_Automation_076.browserLaunch()'><b>browserLaunch</b><br>Test class: com.vil.web.tests.postpaid.complaint.Test_Automation_076</td>
<td></td>
<td>0</td>
<td>com.vil.web.tests.postpaid.complaint.Test_Automation_076@457e2f02</td></tr>
<tr>
<td title='com.vil.web.tests.postpaid.complaint.Test_Automation_076._closeSR()'><b>_closeSR</b><br>Test class: com.vil.web.tests.postpaid.complaint.Test_Automation_076</td>
<td></td>
<td>0</td>
<td>com.vil.web.tests.postpaid.complaint.Test_Automation_076@457e2f02</td></tr>
<tr>
<td title='com.vil.web.tests.postpaid.complaint.Test_Automation_082.browserLaunch()'><b>browserLaunch</b><br>Test class: com.vil.web.tests.postpaid.complaint.Test_Automation_082</td>
<td></td>
<td>0</td>
<td>com.vil.web.tests.postpaid.complaint.Test_Automation_082@5c7fa833</td></tr>
<tr>
<td title='com.vil.web.tests.postpaid.complaint.Test_Automation_082._closeSR()'><b>_closeSR</b><br>Test class: com.vil.web.tests.postpaid.complaint.Test_Automation_082</td>
<td></td>
<td>0</td>
<td>com.vil.web.tests.postpaid.complaint.Test_Automation_082@5c7fa833</td></tr>
<tr>
<td title='com.vil.web.tests.postpaid.complaint.Test_Automation_083.browserLaunch()'><b>browserLaunch</b><br>Test class: com.vil.web.tests.postpaid.complaint.Test_Automation_083</td>
<td></td>
<td>0</td>
<td>com.vil.web.tests.postpaid.complaint.Test_Automation_083@39aeed2f</td></tr>
<tr>
<td title='com.vil.web.tests.postpaid.complaint.Test_Automation_083._closeSR()'><b>_closeSR</b><br>Test class: com.vil.web.tests.postpaid.complaint.Test_Automation_083</td>
<td></td>
<td>0</td>
<td>com.vil.web.tests.postpaid.complaint.Test_Automation_083@39aeed2f</td></tr>
<tr>
<td title='com.vil.web.tests.prepaid.complaint.Test_Automation_084.browserLaunch()'><b>browserLaunch</b><br>Test class: com.vil.web.tests.prepaid.complaint.Test_Automation_084</td>
<td></td>
<td>0</td>
<td>com.vil.web.tests.prepaid.complaint.Test_Automation_084@724af044</td></tr>
<tr>
<td title='com.vil.web.tests.prepaid.complaint.Test_Automation_084._closeSR()'><b>_closeSR</b><br>Test class: com.vil.web.tests.prepaid.complaint.Test_Automation_084</td>
<td></td>
<td>0</td>
<td>com.vil.web.tests.prepaid.complaint.Test_Automation_084@724af044</td></tr>
<tr>
<td title='com.vil.web.tests.prepaid.complaint.Test_Automation_085.browserLaunch()'><b>browserLaunch</b><br>Test class: com.vil.web.tests.prepaid.complaint.Test_Automation_085</td>
<td></td>
<td>0</td>
<td>com.vil.web.tests.prepaid.complaint.Test_Automation_085@4678c730</td></tr>
<tr>
<td title='com.vil.web.tests.prepaid.complaint.Test_Automation_085._closeSR()'><b>_closeSR</b><br>Test class: com.vil.web.tests.prepaid.complaint.Test_Automation_085</td>
<td></td>
<td>0</td>
<td>com.vil.web.tests.prepaid.complaint.Test_Automation_085@4678c730</td></tr>
<tr>
<td title='com.vil.web.tests.postpaid.complaint.Test_Automation_086.browserLaunch()'><b>browserLaunch</b><br>Test class: com.vil.web.tests.postpaid.complaint.Test_Automation_086</td>
<td></td>
<td>0</td>
<td>com.vil.web.tests.postpaid.complaint.Test_Automation_086@6767c1fc</td></tr>
<tr>
<td title='com.vil.web.tests.postpaid.complaint.Test_Automation_086._closeSR()'><b>_closeSR</b><br>Test class: com.vil.web.tests.postpaid.complaint.Test_Automation_086</td>
<td></td>
<td>0</td>
<td>com.vil.web.tests.postpaid.complaint.Test_Automation_086@6767c1fc</td></tr>
<tr>
<td title='com.vil.web.tests.postpaid.enquiry.activation.TC_020_PostpaidEnquiryActivation.browserLaunch()'><b>browserLaunch</b><br>Test class: com.vil.web.tests.postpaid.enquiry.activation.TC_020_PostpaidEnquiryActivation</td>
<td></td>
<td>0</td>
<td>com.vil.web.tests.postpaid.enquiry.activation.TC_020_PostpaidEnquiryActivation@d2cc05a</td></tr>
<tr>
<td title='com.vil.web.tests.postpaid.enquiry.activation.TC_020_PostpaidEnquiryActivation._closeSR()'><b>_closeSR</b><br>Test class: com.vil.web.tests.postpaid.enquiry.activation.TC_020_PostpaidEnquiryActivation</td>
<td></td>
<td>0</td>
<td>com.vil.web.tests.postpaid.enquiry.activation.TC_020_PostpaidEnquiryActivation@d2cc05a</td></tr>
<tr>
<td title='com.vil.web.tests.prepaid.enquiry.activation.TC_021_PrepaidEnquiryActivation.browserLaunch()'><b>browserLaunch</b><br>Test class: com.vil.web.tests.prepaid.enquiry.activation.TC_021_PrepaidEnquiryActivation</td>
<td></td>
<td>0</td>
<td>com.vil.web.tests.prepaid.enquiry.activation.TC_021_PrepaidEnquiryActivation@548a9f61</td></tr>
<tr>
<td title='com.vil.web.tests.prepaid.enquiry.activation.TC_021_PrepaidEnquiryActivation._closeSR()'><b>_closeSR</b><br>Test class: com.vil.web.tests.prepaid.enquiry.activation.TC_021_PrepaidEnquiryActivation</td>
<td></td>
<td>0</td>
<td>com.vil.web.tests.prepaid.enquiry.activation.TC_021_PrepaidEnquiryActivation@548a9f61</td></tr>
<tr>
<td title='com.vil.web.tests.binocularsearch.Test_Automation_246.browserLaunch()'><b>browserLaunch</b><br>Test class: com.vil.web.tests.binocularsearch.Test_Automation_246</td>
<td></td>
<td>0</td>
<td>com.vil.web.tests.binocularsearch.Test_Automation_246@6cc4c815</td></tr>
<tr>
<td title='com.vil.web.tests.postpaid.lead.Test_Automation_228.browserLaunch()'><b>browserLaunch</b><br>Test class: com.vil.web.tests.postpaid.lead.Test_Automation_228</td>
<td></td>
<td>0</td>
<td>com.vil.web.tests.postpaid.lead.Test_Automation_228@100fc185</td></tr>
<tr>
<td title='com.vil.web.tests.postpaid.lead.Test_Automation_230.browserLaunch()'><b>browserLaunch</b><br>Test class: com.vil.web.tests.postpaid.lead.Test_Automation_230</td>
<td></td>
<td>0</td>
<td>com.vil.web.tests.postpaid.lead.Test_Automation_230@2ef5e5e3</td></tr>
<tr>
<td title='com.vil.web.tests.postpaid.lead.Test_Automation_231.browserLaunch()'><b>browserLaunch</b><br>Test class: com.vil.web.tests.postpaid.lead.Test_Automation_231</td>
<td></td>
<td>0</td>
<td>com.vil.web.tests.postpaid.lead.Test_Automation_231@36d4b5c</td></tr>
<tr>
<td title='com.vil.web.tests.postpaid.lead.Test_Automation_227.browserLaunch()'><b>browserLaunch</b><br>Test class: com.vil.web.tests.postpaid.lead.Test_Automation_227</td>
<td></td>
<td>0</td>
<td>com.vil.web.tests.postpaid.lead.Test_Automation_227@3a82f6ef</td></tr>
</table><p>
<table width='100%' border='1' class='invocation-failed'>
<tr><td colspan='4' align='center'><b>FAILED TESTS</b></td></tr>
<tr><td><b>Test method</b></td>
<td width="30%"><b>Exception</b></td>
<td width="10%"><b>Time (seconds)</b></td>
<td><b>Instance</b></td>
</tr>
<tr>
<td title='com.vil.web.tests.postpaid.activation.Test_Automation_001.postPaidCustomerCreation()'><b>postPaidCustomerCreation</b><br>Test class: com.vil.web.tests.postpaid.activation.Test_Automation_001<br>Test method:  check for prepaid MSISDN created successfully in SCRM from Cpos  <br>Parameters: chrome</td>
<td><div><pre>java.lang.NullPointerException
	at com.vil.web.library.GenericLib.getColumnIndex(GenericLib.java:140)
	at com.vil.web.pages.LoginPage.fstLogin(LoginPage.java:159)
	at com.vil.web.library.FunctionLib.postpaidMSISDN(FunctionLib.java:29)
	at com.vil.web.tests.postpaid.activation.Test_Automation_001.postPaidCustomerCreation(Test_Automation_001.java:26)
... Removed 28 stack frames</pre></div><a href='#' onClick='toggleBox("stack-trace275754769", this, "Click to show all stack frames", "Click to hide stack frames")'>Click to show all stack frames</a>
<div class='stack-trace' id='stack-trace275754769'><pre>java.lang.NullPointerException
	at com.vil.web.library.GenericLib.getColumnIndex(GenericLib.java:140)
	at com.vil.web.pages.LoginPage.fstLogin(LoginPage.java:159)
	at com.vil.web.library.FunctionLib.postpaidMSISDN(FunctionLib.java:29)
	at com.vil.web.tests.postpaid.activation.Test_Automation_001.postPaidCustomerCreation(Test_Automation_001.java:26)
	at sun.reflect.NativeMethodAccessorImpl.invoke0(Native Method)
	at sun.reflect.NativeMethodAccessorImpl.invoke(NativeMethodAccessorImpl.java:62)
	at sun.reflect.DelegatingMethodAccessorImpl.invoke(DelegatingMethodAccessorImpl.java:43)
	at java.lang.reflect.Method.invoke(Method.java:498)
	at org.testng.internal.MethodInvocationHelper.invokeMethod(MethodInvocationHelper.java:108)
	at org.testng.internal.Invoker.invokeMethod(Invoker.java:661)
	at org.testng.internal.Invoker.invokeTestMethod(Invoker.java:869)
	at org.testng.internal.Invoker.invokeTestMethods(Invoker.java:1193)
	at org.testng.internal.TestMethodWorker.invokeTestMethods(TestMethodWorker.java:126)
	at org.testng.internal.TestMethodWorker.run(TestMethodWorker.java:109)
	at org.testng.TestRunner.privateRun(TestRunner.java:744)
	at org.testng.TestRunner.run(TestRunner.java:602)
	at org.testng.SuiteRunner.runTest(SuiteRunner.java:380)
	at org.testng.SuiteRunner.runSequentially(SuiteRunner.java:375)
	at org.testng.SuiteRunner.privateRun(SuiteRunner.java:340)
	at org.testng.SuiteRunner.run(SuiteRunner.java:289)
	at org.testng.SuiteRunnerWorker.runSuite(SuiteRunnerWorker.java:52)
	at org.testng.SuiteRunnerWorker.run(SuiteRunnerWorker.java:86)
	at org.testng.TestNG.runSuitesSequentially(TestNG.java:1301)
	at org.testng.TestNG.runSuitesLocally(TestNG.java:1226)
	at org.testng.TestNG.runSuites(TestNG.java:1144)
	at org.testng.TestNG.run(TestNG.java:1115)
	at org.apache.maven.surefire.testng.TestNGExecutor.run(TestNGExecutor.java:281)
	at org.apache.maven.surefire.testng.TestNGXmlTestSuite.execute(TestNGXmlTestSuite.java:75)
	at org.apache.maven.surefire.testng.TestNGProvider.invoke(TestNGProvider.java:121)
	at org.apache.maven.surefire.booter.ForkedBooter.invokeProviderInSameClassLoader(ForkedBooter.java:290)
	at org.apache.maven.surefire.booter.ForkedBooter.runSuitesInProcess(ForkedBooter.java:242)
	at org.apache.maven.surefire.booter.ForkedBooter.main(ForkedBooter.java:121)
</pre></div></td>
<td>0</td>
<td>com.vil.web.tests.postpaid.activation.Test_Automation_001@50c87b21</td></tr>
<tr>
<td title='com.vil.web.tests.prepaid.activation.Test_Automation_005.prepaidCustomerCreation()'><b>prepaidCustomerCreation</b><br>Test class: com.vil.web.tests.prepaid.activation.Test_Automation_005<br>Test method:  check for prepaid MSISDN created successfully in SCRM from Cpos  <br>Parameters: chrome</td>
<td><div><pre>java.lang.NullPointerException
	at com.vil.web.library.GenericLib.getColumnIndex(GenericLib.java:140)
	at com.vil.web.pages.LoginPage.fstLogin(LoginPage.java:159)
	at com.vil.web.library.FunctionLib.prepaidMSISDN(FunctionLib.java:87)
	at com.vil.web.tests.prepaid.activation.Test_Automation_005.prepaidCustomerCreation(Test_Automation_005.java:24)
... Removed 28 stack frames</pre></div><a href='#' onClick='toggleBox("stack-trace1596653154", this, "Click to show all stack frames", "Click to hide stack frames")'>Click to show all stack frames</a>
<div class='stack-trace' id='stack-trace1596653154'><pre>java.lang.NullPointerException
	at com.vil.web.library.GenericLib.getColumnIndex(GenericLib.java:140)
	at com.vil.web.pages.LoginPage.fstLogin(LoginPage.java:159)
	at com.vil.web.library.FunctionLib.prepaidMSISDN(FunctionLib.java:87)
	at com.vil.web.tests.prepaid.activation.Test_Automation_005.prepaidCustomerCreation(Test_Automation_005.java:24)
	at sun.reflect.NativeMethodAccessorImpl.invoke0(Native Method)
	at sun.reflect.NativeMethodAccessorImpl.invoke(NativeMethodAccessorImpl.java:62)
	at sun.reflect.DelegatingMethodAccessorImpl.invoke(DelegatingMethodAccessorImpl.java:43)
	at java.lang.reflect.Method.invoke(Method.java:498)
	at org.testng.internal.MethodInvocationHelper.invokeMethod(MethodInvocationHelper.java:108)
	at org.testng.internal.Invoker.invokeMethod(Invoker.java:661)
	at org.testng.internal.Invoker.invokeTestMethod(Invoker.java:869)
	at org.testng.internal.Invoker.invokeTestMethods(Invoker.java:1193)
	at org.testng.internal.TestMethodWorker.invokeTestMethods(TestMethodWorker.java:126)
	at org.testng.internal.TestMethodWorker.run(TestMethodWorker.java:109)
	at org.testng.TestRunner.privateRun(TestRunner.java:744)
	at org.testng.TestRunner.run(TestRunner.java:602)
	at org.testng.SuiteRunner.runTest(SuiteRunner.java:380)
	at org.testng.SuiteRunner.runSequentially(SuiteRunner.java:375)
	at org.testng.SuiteRunner.privateRun(SuiteRunner.java:340)
	at org.testng.SuiteRunner.run(SuiteRunner.java:289)
	at org.testng.SuiteRunnerWorker.runSuite(SuiteRunnerWorker.java:52)
	at org.testng.SuiteRunnerWorker.run(SuiteRunnerWorker.java:86)
	at org.testng.TestNG.runSuitesSequentially(TestNG.java:1301)
	at org.testng.TestNG.runSuitesLocally(TestNG.java:1226)
	at org.testng.TestNG.runSuites(TestNG.java:1144)
	at org.testng.TestNG.run(TestNG.java:1115)
	at org.apache.maven.surefire.testng.TestNGExecutor.run(TestNGExecutor.java:281)
	at org.apache.maven.surefire.testng.TestNGXmlTestSuite.execute(TestNGXmlTestSuite.java:75)
	at org.apache.maven.surefire.testng.TestNGProvider.invoke(TestNGProvider.java:121)
	at org.apache.maven.surefire.booter.ForkedBooter.invokeProviderInSameClassLoader(ForkedBooter.java:290)
	at org.apache.maven.surefire.booter.ForkedBooter.runSuitesInProcess(ForkedBooter.java:242)
	at org.apache.maven.surefire.booter.ForkedBooter.main(ForkedBooter.java:121)
</pre></div></td>
<td>0</td>
<td>com.vil.web.tests.prepaid.activation.Test_Automation_005@5f375618</td></tr>
<tr>
<td title='com.vil.web.tests.prepaid.quickactionbtn.TC_406_PushOTA.pushOtaVarification()'><b>pushOtaVarification</b><br>Test class: com.vil.web.tests.prepaid.quickactionbtn.TC_406_PushOTA<br>Parameters: chrome</td>
<td><div><pre>java.lang.NullPointerException
	at com.vil.web.library.GenericLib.getColumnIndex(GenericLib.java:140)
	at com.vil.web.pages.LoginPage.fstLogin(LoginPage.java:159)
	at com.vil.web.library.FunctionLib.prepaidMSISDN(FunctionLib.java:87)
	at com.vil.web.tests.prepaid.quickactionbtn.TC_406_PushOTA.pushOtaVarification(TC_406_PushOTA.java:23)
... Removed 28 stack frames</pre></div><a href='#' onClick='toggleBox("stack-trace1112758237", this, "Click to show all stack frames", "Click to hide stack frames")'>Click to show all stack frames</a>
<div class='stack-trace' id='stack-trace1112758237'><pre>java.lang.NullPointerException
	at com.vil.web.library.GenericLib.getColumnIndex(GenericLib.java:140)
	at com.vil.web.pages.LoginPage.fstLogin(LoginPage.java:159)
	at com.vil.web.library.FunctionLib.prepaidMSISDN(FunctionLib.java:87)
	at com.vil.web.tests.prepaid.quickactionbtn.TC_406_PushOTA.pushOtaVarification(TC_406_PushOTA.java:23)
	at sun.reflect.NativeMethodAccessorImpl.invoke0(Native Method)
	at sun.reflect.NativeMethodAccessorImpl.invoke(NativeMethodAccessorImpl.java:62)
	at sun.reflect.DelegatingMethodAccessorImpl.invoke(DelegatingMethodAccessorImpl.java:43)
	at java.lang.reflect.Method.invoke(Method.java:498)
	at org.testng.internal.MethodInvocationHelper.invokeMethod(MethodInvocationHelper.java:108)
	at org.testng.internal.Invoker.invokeMethod(Invoker.java:661)
	at org.testng.internal.Invoker.invokeTestMethod(Invoker.java:869)
	at org.testng.internal.Invoker.invokeTestMethods(Invoker.java:1193)
	at org.testng.internal.TestMethodWorker.invokeTestMethods(TestMethodWorker.java:126)
	at org.testng.internal.TestMethodWorker.run(TestMethodWorker.java:109)
	at org.testng.TestRunner.privateRun(TestRunner.java:744)
	at org.testng.TestRunner.run(TestRunner.java:602)
	at org.testng.SuiteRunner.runTest(SuiteRunner.java:380)
	at org.testng.SuiteRunner.runSequentially(SuiteRunner.java:375)
	at org.testng.SuiteRunner.privateRun(SuiteRunner.java:340)
	at org.testng.SuiteRunner.run(SuiteRunner.java:289)
	at org.testng.SuiteRunnerWorker.runSuite(SuiteRunnerWorker.java:52)
	at org.testng.SuiteRunnerWorker.run(SuiteRunnerWorker.java:86)
	at org.testng.TestNG.runSuitesSequentially(TestNG.java:1301)
	at org.testng.TestNG.runSuitesLocally(TestNG.java:1226)
	at org.testng.TestNG.runSuites(TestNG.java:1144)
	at org.testng.TestNG.run(TestNG.java:1115)
	at org.apache.maven.surefire.testng.TestNGExecutor.run(TestNGExecutor.java:281)
	at org.apache.maven.surefire.testng.TestNGXmlTestSuite.execute(TestNGXmlTestSuite.java:75)
	at org.apache.maven.surefire.testng.TestNGProvider.invoke(TestNGProvider.java:121)
	at org.apache.maven.surefire.booter.ForkedBooter.invokeProviderInSameClassLoader(ForkedBooter.java:290)
	at org.apache.maven.surefire.booter.ForkedBooter.runSuitesInProcess(ForkedBooter.java:242)
	at org.apache.maven.surefire.booter.ForkedBooter.main(ForkedBooter.java:121)
</pre></div></td>
<td>0</td>
<td>com.vil.web.tests.prepaid.quickactionbtn.TC_406_PushOTA@396a51ab</td></tr>
<tr>
<td title='com.vil.web.tests.prepaid.quickactionbtn.TC_064_PushSms.pushSmsVarification()'><b>pushSmsVarification</b><br>Test class: com.vil.web.tests.prepaid.quickactionbtn.TC_064_PushSms<br>Test method:  Push SMS <br>Parameters: chrome</td>
<td><div><pre>java.lang.NullPointerException
	at com.vil.web.library.GenericLib.getColumnIndex(GenericLib.java:140)
	at com.vil.web.pages.LoginPage.fstLogin(LoginPage.java:159)
	at com.vil.web.library.FunctionLib.prepaidMSISDN(FunctionLib.java:87)
	at com.vil.web.tests.prepaid.quickactionbtn.TC_064_PushSms.pushSmsVarification(TC_064_PushSms.java:33)
... Removed 28 stack frames</pre></div><a href='#' onClick='toggleBox("stack-trace1627781283", this, "Click to show all stack frames", "Click to hide stack frames")'>Click to show all stack frames</a>
<div class='stack-trace' id='stack-trace1627781283'><pre>java.lang.NullPointerException
	at com.vil.web.library.GenericLib.getColumnIndex(GenericLib.java:140)
	at com.vil.web.pages.LoginPage.fstLogin(LoginPage.java:159)
	at com.vil.web.library.FunctionLib.prepaidMSISDN(FunctionLib.java:87)
	at com.vil.web.tests.prepaid.quickactionbtn.TC_064_PushSms.pushSmsVarification(TC_064_PushSms.java:33)
	at sun.reflect.NativeMethodAccessorImpl.invoke0(Native Method)
	at sun.reflect.NativeMethodAccessorImpl.invoke(NativeMethodAccessorImpl.java:62)
	at sun.reflect.DelegatingMethodAccessorImpl.invoke(DelegatingMethodAccessorImpl.java:43)
	at java.lang.reflect.Method.invoke(Method.java:498)
	at org.testng.internal.MethodInvocationHelper.invokeMethod(MethodInvocationHelper.java:108)
	at org.testng.internal.Invoker.invokeMethod(Invoker.java:661)
	at org.testng.internal.Invoker.invokeTestMethod(Invoker.java:869)
	at org.testng.internal.Invoker.invokeTestMethods(Invoker.java:1193)
	at org.testng.internal.TestMethodWorker.invokeTestMethods(TestMethodWorker.java:126)
	at org.testng.internal.TestMethodWorker.run(TestMethodWorker.java:109)
	at org.testng.TestRunner.privateRun(TestRunner.java:744)
	at org.testng.TestRunner.run(TestRunner.java:602)
	at org.testng.SuiteRunner.runTest(SuiteRunner.java:380)
	at org.testng.SuiteRunner.runSequentially(SuiteRunner.java:375)
	at org.testng.SuiteRunner.privateRun(SuiteRunner.java:340)
	at org.testng.SuiteRunner.run(SuiteRunner.java:289)
	at org.testng.SuiteRunnerWorker.runSuite(SuiteRunnerWorker.java:52)
	at org.testng.SuiteRunnerWorker.run(SuiteRunnerWorker.java:86)
	at org.testng.TestNG.runSuitesSequentially(TestNG.java:1301)
	at org.testng.TestNG.runSuitesLocally(TestNG.java:1226)
	at org.testng.TestNG.runSuites(TestNG.java:1144)
	at org.testng.TestNG.run(TestNG.java:1115)
	at org.apache.maven.surefire.testng.TestNGExecutor.run(TestNGExecutor.java:281)
	at org.apache.maven.surefire.testng.TestNGXmlTestSuite.execute(TestNGXmlTestSuite.java:75)
	at org.apache.maven.surefire.testng.TestNGProvider.invoke(TestNGProvider.java:121)
	at org.apache.maven.surefire.booter.ForkedBooter.invokeProviderInSameClassLoader(ForkedBooter.java:290)
	at org.apache.maven.surefire.booter.ForkedBooter.runSuitesInProcess(ForkedBooter.java:242)
	at org.apache.maven.surefire.booter.ForkedBooter.main(ForkedBooter.java:121)
</pre></div></td>
<td>0</td>
<td>com.vil.web.tests.prepaid.quickactionbtn.TC_064_PushSms@51081592</td></tr>
</table><p>
<table width='100%' border='1' class='invocation-skipped'>
<tr><td colspan='4' align='center'><b>SKIPPED TESTS</b></td></tr>
<tr><td><b>Test method</b></td>
<td width="30%"><b>Exception</b></td>
<td width="10%"><b>Time (seconds)</b></td>
<td><b>Instance</b></td>
</tr>
<tr>
<td title='com.vil.web.tests.postpaid.complaint.Test_Automation_075.CreditAndCollectionCLChangeCompaint()'><b>CreditAndCollectionCLChangeCompaint</b><br>Test class: com.vil.web.tests.postpaid.complaint.Test_Automation_075<br>Test method: CreditAndCollectionCLChangeComplaint</td>
<td><div><pre>java.lang.NullPointerException
	at com.vil.web.library.GenericLib.getColumnIndex(GenericLib.java:140)
	at com.vil.web.tests.postpaid.enquiry.activation.TC_401_CallTypeEnquiryForBillingPostp._closeSR(TC_401_CallTypeEnquiryForBillingPostp.java:20)
... Removed 30 stack frames</pre></div><a href='#' onClick='toggleBox("stack-trace138708980", this, "Click to show all stack frames", "Click to hide stack frames")'>Click to show all stack frames</a>
<div class='stack-trace' id='stack-trace138708980'><pre>java.lang.NullPointerException
	at com.vil.web.library.GenericLib.getColumnIndex(GenericLib.java:140)
	at com.vil.web.tests.postpaid.enquiry.activation.TC_401_CallTypeEnquiryForBillingPostp._closeSR(TC_401_CallTypeEnquiryForBillingPostp.java:20)
	at sun.reflect.NativeMethodAccessorImpl.invoke0(Native Method)
	at sun.reflect.NativeMethodAccessorImpl.invoke(NativeMethodAccessorImpl.java:62)
	at sun.reflect.DelegatingMethodAccessorImpl.invoke(DelegatingMethodAccessorImpl.java:43)
	at java.lang.reflect.Method.invoke(Method.java:498)
	at org.testng.internal.MethodInvocationHelper.invokeMethod(MethodInvocationHelper.java:108)
	at org.testng.internal.Invoker.invokeConfigurationMethod(Invoker.java:523)
	at org.testng.internal.Invoker.invokeConfigurations(Invoker.java:224)
	at org.testng.internal.Invoker.invokeMethod(Invoker.java:599)
	at org.testng.internal.Invoker.invokeTestMethod(Invoker.java:869)
	at org.testng.internal.Invoker.invokeTestMethods(Invoker.java:1193)
	at org.testng.internal.TestMethodWorker.invokeTestMethods(TestMethodWorker.java:126)
	at org.testng.internal.TestMethodWorker.run(TestMethodWorker.java:109)
	at org.testng.TestRunner.privateRun(TestRunner.java:744)
	at org.testng.TestRunner.run(TestRunner.java:602)
	at org.testng.SuiteRunner.runTest(SuiteRunner.java:380)
	at org.testng.SuiteRunner.runSequentially(SuiteRunner.java:375)
	at org.testng.SuiteRunner.privateRun(SuiteRunner.java:340)
	at org.testng.SuiteRunner.run(SuiteRunner.java:289)
	at org.testng.SuiteRunnerWorker.runSuite(SuiteRunnerWorker.java:52)
	at org.testng.SuiteRunnerWorker.run(SuiteRunnerWorker.java:86)
	at org.testng.TestNG.runSuitesSequentially(TestNG.java:1301)
	at org.testng.TestNG.runSuitesLocally(TestNG.java:1226)
	at org.testng.TestNG.runSuites(TestNG.java:1144)
	at org.testng.TestNG.run(TestNG.java:1115)
	at org.apache.maven.surefire.testng.TestNGExecutor.run(TestNGExecutor.java:281)
	at org.apache.maven.surefire.testng.TestNGXmlTestSuite.execute(TestNGXmlTestSuite.java:75)
	at org.apache.maven.surefire.testng.TestNGProvider.invoke(TestNGProvider.java:121)
	at org.apache.maven.surefire.booter.ForkedBooter.invokeProviderInSameClassLoader(ForkedBooter.java:290)
	at org.apache.maven.surefire.booter.ForkedBooter.runSuitesInProcess(ForkedBooter.java:242)
	at org.apache.maven.surefire.booter.ForkedBooter.main(ForkedBooter.java:121)
</pre></div></td>
<td>0</td>
<td>com.vil.web.tests.postpaid.complaint.Test_Automation_075@4cc0edeb</td></tr>
<tr>
<td title='com.vil.web.tests.postpaid.complaint.Test_Automation_076.CreditAndCollectionVerificationIssueComplaint()'><b>CreditAndCollectionVerificationIssueComplaint</b><br>Test class: com.vil.web.tests.postpaid.complaint.Test_Automation_076<br>Test method: CreditAndCollectionVerificationIssueComplaint</td>
<td><div><pre>java.lang.NullPointerException
	at com.vil.web.library.GenericLib.getColumnIndex(GenericLib.java:140)
	at com.vil.web.tests.postpaid.enquiry.activation.TC_401_CallTypeEnquiryForBillingPostp._closeSR(TC_401_CallTypeEnquiryForBillingPostp.java:20)
... Removed 30 stack frames</pre></div><a href='#' onClick='toggleBox("stack-trace1286868539", this, "Click to show all stack frames", "Click to hide stack frames")'>Click to show all stack frames</a>
<div class='stack-trace' id='stack-trace1286868539'><pre>java.lang.NullPointerException
	at com.vil.web.library.GenericLib.getColumnIndex(GenericLib.java:140)
	at com.vil.web.tests.postpaid.enquiry.activation.TC_401_CallTypeEnquiryForBillingPostp._closeSR(TC_401_CallTypeEnquiryForBillingPostp.java:20)
	at sun.reflect.NativeMethodAccessorImpl.invoke0(Native Method)
	at sun.reflect.NativeMethodAccessorImpl.invoke(NativeMethodAccessorImpl.java:62)
	at sun.reflect.DelegatingMethodAccessorImpl.invoke(DelegatingMethodAccessorImpl.java:43)
	at java.lang.reflect.Method.invoke(Method.java:498)
	at org.testng.internal.MethodInvocationHelper.invokeMethod(MethodInvocationHelper.java:108)
	at org.testng.internal.Invoker.invokeConfigurationMethod(Invoker.java:523)
	at org.testng.internal.Invoker.invokeConfigurations(Invoker.java:224)
	at org.testng.internal.Invoker.invokeMethod(Invoker.java:599)
	at org.testng.internal.Invoker.invokeTestMethod(Invoker.java:869)
	at org.testng.internal.Invoker.invokeTestMethods(Invoker.java:1193)
	at org.testng.internal.TestMethodWorker.invokeTestMethods(TestMethodWorker.java:126)
	at org.testng.internal.TestMethodWorker.run(TestMethodWorker.java:109)
	at org.testng.TestRunner.privateRun(TestRunner.java:744)
	at org.testng.TestRunner.run(TestRunner.java:602)
	at org.testng.SuiteRunner.runTest(SuiteRunner.java:380)
	at org.testng.SuiteRunner.runSequentially(SuiteRunner.java:375)
	at org.testng.SuiteRunner.privateRun(SuiteRunner.java:340)
	at org.testng.SuiteRunner.run(SuiteRunner.java:289)
	at org.testng.SuiteRunnerWorker.runSuite(SuiteRunnerWorker.java:52)
	at org.testng.SuiteRunnerWorker.run(SuiteRunnerWorker.java:86)
	at org.testng.TestNG.runSuitesSequentially(TestNG.java:1301)
	at org.testng.TestNG.runSuitesLocally(TestNG.java:1226)
	at org.testng.TestNG.runSuites(TestNG.java:1144)
	at org.testng.TestNG.run(TestNG.java:1115)
	at org.apache.maven.surefire.testng.TestNGExecutor.run(TestNGExecutor.java:281)
	at org.apache.maven.surefire.testng.TestNGXmlTestSuite.execute(TestNGXmlTestSuite.java:75)
	at org.apache.maven.surefire.testng.TestNGProvider.invoke(TestNGProvider.java:121)
	at org.apache.maven.surefire.booter.ForkedBooter.invokeProviderInSameClassLoader(ForkedBooter.java:290)
	at org.apache.maven.surefire.booter.ForkedBooter.runSuitesInProcess(ForkedBooter.java:242)
	at org.apache.maven.surefire.booter.ForkedBooter.main(ForkedBooter.java:121)
</pre></div></td>
<td>0</td>
<td>com.vil.web.tests.postpaid.complaint.Test_Automation_076@457e2f02</td></tr>
<tr>
<td title='com.vil.web.tests.postpaid.complaint.TC_093_FailedInteractionSystemErrorOrDowntimePostp.FailedInteractionSystemErrorOrDowntimePostp()'><b>FailedInteractionSystemErrorOrDowntimePostp</b><br>Test class: com.vil.web.tests.postpaid.complaint.TC_093_FailedInteractionSystemErrorOrDowntimePostp<br>Test method: Network related complaint postpaid using BO user</td>
<td><div><pre>java.lang.NullPointerException
	at com.vil.web.library.GenericLib.getColumnIndex(GenericLib.java:140)
	at com.vil.web.tests.postpaid.enquiry.activation.TC_401_CallTypeEnquiryForBillingPostp._closeSR(TC_401_CallTypeEnquiryForBillingPostp.java:20)
... Removed 30 stack frames</pre></div><a href='#' onClick='toggleBox("stack-trace384752294", this, "Click to show all stack frames", "Click to hide stack frames")'>Click to show all stack frames</a>
<div class='stack-trace' id='stack-trace384752294'><pre>java.lang.NullPointerException
	at com.vil.web.library.GenericLib.getColumnIndex(GenericLib.java:140)
	at com.vil.web.tests.postpaid.enquiry.activation.TC_401_CallTypeEnquiryForBillingPostp._closeSR(TC_401_CallTypeEnquiryForBillingPostp.java:20)
	at sun.reflect.NativeMethodAccessorImpl.invoke0(Native Method)
	at sun.reflect.NativeMethodAccessorImpl.invoke(NativeMethodAccessorImpl.java:62)
	at sun.reflect.DelegatingMethodAccessorImpl.invoke(DelegatingMethodAccessorImpl.java:43)
	at java.lang.reflect.Method.invoke(Method.java:498)
	at org.testng.internal.MethodInvocationHelper.invokeMethod(MethodInvocationHelper.java:108)
	at org.testng.internal.Invoker.invokeConfigurationMethod(Invoker.java:523)
	at org.testng.internal.Invoker.invokeConfigurations(Invoker.java:224)
	at org.testng.internal.Invoker.invokeMethod(Invoker.java:599)
	at org.testng.internal.Invoker.invokeTestMethod(Invoker.java:869)
	at org.testng.internal.Invoker.invokeTestMethods(Invoker.java:1193)
	at org.testng.internal.TestMethodWorker.invokeTestMethods(TestMethodWorker.java:126)
	at org.testng.internal.TestMethodWorker.run(TestMethodWorker.java:109)
	at org.testng.TestRunner.privateRun(TestRunner.java:744)
	at org.testng.TestRunner.run(TestRunner.java:602)
	at org.testng.SuiteRunner.runTest(SuiteRunner.java:380)
	at org.testng.SuiteRunner.runSequentially(SuiteRunner.java:375)
	at org.testng.SuiteRunner.privateRun(SuiteRunner.java:340)
	at org.testng.SuiteRunner.run(SuiteRunner.java:289)
	at org.testng.SuiteRunnerWorker.runSuite(SuiteRunnerWorker.java:52)
	at org.testng.SuiteRunnerWorker.run(SuiteRunnerWorker.java:86)
	at org.testng.TestNG.runSuitesSequentially(TestNG.java:1301)
	at org.testng.TestNG.runSuitesLocally(TestNG.java:1226)
	at org.testng.TestNG.runSuites(TestNG.java:1144)
	at org.testng.TestNG.run(TestNG.java:1115)
	at org.apache.maven.surefire.testng.TestNGExecutor.run(TestNGExecutor.java:281)
	at org.apache.maven.surefire.testng.TestNGXmlTestSuite.execute(TestNGXmlTestSuite.java:75)
	at org.apache.maven.surefire.testng.TestNGProvider.invoke(TestNGProvider.java:121)
	at org.apache.maven.surefire.booter.ForkedBooter.invokeProviderInSameClassLoader(ForkedBooter.java:290)
	at org.apache.maven.surefire.booter.ForkedBooter.runSuitesInProcess(ForkedBooter.java:242)
	at org.apache.maven.surefire.booter.ForkedBooter.main(ForkedBooter.java:121)
</pre></div></td>
<td>0</td>
<td>com.vil.web.tests.postpaid.complaint.TC_093_FailedInteractionSystemErrorOrDowntimePostp@1b604f19</td></tr>
<tr>
<td title='com.vil.web.tests.postpaid.complaint.TC_089_FailedInteractionsSystemMismatchPostp.FailedInteractionsSystemMismatchPostp()'><b>FailedInteractionsSystemMismatchPostp</b><br>Test class: com.vil.web.tests.postpaid.complaint.TC_089_FailedInteractionsSystemMismatchPostp<br>Test method: Network related complaint postpaid using BO user</td>
<td><div><pre>java.lang.NullPointerException
	at com.vil.web.library.GenericLib.getColumnIndex(GenericLib.java:140)
	at com.vil.web.tests.postpaid.enquiry.activation.TC_401_CallTypeEnquiryForBillingPostp._closeSR(TC_401_CallTypeEnquiryForBillingPostp.java:20)
... Removed 30 stack frames</pre></div><a href='#' onClick='toggleBox("stack-trace1001351478", this, "Click to show all stack frames", "Click to hide stack frames")'>Click to show all stack frames</a>
<div class='stack-trace' id='stack-trace1001351478'><pre>java.lang.NullPointerException
	at com.vil.web.library.GenericLib.getColumnIndex(GenericLib.java:140)
	at com.vil.web.tests.postpaid.enquiry.activation.TC_401_CallTypeEnquiryForBillingPostp._closeSR(TC_401_CallTypeEnquiryForBillingPostp.java:20)
	at sun.reflect.NativeMethodAccessorImpl.invoke0(Native Method)
	at sun.reflect.NativeMethodAccessorImpl.invoke(NativeMethodAccessorImpl.java:62)
	at sun.reflect.DelegatingMethodAccessorImpl.invoke(DelegatingMethodAccessorImpl.java:43)
	at java.lang.reflect.Method.invoke(Method.java:498)
	at org.testng.internal.MethodInvocationHelper.invokeMethod(MethodInvocationHelper.java:108)
	at org.testng.internal.Invoker.invokeConfigurationMethod(Invoker.java:523)
	at org.testng.internal.Invoker.invokeConfigurations(Invoker.java:224)
	at org.testng.internal.Invoker.invokeMethod(Invoker.java:599)
	at org.testng.internal.Invoker.invokeTestMethod(Invoker.java:869)
	at org.testng.internal.Invoker.invokeTestMethods(Invoker.java:1193)
	at org.testng.internal.TestMethodWorker.invokeTestMethods(TestMethodWorker.java:126)
	at org.testng.internal.TestMethodWorker.run(TestMethodWorker.java:109)
	at org.testng.TestRunner.privateRun(TestRunner.java:744)
	at org.testng.TestRunner.run(TestRunner.java:602)
	at org.testng.SuiteRunner.runTest(SuiteRunner.java:380)
	at org.testng.SuiteRunner.runSequentially(SuiteRunner.java:375)
	at org.testng.SuiteRunner.privateRun(SuiteRunner.java:340)
	at org.testng.SuiteRunner.run(SuiteRunner.java:289)
	at org.testng.SuiteRunnerWorker.runSuite(SuiteRunnerWorker.java:52)
	at org.testng.SuiteRunnerWorker.run(SuiteRunnerWorker.java:86)
	at org.testng.TestNG.runSuitesSequentially(TestNG.java:1301)
	at org.testng.TestNG.runSuitesLocally(TestNG.java:1226)
	at org.testng.TestNG.runSuites(TestNG.java:1144)
	at org.testng.TestNG.run(TestNG.java:1115)
	at org.apache.maven.surefire.testng.TestNGExecutor.run(TestNGExecutor.java:281)
	at org.apache.maven.surefire.testng.TestNGXmlTestSuite.execute(TestNGXmlTestSuite.java:75)
	at org.apache.maven.surefire.testng.TestNGProvider.invoke(TestNGProvider.java:121)
	at org.apache.maven.surefire.booter.ForkedBooter.invokeProviderInSameClassLoader(ForkedBooter.java:290)
	at org.apache.maven.surefire.booter.ForkedBooter.runSuitesInProcess(ForkedBooter.java:242)
	at org.apache.maven.surefire.booter.ForkedBooter.main(ForkedBooter.java:121)
</pre></div></td>
<td>0</td>
<td>com.vil.web.tests.postpaid.complaint.TC_089_FailedInteractionsSystemMismatchPostp@1593948d</td></tr>
<tr>
<td title='com.vil.web.tests.postpaid.lead.Test_Automation_229.NMNPLeadCreation()'><b>NMNPLeadCreation</b><br>Test class: com.vil.web.tests.postpaid.lead.Test_Automation_229<br>Test method: NMNPLeadCreation</td>
<td><div><pre>java.lang.NullPointerException
	at com.vil.web.library.GenericLib.getColumnIndex(GenericLib.java:140)
	at com.vil.web.tests.postpaid.enquiry.activation.TC_401_CallTypeEnquiryForBillingPostp._closeSR(TC_401_CallTypeEnquiryForBillingPostp.java:20)
... Removed 30 stack frames</pre></div><a href='#' onClick='toggleBox("stack-trace555136651", this, "Click to show all stack frames", "Click to hide stack frames")'>Click to show all stack frames</a>
<div class='stack-trace' id='stack-trace555136651'><pre>java.lang.NullPointerException
	at com.vil.web.library.GenericLib.getColumnIndex(GenericLib.java:140)
	at com.vil.web.tests.postpaid.enquiry.activation.TC_401_CallTypeEnquiryForBillingPostp._closeSR(TC_401_CallTypeEnquiryForBillingPostp.java:20)
	at sun.reflect.NativeMethodAccessorImpl.invoke0(Native Method)
	at sun.reflect.NativeMethodAccessorImpl.invoke(NativeMethodAccessorImpl.java:62)
	at sun.reflect.DelegatingMethodAccessorImpl.invoke(DelegatingMethodAccessorImpl.java:43)
	at java.lang.reflect.Method.invoke(Method.java:498)
	at org.testng.internal.MethodInvocationHelper.invokeMethod(MethodInvocationHelper.java:108)
	at org.testng.internal.Invoker.invokeConfigurationMethod(Invoker.java:523)
	at org.testng.internal.Invoker.invokeConfigurations(Invoker.java:224)
	at org.testng.internal.Invoker.invokeMethod(Invoker.java:599)
	at org.testng.internal.Invoker.invokeTestMethod(Invoker.java:869)
	at org.testng.internal.Invoker.invokeTestMethods(Invoker.java:1193)
	at org.testng.internal.TestMethodWorker.invokeTestMethods(TestMethodWorker.java:126)
	at org.testng.internal.TestMethodWorker.run(TestMethodWorker.java:109)
	at org.testng.TestRunner.privateRun(TestRunner.java:744)
	at org.testng.TestRunner.run(TestRunner.java:602)
	at org.testng.SuiteRunner.runTest(SuiteRunner.java:380)
	at org.testng.SuiteRunner.runSequentially(SuiteRunner.java:375)
	at org.testng.SuiteRunner.privateRun(SuiteRunner.java:340)
	at org.testng.SuiteRunner.run(SuiteRunner.java:289)
	at org.testng.SuiteRunnerWorker.runSuite(SuiteRunnerWorker.java:52)
	at org.testng.SuiteRunnerWorker.run(SuiteRunnerWorker.java:86)
	at org.testng.TestNG.runSuitesSequentially(TestNG.java:1301)
	at org.testng.TestNG.runSuitesLocally(TestNG.java:1226)
	at org.testng.TestNG.runSuites(TestNG.java:1144)
	at org.testng.TestNG.run(TestNG.java:1115)
	at org.apache.maven.surefire.testng.TestNGExecutor.run(TestNGExecutor.java:281)
	at org.apache.maven.surefire.testng.TestNGXmlTestSuite.execute(TestNGXmlTestSuite.java:75)
	at org.apache.maven.surefire.testng.TestNGProvider.invoke(TestNGProvider.java:121)
	at org.apache.maven.surefire.booter.ForkedBooter.invokeProviderInSameClassLoader(ForkedBooter.java:290)
	at org.apache.maven.surefire.booter.ForkedBooter.runSuitesInProcess(ForkedBooter.java:242)
	at org.apache.maven.surefire.booter.ForkedBooter.main(ForkedBooter.java:121)
</pre></div></td>
<td>0</td>
<td>com.vil.web.tests.postpaid.lead.Test_Automation_229@643b1d11</td></tr>
<tr>
<td title='com.vil.web.tests.postpaid.complaint.Test_Automation_083.NetworkDataConfiguration()'><b>NetworkDataConfiguration</b><br>Test class: com.vil.web.tests.postpaid.complaint.Test_Automation_083<br>Test method: NetworkDataConfigurationPostpaidComplaint</td>
<td><div><pre>java.lang.NullPointerException
	at com.vil.web.library.GenericLib.getColumnIndex(GenericLib.java:140)
	at com.vil.web.tests.postpaid.enquiry.activation.TC_401_CallTypeEnquiryForBillingPostp._closeSR(TC_401_CallTypeEnquiryForBillingPostp.java:20)
... Removed 30 stack frames</pre></div><a href='#' onClick='toggleBox("stack-trace501991708", this, "Click to show all stack frames", "Click to hide stack frames")'>Click to show all stack frames</a>
<div class='stack-trace' id='stack-trace501991708'><pre>java.lang.NullPointerException
	at com.vil.web.library.GenericLib.getColumnIndex(GenericLib.java:140)
	at com.vil.web.tests.postpaid.enquiry.activation.TC_401_CallTypeEnquiryForBillingPostp._closeSR(TC_401_CallTypeEnquiryForBillingPostp.java:20)
	at sun.reflect.NativeMethodAccessorImpl.invoke0(Native Method)
	at sun.reflect.NativeMethodAccessorImpl.invoke(NativeMethodAccessorImpl.java:62)
	at sun.reflect.DelegatingMethodAccessorImpl.invoke(DelegatingMethodAccessorImpl.java:43)
	at java.lang.reflect.Method.invoke(Method.java:498)
	at org.testng.internal.MethodInvocationHelper.invokeMethod(MethodInvocationHelper.java:108)
	at org.testng.internal.Invoker.invokeConfigurationMethod(Invoker.java:523)
	at org.testng.internal.Invoker.invokeConfigurations(Invoker.java:224)
	at org.testng.internal.Invoker.invokeMethod(Invoker.java:599)
	at org.testng.internal.Invoker.invokeTestMethod(Invoker.java:869)
	at org.testng.internal.Invoker.invokeTestMethods(Invoker.java:1193)
	at org.testng.internal.TestMethodWorker.invokeTestMethods(TestMethodWorker.java:126)
	at org.testng.internal.TestMethodWorker.run(TestMethodWorker.java:109)
	at org.testng.TestRunner.privateRun(TestRunner.java:744)
	at org.testng.TestRunner.run(TestRunner.java:602)
	at org.testng.SuiteRunner.runTest(SuiteRunner.java:380)
	at org.testng.SuiteRunner.runSequentially(SuiteRunner.java:375)
	at org.testng.SuiteRunner.privateRun(SuiteRunner.java:340)
	at org.testng.SuiteRunner.run(SuiteRunner.java:289)
	at org.testng.SuiteRunnerWorker.runSuite(SuiteRunnerWorker.java:52)
	at org.testng.SuiteRunnerWorker.run(SuiteRunnerWorker.java:86)
	at org.testng.TestNG.runSuitesSequentially(TestNG.java:1301)
	at org.testng.TestNG.runSuitesLocally(TestNG.java:1226)
	at org.testng.TestNG.runSuites(TestNG.java:1144)
	at org.testng.TestNG.run(TestNG.java:1115)
	at org.apache.maven.surefire.testng.TestNGExecutor.run(TestNGExecutor.java:281)
	at org.apache.maven.surefire.testng.TestNGXmlTestSuite.execute(TestNGXmlTestSuite.java:75)
	at org.apache.maven.surefire.testng.TestNGProvider.invoke(TestNGProvider.java:121)
	at org.apache.maven.surefire.booter.ForkedBooter.invokeProviderInSameClassLoader(ForkedBooter.java:290)
	at org.apache.maven.surefire.booter.ForkedBooter.runSuitesInProcess(ForkedBooter.java:242)
	at org.apache.maven.surefire.booter.ForkedBooter.main(ForkedBooter.java:121)
</pre></div></td>
<td>0</td>
<td>com.vil.web.tests.postpaid.complaint.Test_Automation_083@39aeed2f</td></tr>
<tr>
<td title='com.vil.web.tests.postpaid.complaint.Test_Automation_086.NumberOrAccountActivationPostpaidComplaint()'><b>NumberOrAccountActivationPostpaidComplaint</b><br>Test class: com.vil.web.tests.postpaid.complaint.Test_Automation_086<br>Test method: NumberOrAccountActivationPostpaidComplaint</td>
<td><div><pre>java.lang.NullPointerException
	at com.vil.web.library.GenericLib.getColumnIndex(GenericLib.java:140)
	at com.vil.web.tests.postpaid.enquiry.activation.TC_401_CallTypeEnquiryForBillingPostp._closeSR(TC_401_CallTypeEnquiryForBillingPostp.java:20)
... Removed 30 stack frames</pre></div><a href='#' onClick='toggleBox("stack-trace217389263", this, "Click to show all stack frames", "Click to hide stack frames")'>Click to show all stack frames</a>
<div class='stack-trace' id='stack-trace217389263'><pre>java.lang.NullPointerException
	at com.vil.web.library.GenericLib.getColumnIndex(GenericLib.java:140)
	at com.vil.web.tests.postpaid.enquiry.activation.TC_401_CallTypeEnquiryForBillingPostp._closeSR(TC_401_CallTypeEnquiryForBillingPostp.java:20)
	at sun.reflect.NativeMethodAccessorImpl.invoke0(Native Method)
	at sun.reflect.NativeMethodAccessorImpl.invoke(NativeMethodAccessorImpl.java:62)
	at sun.reflect.DelegatingMethodAccessorImpl.invoke(DelegatingMethodAccessorImpl.java:43)
	at java.lang.reflect.Method.invoke(Method.java:498)
	at org.testng.internal.MethodInvocationHelper.invokeMethod(MethodInvocationHelper.java:108)
	at org.testng.internal.Invoker.invokeConfigurationMethod(Invoker.java:523)
	at org.testng.internal.Invoker.invokeConfigurations(Invoker.java:224)
	at org.testng.internal.Invoker.invokeMethod(Invoker.java:599)
	at org.testng.internal.Invoker.invokeTestMethod(Invoker.java:869)
	at org.testng.internal.Invoker.invokeTestMethods(Invoker.java:1193)
	at org.testng.internal.TestMethodWorker.invokeTestMethods(TestMethodWorker.java:126)
	at org.testng.internal.TestMethodWorker.run(TestMethodWorker.java:109)
	at org.testng.TestRunner.privateRun(TestRunner.java:744)
	at org.testng.TestRunner.run(TestRunner.java:602)
	at org.testng.SuiteRunner.runTest(SuiteRunner.java:380)
	at org.testng.SuiteRunner.runSequentially(SuiteRunner.java:375)
	at org.testng.SuiteRunner.privateRun(SuiteRunner.java:340)
	at org.testng.SuiteRunner.run(SuiteRunner.java:289)
	at org.testng.SuiteRunnerWorker.runSuite(SuiteRunnerWorker.java:52)
	at org.testng.SuiteRunnerWorker.run(SuiteRunnerWorker.java:86)
	at org.testng.TestNG.runSuitesSequentially(TestNG.java:1301)
	at org.testng.TestNG.runSuitesLocally(TestNG.java:1226)
	at org.testng.TestNG.runSuites(TestNG.java:1144)
	at org.testng.TestNG.run(TestNG.java:1115)
	at org.apache.maven.surefire.testng.TestNGExecutor.run(TestNGExecutor.java:281)
	at org.apache.maven.surefire.testng.TestNGXmlTestSuite.execute(TestNGXmlTestSuite.java:75)
	at org.apache.maven.surefire.testng.TestNGProvider.invoke(TestNGProvider.java:121)
	at org.apache.maven.surefire.booter.ForkedBooter.invokeProviderInSameClassLoader(ForkedBooter.java:290)
	at org.apache.maven.surefire.booter.ForkedBooter.runSuitesInProcess(ForkedBooter.java:242)
	at org.apache.maven.surefire.booter.ForkedBooter.main(ForkedBooter.java:121)
</pre></div></td>
<td>0</td>
<td>com.vil.web.tests.postpaid.complaint.Test_Automation_086@6767c1fc</td></tr>
<tr>
<td title='com.vil.web.tests.prepaid.complaint.Test_Automation_085.NumberOrAccountActivationPrepaidComplaint()'><b>NumberOrAccountActivationPrepaidComplaint</b><br>Test class: com.vil.web.tests.prepaid.complaint.Test_Automation_085<br>Test method: NumberOrAccountActivationPrepaidCompliants</td>
<td><div><pre>java.lang.NullPointerException
	at com.vil.web.library.GenericLib.getColumnIndex(GenericLib.java:140)
	at com.vil.web.tests.postpaid.enquiry.activation.TC_401_CallTypeEnquiryForBillingPostp._closeSR(TC_401_CallTypeEnquiryForBillingPostp.java:20)
... Removed 30 stack frames</pre></div><a href='#' onClick='toggleBox("stack-trace167550865", this, "Click to show all stack frames", "Click to hide stack frames")'>Click to show all stack frames</a>
<div class='stack-trace' id='stack-trace167550865'><pre>java.lang.NullPointerException
	at com.vil.web.library.GenericLib.getColumnIndex(GenericLib.java:140)
	at com.vil.web.tests.postpaid.enquiry.activation.TC_401_CallTypeEnquiryForBillingPostp._closeSR(TC_401_CallTypeEnquiryForBillingPostp.java:20)
	at sun.reflect.NativeMethodAccessorImpl.invoke0(Native Method)
	at sun.reflect.NativeMethodAccessorImpl.invoke(NativeMethodAccessorImpl.java:62)
	at sun.reflect.DelegatingMethodAccessorImpl.invoke(DelegatingMethodAccessorImpl.java:43)
	at java.lang.reflect.Method.invoke(Method.java:498)
	at org.testng.internal.MethodInvocationHelper.invokeMethod(MethodInvocationHelper.java:108)
	at org.testng.internal.Invoker.invokeConfigurationMethod(Invoker.java:523)
	at org.testng.internal.Invoker.invokeConfigurations(Invoker.java:224)
	at org.testng.internal.Invoker.invokeMethod(Invoker.java:599)
	at org.testng.internal.Invoker.invokeTestMethod(Invoker.java:869)
	at org.testng.internal.Invoker.invokeTestMethods(Invoker.java:1193)
	at org.testng.internal.TestMethodWorker.invokeTestMethods(TestMethodWorker.java:126)
	at org.testng.internal.TestMethodWorker.run(TestMethodWorker.java:109)
	at org.testng.TestRunner.privateRun(TestRunner.java:744)
	at org.testng.TestRunner.run(TestRunner.java:602)
	at org.testng.SuiteRunner.runTest(SuiteRunner.java:380)
	at org.testng.SuiteRunner.runSequentially(SuiteRunner.java:375)
	at org.testng.SuiteRunner.privateRun(SuiteRunner.java:340)
	at org.testng.SuiteRunner.run(SuiteRunner.java:289)
	at org.testng.SuiteRunnerWorker.runSuite(SuiteRunnerWorker.java:52)
	at org.testng.SuiteRunnerWorker.run(SuiteRunnerWorker.java:86)
	at org.testng.TestNG.runSuitesSequentially(TestNG.java:1301)
	at org.testng.TestNG.runSuitesLocally(TestNG.java:1226)
	at org.testng.TestNG.runSuites(TestNG.java:1144)
	at org.testng.TestNG.run(TestNG.java:1115)
	at org.apache.maven.surefire.testng.TestNGExecutor.run(TestNGExecutor.java:281)
	at org.apache.maven.surefire.testng.TestNGXmlTestSuite.execute(TestNGXmlTestSuite.java:75)
	at org.apache.maven.surefire.testng.TestNGProvider.invoke(TestNGProvider.java:121)
	at org.apache.maven.surefire.booter.ForkedBooter.invokeProviderInSameClassLoader(ForkedBooter.java:290)
	at org.apache.maven.surefire.booter.ForkedBooter.runSuitesInProcess(ForkedBooter.java:242)
	at org.apache.maven.surefire.booter.ForkedBooter.main(ForkedBooter.java:121)
</pre></div></td>
<td>0</td>
<td>com.vil.web.tests.prepaid.complaint.Test_Automation_085@4678c730</td></tr>
<tr>
<td title='com.vil.web.tests.postpaid.complaint.TC_247_PcnAlertComplaintsPostpaidNo.PcnAlertComplaintsPostpaidVarification()'><b>PcnAlertComplaintsPostpaidVarification</b><br>Test class: com.vil.web.tests.postpaid.complaint.TC_247_PcnAlertComplaintsPostpaidNo<br>Test method: Pcn or Alert Complaints for resulution No</td>
<td><div><pre>java.lang.NullPointerException
	at com.vil.web.library.GenericLib.getColumnIndex(GenericLib.java:140)
	at com.vil.web.tests.postpaid.complaint.TC_247_PcnAlertComplaintsPostpaidNo._closeSR(TC_247_PcnAlertComplaintsPostpaidNo.java:25)
... Removed 30 stack frames</pre></div><a href='#' onClick='toggleBox("stack-trace665565246", this, "Click to show all stack frames", "Click to hide stack frames")'>Click to show all stack frames</a>
<div class='stack-trace' id='stack-trace665565246'><pre>java.lang.NullPointerException
	at com.vil.web.library.GenericLib.getColumnIndex(GenericLib.java:140)
	at com.vil.web.tests.postpaid.complaint.TC_247_PcnAlertComplaintsPostpaidNo._closeSR(TC_247_PcnAlertComplaintsPostpaidNo.java:25)
	at sun.reflect.NativeMethodAccessorImpl.invoke0(Native Method)
	at sun.reflect.NativeMethodAccessorImpl.invoke(NativeMethodAccessorImpl.java:62)
	at sun.reflect.DelegatingMethodAccessorImpl.invoke(DelegatingMethodAccessorImpl.java:43)
	at java.lang.reflect.Method.invoke(Method.java:498)
	at org.testng.internal.MethodInvocationHelper.invokeMethod(MethodInvocationHelper.java:108)
	at org.testng.internal.Invoker.invokeConfigurationMethod(Invoker.java:523)
	at org.testng.internal.Invoker.invokeConfigurations(Invoker.java:224)
	at org.testng.internal.Invoker.invokeMethod(Invoker.java:599)
	at org.testng.internal.Invoker.invokeTestMethod(Invoker.java:869)
	at org.testng.internal.Invoker.invokeTestMethods(Invoker.java:1193)
	at org.testng.internal.TestMethodWorker.invokeTestMethods(TestMethodWorker.java:126)
	at org.testng.internal.TestMethodWorker.run(TestMethodWorker.java:109)
	at org.testng.TestRunner.privateRun(TestRunner.java:744)
	at org.testng.TestRunner.run(TestRunner.java:602)
	at org.testng.SuiteRunner.runTest(SuiteRunner.java:380)
	at org.testng.SuiteRunner.runSequentially(SuiteRunner.java:375)
	at org.testng.SuiteRunner.privateRun(SuiteRunner.java:340)
	at org.testng.SuiteRunner.run(SuiteRunner.java:289)
	at org.testng.SuiteRunnerWorker.runSuite(SuiteRunnerWorker.java:52)
	at org.testng.SuiteRunnerWorker.run(SuiteRunnerWorker.java:86)
	at org.testng.TestNG.runSuitesSequentially(TestNG.java:1301)
	at org.testng.TestNG.runSuitesLocally(TestNG.java:1226)
	at org.testng.TestNG.runSuites(TestNG.java:1144)
	at org.testng.TestNG.run(TestNG.java:1115)
	at org.apache.maven.surefire.testng.TestNGExecutor.run(TestNGExecutor.java:281)
	at org.apache.maven.surefire.testng.TestNGXmlTestSuite.execute(TestNGXmlTestSuite.java:75)
	at org.apache.maven.surefire.testng.TestNGProvider.invoke(TestNGProvider.java:121)
	at org.apache.maven.surefire.booter.ForkedBooter.invokeProviderInSameClassLoader(ForkedBooter.java:290)
	at org.apache.maven.surefire.booter.ForkedBooter.runSuitesInProcess(ForkedBooter.java:242)
	at org.apache.maven.surefire.booter.ForkedBooter.main(ForkedBooter.java:121)
</pre></div></td>
<td>0</td>
<td>com.vil.web.tests.postpaid.complaint.TC_247_PcnAlertComplaintsPostpaidNo@7f9a81e8</td></tr>
<tr>
<td title='com.vil.web.tests.postpaid.complaint.TC_097_PcnAlertComplaintsPostpaidYes.PcnAlertComplaintsPostpaidVarification()'><b>PcnAlertComplaintsPostpaidVarification</b><br>Test class: com.vil.web.tests.postpaid.complaint.TC_097_PcnAlertComplaintsPostpaidYes<br>Test method: Pcn or Alert Complaints for resulution yes</td>
<td><div><pre>java.lang.NullPointerException
	at com.vil.web.library.GenericLib.getColumnIndex(GenericLib.java:140)
	at com.vil.web.tests.postpaid.enquiry.activation.TC_401_CallTypeEnquiryForBillingPostp._closeSR(TC_401_CallTypeEnquiryForBillingPostp.java:20)
... Removed 30 stack frames</pre></div><a href='#' onClick='toggleBox("stack-trace903716563", this, "Click to show all stack frames", "Click to hide stack frames")'>Click to show all stack frames</a>
<div class='stack-trace' id='stack-trace903716563'><pre>java.lang.NullPointerException
	at com.vil.web.library.GenericLib.getColumnIndex(GenericLib.java:140)
	at com.vil.web.tests.postpaid.enquiry.activation.TC_401_CallTypeEnquiryForBillingPostp._closeSR(TC_401_CallTypeEnquiryForBillingPostp.java:20)
	at sun.reflect.NativeMethodAccessorImpl.invoke0(Native Method)
	at sun.reflect.NativeMethodAccessorImpl.invoke(NativeMethodAccessorImpl.java:62)
	at sun.reflect.DelegatingMethodAccessorImpl.invoke(DelegatingMethodAccessorImpl.java:43)
	at java.lang.reflect.Method.invoke(Method.java:498)
	at org.testng.internal.MethodInvocationHelper.invokeMethod(MethodInvocationHelper.java:108)
	at org.testng.internal.Invoker.invokeConfigurationMethod(Invoker.java:523)
	at org.testng.internal.Invoker.invokeConfigurations(Invoker.java:224)
	at org.testng.internal.Invoker.invokeMethod(Invoker.java:599)
	at org.testng.internal.Invoker.invokeTestMethod(Invoker.java:869)
	at org.testng.internal.Invoker.invokeTestMethods(Invoker.java:1193)
	at org.testng.internal.TestMethodWorker.invokeTestMethods(TestMethodWorker.java:126)
	at org.testng.internal.TestMethodWorker.run(TestMethodWorker.java:109)
	at org.testng.TestRunner.privateRun(TestRunner.java:744)
	at org.testng.TestRunner.run(TestRunner.java:602)
	at org.testng.SuiteRunner.runTest(SuiteRunner.java:380)
	at org.testng.SuiteRunner.runSequentially(SuiteRunner.java:375)
	at org.testng.SuiteRunner.privateRun(SuiteRunner.java:340)
	at org.testng.SuiteRunner.run(SuiteRunner.java:289)
	at org.testng.SuiteRunnerWorker.runSuite(SuiteRunnerWorker.java:52)
	at org.testng.SuiteRunnerWorker.run(SuiteRunnerWorker.java:86)
	at org.testng.TestNG.runSuitesSequentially(TestNG.java:1301)
	at org.testng.TestNG.runSuitesLocally(TestNG.java:1226)
	at org.testng.TestNG.runSuites(TestNG.java:1144)
	at org.testng.TestNG.run(TestNG.java:1115)
	at org.apache.maven.surefire.testng.TestNGExecutor.run(TestNGExecutor.java:281)
	at org.apache.maven.surefire.testng.TestNGXmlTestSuite.execute(TestNGXmlTestSuite.java:75)
	at org.apache.maven.surefire.testng.TestNGProvider.invoke(TestNGProvider.java:121)
	at org.apache.maven.surefire.booter.ForkedBooter.invokeProviderInSameClassLoader(ForkedBooter.java:290)
	at org.apache.maven.surefire.booter.ForkedBooter.runSuitesInProcess(ForkedBooter.java:242)
	at org.apache.maven.surefire.booter.ForkedBooter.main(ForkedBooter.java:121)
</pre></div></td>
<td>0</td>
<td>com.vil.web.tests.postpaid.complaint.TC_097_PcnAlertComplaintsPostpaidYes@5034c75a</td></tr>
<tr>
<td title='com.vil.web.tests.postpaid.complaint.Test_Automation_082.SeperationMergerIssueComplaint()'><b>SeperationMergerIssueComplaint</b><br>Test class: com.vil.web.tests.postpaid.complaint.Test_Automation_082<br>Test method: SeperationMergerIssueComplaint</td>
<td><div><pre>java.lang.NullPointerException
	at com.vil.web.library.GenericLib.getColumnIndex(GenericLib.java:140)
	at com.vil.web.tests.postpaid.enquiry.activation.TC_401_CallTypeEnquiryForBillingPostp._closeSR(TC_401_CallTypeEnquiryForBillingPostp.java:20)
... Removed 30 stack frames</pre></div><a href='#' onClick='toggleBox("stack-trace335466988", this, "Click to show all stack frames", "Click to hide stack frames")'>Click to show all stack frames</a>
<div class='stack-trace' id='stack-trace335466988'><pre>java.lang.NullPointerException
	at com.vil.web.library.GenericLib.getColumnIndex(GenericLib.java:140)
	at com.vil.web.tests.postpaid.enquiry.activation.TC_401_CallTypeEnquiryForBillingPostp._closeSR(TC_401_CallTypeEnquiryForBillingPostp.java:20)
	at sun.reflect.NativeMethodAccessorImpl.invoke0(Native Method)
	at sun.reflect.NativeMethodAccessorImpl.invoke(NativeMethodAccessorImpl.java:62)
	at sun.reflect.DelegatingMethodAccessorImpl.invoke(DelegatingMethodAccessorImpl.java:43)
	at java.lang.reflect.Method.invoke(Method.java:498)
	at org.testng.internal.MethodInvocationHelper.invokeMethod(MethodInvocationHelper.java:108)
	at org.testng.internal.Invoker.invokeConfigurationMethod(Invoker.java:523)
	at org.testng.internal.Invoker.invokeConfigurations(Invoker.java:224)
	at org.testng.internal.Invoker.invokeMethod(Invoker.java:599)
	at org.testng.internal.Invoker.invokeTestMethod(Invoker.java:869)
	at org.testng.internal.Invoker.invokeTestMethods(Invoker.java:1193)
	at org.testng.internal.TestMethodWorker.invokeTestMethods(TestMethodWorker.java:126)
	at org.testng.internal.TestMethodWorker.run(TestMethodWorker.java:109)
	at org.testng.TestRunner.privateRun(TestRunner.java:744)
	at org.testng.TestRunner.run(TestRunner.java:602)
	at org.testng.SuiteRunner.runTest(SuiteRunner.java:380)
	at org.testng.SuiteRunner.runSequentially(SuiteRunner.java:375)
	at org.testng.SuiteRunner.privateRun(SuiteRunner.java:340)
	at org.testng.SuiteRunner.run(SuiteRunner.java:289)
	at org.testng.SuiteRunnerWorker.runSuite(SuiteRunnerWorker.java:52)
	at org.testng.SuiteRunnerWorker.run(SuiteRunnerWorker.java:86)
	at org.testng.TestNG.runSuitesSequentially(TestNG.java:1301)
	at org.testng.TestNG.runSuitesLocally(TestNG.java:1226)
	at org.testng.TestNG.runSuites(TestNG.java:1144)
	at org.testng.TestNG.run(TestNG.java:1115)
	at org.apache.maven.surefire.testng.TestNGExecutor.run(TestNGExecutor.java:281)
	at org.apache.maven.surefire.testng.TestNGXmlTestSuite.execute(TestNGXmlTestSuite.java:75)
	at org.apache.maven.surefire.testng.TestNGProvider.invoke(TestNGProvider.java:121)
	at org.apache.maven.surefire.booter.ForkedBooter.invokeProviderInSameClassLoader(ForkedBooter.java:290)
	at org.apache.maven.surefire.booter.ForkedBooter.runSuitesInProcess(ForkedBooter.java:242)
	at org.apache.maven.surefire.booter.ForkedBooter.main(ForkedBooter.java:121)
</pre></div></td>
<td>0</td>
<td>com.vil.web.tests.postpaid.complaint.Test_Automation_082@5c7fa833</td></tr>
<tr>
<td title='com.vil.web.tests.postpaid.complaint.TC_109_ServicesServiceissueComplaintsLegalPostpaid.ServiceissueComplaintsLegalPostpaidVarification()'><b>ServiceissueComplaintsLegalPostpaidVarification</b><br>Test class: com.vil.web.tests.postpaid.complaint.TC_109_ServicesServiceissueComplaintsLegalPostpaid<br>Test method: Services Serviceissue Complaints Legal</td>
<td><div><pre>org.openqa.selenium.SessionNotCreatedException: session not created exception
from disconnected: received Inspector.detached event
  (Session info: chrome=66.0.3359.117)
  (Driver info: chromedriver=2.36.540470 (e522d04694c7ebea4ba8821272dbef4f9b818c91),platform=Windows NT 10.0.14393 x86_64) (WARNING: The server did not provide any stacktrace information)
Command duration or timeout: 3.09 seconds
Build info: version: &apos;3.11.0&apos;, revision: &apos;e59cfb3&apos;, time: &apos;2018-03-11T20:26:55.152Z&apos;
System info: host: &apos;INPUCZPC00003&apos;, ip: &apos;10.14.129.96&apos;, os.name: &apos;Windows 10&apos;, os.arch: &apos;amd64&apos;, os.version: &apos;10.0&apos;, java.version: &apos;1.8.0_161&apos;
Driver info: driver.version: ChromeDriver
	at org.openqa.selenium.remote.ErrorHandler.createThrowable(ErrorHandler.java:214)
	at org.openqa.selenium.remote.ErrorHandler.throwIfResponseFailed(ErrorHandler.java:166)
	at org.openqa.selenium.remote.JsonWireProtocolResponse.lambda$new$0(JsonWireProtocolResponse.java:53)
	at org.openqa.selenium.remote.JsonWireProtocolResponse.lambda$getResponseFunction$2(JsonWireProtocolResponse.java:91)
	at org.openqa.selenium.remote.ProtocolHandshake.lambda$createSession$0(ProtocolHandshake.java:123)
	at java.util.stream.ReferencePipeline$3$1.accept(ReferencePipeline.java:193)
	at java.util.Spliterators$ArraySpliterator.tryAdvance(Spliterators.java:958)
	at java.util.stream.ReferencePipeline.forEachWithCancel(ReferencePipeline.java:126)
	at java.util.stream.AbstractPipeline.copyIntoWithCancel(AbstractPipeline.java:498)
	at java.util.stream.AbstractPipeline.copyInto(AbstractPipeline.java:485)
	at java.util.stream.AbstractPipeline.wrapAndCopyInto(AbstractPipeline.java:471)
	at java.util.stream.FindOps$FindOp.evaluateSequential(FindOps.java:152)
	at java.util.stream.AbstractPipeline.evaluate(AbstractPipeline.java:234)
	at java.util.stream.ReferencePipeline.findFirst(ReferencePipeline.java:464)
	at org.openqa.selenium.remote.ProtocolHandshake.createSession(ProtocolHandshake.java:126)
	at org.openqa.selenium.remote.ProtocolHandshake.createSession(ProtocolHandshake.java:73)
	at org.openqa.selenium.remote.HttpCommandExecutor.execute(HttpCommandExecutor.java:136)
	at org.openqa.selenium.remote.service.DriverCommandExecutor.execute(DriverCommandExecutor.java:83)
	at org.openqa.selenium.remote.RemoteWebDriver.execute(RemoteWebDriver.java:545)
	at org.openqa.selenium.remote.RemoteWebDriver.startSession(RemoteWebDriver.java:209)
	at org.openqa.selenium.remote.RemoteWebDriver.&lt;init&gt;(RemoteWebDriver.java:132)
	at org.openqa.selenium.chrome.ChromeDriver.&lt;init&gt;(ChromeDriver.java:181)
	at org.openqa.selenium.chrome.ChromeDriver.&lt;init&gt;(ChromeDriver.java:168)
	at org.openqa.selenium.chrome.ChromeDriver.&lt;init&gt;(ChromeDriver.java:123)
	at com.vil.web.library.BaseLib.browserLaunch(BaseLib.java:84)
... Removed 34 stack frames</pre></div><a href='#' onClick='toggleBox("stack-trace1204178174", this, "Click to show all stack frames", "Click to hide stack frames")'>Click to show all stack frames</a>
<div class='stack-trace' id='stack-trace1204178174'><pre>org.openqa.selenium.SessionNotCreatedException: session not created exception
from disconnected: received Inspector.detached event
  (Session info: chrome=66.0.3359.117)
  (Driver info: chromedriver=2.36.540470 (e522d04694c7ebea4ba8821272dbef4f9b818c91),platform=Windows NT 10.0.14393 x86_64) (WARNING: The server did not provide any stacktrace information)
Command duration or timeout: 3.09 seconds
Build info: version: &apos;3.11.0&apos;, revision: &apos;e59cfb3&apos;, time: &apos;2018-03-11T20:26:55.152Z&apos;
System info: host: &apos;INPUCZPC00003&apos;, ip: &apos;10.14.129.96&apos;, os.name: &apos;Windows 10&apos;, os.arch: &apos;amd64&apos;, os.version: &apos;10.0&apos;, java.version: &apos;1.8.0_161&apos;
Driver info: driver.version: ChromeDriver
	at sun.reflect.NativeConstructorAccessorImpl.newInstance0(Native Method)
	at sun.reflect.NativeConstructorAccessorImpl.newInstance(NativeConstructorAccessorImpl.java:62)
	at sun.reflect.DelegatingConstructorAccessorImpl.newInstance(DelegatingConstructorAccessorImpl.java:45)
	at java.lang.reflect.Constructor.newInstance(Constructor.java:423)
	at org.openqa.selenium.remote.ErrorHandler.createThrowable(ErrorHandler.java:214)
	at org.openqa.selenium.remote.ErrorHandler.throwIfResponseFailed(ErrorHandler.java:166)
	at org.openqa.selenium.remote.JsonWireProtocolResponse.lambda$new$0(JsonWireProtocolResponse.java:53)
	at org.openqa.selenium.remote.JsonWireProtocolResponse.lambda$getResponseFunction$2(JsonWireProtocolResponse.java:91)
	at org.openqa.selenium.remote.ProtocolHandshake.lambda$createSession$0(ProtocolHandshake.java:123)
	at java.util.stream.ReferencePipeline$3$1.accept(ReferencePipeline.java:193)
	at java.util.Spliterators$ArraySpliterator.tryAdvance(Spliterators.java:958)
	at java.util.stream.ReferencePipeline.forEachWithCancel(ReferencePipeline.java:126)
	at java.util.stream.AbstractPipeline.copyIntoWithCancel(AbstractPipeline.java:498)
	at java.util.stream.AbstractPipeline.copyInto(AbstractPipeline.java:485)
	at java.util.stream.AbstractPipeline.wrapAndCopyInto(AbstractPipeline.java:471)
	at java.util.stream.FindOps$FindOp.evaluateSequential(FindOps.java:152)
	at java.util.stream.AbstractPipeline.evaluate(AbstractPipeline.java:234)
	at java.util.stream.ReferencePipeline.findFirst(ReferencePipeline.java:464)
	at org.openqa.selenium.remote.ProtocolHandshake.createSession(ProtocolHandshake.java:126)
	at org.openqa.selenium.remote.ProtocolHandshake.createSession(ProtocolHandshake.java:73)
	at org.openqa.selenium.remote.HttpCommandExecutor.execute(HttpCommandExecutor.java:136)
	at org.openqa.selenium.remote.service.DriverCommandExecutor.execute(DriverCommandExecutor.java:83)
	at org.openqa.selenium.remote.RemoteWebDriver.execute(RemoteWebDriver.java:545)
	at org.openqa.selenium.remote.RemoteWebDriver.startSession(RemoteWebDriver.java:209)
	at org.openqa.selenium.remote.RemoteWebDriver.&lt;init&gt;(RemoteWebDriver.java:132)
	at org.openqa.selenium.chrome.ChromeDriver.&lt;init&gt;(ChromeDriver.java:181)
	at org.openqa.selenium.chrome.ChromeDriver.&lt;init&gt;(ChromeDriver.java:168)
	at org.openqa.selenium.chrome.ChromeDriver.&lt;init&gt;(ChromeDriver.java:123)
	at com.vil.web.library.BaseLib.browserLaunch(BaseLib.java:84)
	at sun.reflect.NativeMethodAccessorImpl.invoke0(Native Method)
	at sun.reflect.NativeMethodAccessorImpl.invoke(NativeMethodAccessorImpl.java:62)
	at sun.reflect.DelegatingMethodAccessorImpl.invoke(DelegatingMethodAccessorImpl.java:43)
	at java.lang.reflect.Method.invoke(Method.java:498)
	at org.testng.internal.MethodInvocationHelper.invokeMethod(MethodInvocationHelper.java:108)
	at org.testng.internal.Invoker.invokeConfigurationMethod(Invoker.java:523)
	at org.testng.internal.Invoker.invokeConfigurations(Invoker.java:224)
	at org.testng.internal.Invoker.invokeMethod(Invoker.java:599)
	at org.testng.internal.Invoker.invokeTestMethod(Invoker.java:869)
	at org.testng.internal.Invoker.invokeTestMethods(Invoker.java:1193)
	at org.testng.internal.TestMethodWorker.invokeTestMethods(TestMethodWorker.java:126)
	at org.testng.internal.TestMethodWorker.run(TestMethodWorker.java:109)
	at org.testng.TestRunner.privateRun(TestRunner.java:744)
	at org.testng.TestRunner.run(TestRunner.java:602)
	at org.testng.SuiteRunner.runTest(SuiteRunner.java:380)
	at org.testng.SuiteRunner.runSequentially(SuiteRunner.java:375)
	at org.testng.SuiteRunner.privateRun(SuiteRunner.java:340)
	at org.testng.SuiteRunner.run(SuiteRunner.java:289)
	at org.testng.SuiteRunnerWorker.runSuite(SuiteRunnerWorker.java:52)
	at org.testng.SuiteRunnerWorker.run(SuiteRunnerWorker.java:86)
	at org.testng.TestNG.runSuitesSequentially(TestNG.java:1301)
	at org.testng.TestNG.runSuitesLocally(TestNG.java:1226)
	at org.testng.TestNG.runSuites(TestNG.java:1144)
	at org.testng.TestNG.run(TestNG.java:1115)
	at org.apache.maven.surefire.testng.TestNGExecutor.run(TestNGExecutor.java:281)
	at org.apache.maven.surefire.testng.TestNGXmlTestSuite.execute(TestNGXmlTestSuite.java:75)
	at org.apache.maven.surefire.testng.TestNGProvider.invoke(TestNGProvider.java:121)
	at org.apache.maven.surefire.booter.ForkedBooter.invokeProviderInSameClassLoader(ForkedBooter.java:290)
	at org.apache.maven.surefire.booter.ForkedBooter.runSuitesInProcess(ForkedBooter.java:242)
	at org.apache.maven.surefire.booter.ForkedBooter.main(ForkedBooter.java:121)
</pre></div></td>
<td>0</td>
<td>com.vil.web.tests.postpaid.complaint.TC_109_ServicesServiceissueComplaintsLegalPostpaid@9629756</td></tr>
<tr>
<td title='com.vil.web.tests.postpaid.complaint.TC_095_ServiceissueCustomerFeedbackComplaintsPostpaid.ServiceissueCustomerFeedbackComplaintsVarification()'><b>ServiceissueCustomerFeedbackComplaintsVarification</b><br>Test class: com.vil.web.tests.postpaid.complaint.TC_095_ServiceissueCustomerFeedbackComplaintsPostpaid<br>Test method: Complaints-Services -Service Issue-Customer Feedback_Postpaid</td>
<td><div><pre>java.lang.NullPointerException
	at com.vil.web.library.GenericLib.getColumnIndex(GenericLib.java:140)
	at com.vil.web.tests.postpaid.enquiry.activation.TC_401_CallTypeEnquiryForBillingPostp._closeSR(TC_401_CallTypeEnquiryForBillingPostp.java:20)
... Removed 30 stack frames</pre></div><a href='#' onClick='toggleBox("stack-trace609879567", this, "Click to show all stack frames", "Click to hide stack frames")'>Click to show all stack frames</a>
<div class='stack-trace' id='stack-trace609879567'><pre>java.lang.NullPointerException
	at com.vil.web.library.GenericLib.getColumnIndex(GenericLib.java:140)
	at com.vil.web.tests.postpaid.enquiry.activation.TC_401_CallTypeEnquiryForBillingPostp._closeSR(TC_401_CallTypeEnquiryForBillingPostp.java:20)
	at sun.reflect.NativeMethodAccessorImpl.invoke0(Native Method)
	at sun.reflect.NativeMethodAccessorImpl.invoke(NativeMethodAccessorImpl.java:62)
	at sun.reflect.DelegatingMethodAccessorImpl.invoke(DelegatingMethodAccessorImpl.java:43)
	at java.lang.reflect.Method.invoke(Method.java:498)
	at org.testng.internal.MethodInvocationHelper.invokeMethod(MethodInvocationHelper.java:108)
	at org.testng.internal.Invoker.invokeConfigurationMethod(Invoker.java:523)
	at org.testng.internal.Invoker.invokeConfigurations(Invoker.java:224)
	at org.testng.internal.Invoker.invokeMethod(Invoker.java:599)
	at org.testng.internal.Invoker.invokeTestMethod(Invoker.java:869)
	at org.testng.internal.Invoker.invokeTestMethods(Invoker.java:1193)
	at org.testng.internal.TestMethodWorker.invokeTestMethods(TestMethodWorker.java:126)
	at org.testng.internal.TestMethodWorker.run(TestMethodWorker.java:109)
	at org.testng.TestRunner.privateRun(TestRunner.java:744)
	at org.testng.TestRunner.run(TestRunner.java:602)
	at org.testng.SuiteRunner.runTest(SuiteRunner.java:380)
	at org.testng.SuiteRunner.runSequentially(SuiteRunner.java:375)
	at org.testng.SuiteRunner.privateRun(SuiteRunner.java:340)
	at org.testng.SuiteRunner.run(SuiteRunner.java:289)
	at org.testng.SuiteRunnerWorker.runSuite(SuiteRunnerWorker.java:52)
	at org.testng.SuiteRunnerWorker.run(SuiteRunnerWorker.java:86)
	at org.testng.TestNG.runSuitesSequentially(TestNG.java:1301)
	at org.testng.TestNG.runSuitesLocally(TestNG.java:1226)
	at org.testng.TestNG.runSuites(TestNG.java:1144)
	at org.testng.TestNG.run(TestNG.java:1115)
	at org.apache.maven.surefire.testng.TestNGExecutor.run(TestNGExecutor.java:281)
	at org.apache.maven.surefire.testng.TestNGXmlTestSuite.execute(TestNGXmlTestSuite.java:75)
	at org.apache.maven.surefire.testng.TestNGProvider.invoke(TestNGProvider.java:121)
	at org.apache.maven.surefire.booter.ForkedBooter.invokeProviderInSameClassLoader(ForkedBooter.java:290)
	at org.apache.maven.surefire.booter.ForkedBooter.runSuitesInProcess(ForkedBooter.java:242)
	at org.apache.maven.surefire.booter.ForkedBooter.main(ForkedBooter.java:121)
</pre></div></td>
<td>0</td>
<td>com.vil.web.tests.postpaid.complaint.TC_095_ServiceissueCustomerFeedbackComplaintsPostpaid@62ee68d8</td></tr>
<tr>
<td title='com.vil.web.tests.postpaid.complaint.TC_091_SimReactivationComplaintsPostpaid.SimReactivationComplaintsVarification()'><b>SimReactivationComplaintsVarification</b><br>Test class: com.vil.web.tests.postpaid.complaint.TC_091_SimReactivationComplaintsPostpaid<br>Test method: Complaints-Services -SIM-Reactivation issue_Postpaid</td>
<td><div><pre>java.lang.NullPointerException
	at com.vil.web.library.GenericLib.getColumnIndex(GenericLib.java:140)
	at com.vil.web.tests.postpaid.enquiry.activation.TC_401_CallTypeEnquiryForBillingPostp._closeSR(TC_401_CallTypeEnquiryForBillingPostp.java:20)
... Removed 30 stack frames</pre></div><a href='#' onClick='toggleBox("stack-trace1249337777", this, "Click to show all stack frames", "Click to hide stack frames")'>Click to show all stack frames</a>
<div class='stack-trace' id='stack-trace1249337777'><pre>java.lang.NullPointerException
	at com.vil.web.library.GenericLib.getColumnIndex(GenericLib.java:140)
	at com.vil.web.tests.postpaid.enquiry.activation.TC_401_CallTypeEnquiryForBillingPostp._closeSR(TC_401_CallTypeEnquiryForBillingPostp.java:20)
	at sun.reflect.NativeMethodAccessorImpl.invoke0(Native Method)
	at sun.reflect.NativeMethodAccessorImpl.invoke(NativeMethodAccessorImpl.java:62)
	at sun.reflect.DelegatingMethodAccessorImpl.invoke(DelegatingMethodAccessorImpl.java:43)
	at java.lang.reflect.Method.invoke(Method.java:498)
	at org.testng.internal.MethodInvocationHelper.invokeMethod(MethodInvocationHelper.java:108)
	at org.testng.internal.Invoker.invokeConfigurationMethod(Invoker.java:523)
	at org.testng.internal.Invoker.invokeConfigurations(Invoker.java:224)
	at org.testng.internal.Invoker.invokeMethod(Invoker.java:599)
	at org.testng.internal.Invoker.invokeTestMethod(Invoker.java:869)
	at org.testng.internal.Invoker.invokeTestMethods(Invoker.java:1193)
	at org.testng.internal.TestMethodWorker.invokeTestMethods(TestMethodWorker.java:126)
	at org.testng.internal.TestMethodWorker.run(TestMethodWorker.java:109)
	at org.testng.TestRunner.privateRun(TestRunner.java:744)
	at org.testng.TestRunner.run(TestRunner.java:602)
	at org.testng.SuiteRunner.runTest(SuiteRunner.java:380)
	at org.testng.SuiteRunner.runSequentially(SuiteRunner.java:375)
	at org.testng.SuiteRunner.privateRun(SuiteRunner.java:340)
	at org.testng.SuiteRunner.run(SuiteRunner.java:289)
	at org.testng.SuiteRunnerWorker.runSuite(SuiteRunnerWorker.java:52)
	at org.testng.SuiteRunnerWorker.run(SuiteRunnerWorker.java:86)
	at org.testng.TestNG.runSuitesSequentially(TestNG.java:1301)
	at org.testng.TestNG.runSuitesLocally(TestNG.java:1226)
	at org.testng.TestNG.runSuites(TestNG.java:1144)
	at org.testng.TestNG.run(TestNG.java:1115)
	at org.apache.maven.surefire.testng.TestNGExecutor.run(TestNGExecutor.java:281)
	at org.apache.maven.surefire.testng.TestNGXmlTestSuite.execute(TestNGXmlTestSuite.java:75)
	at org.apache.maven.surefire.testng.TestNGProvider.invoke(TestNGProvider.java:121)
	at org.apache.maven.surefire.booter.ForkedBooter.invokeProviderInSameClassLoader(ForkedBooter.java:290)
	at org.apache.maven.surefire.booter.ForkedBooter.runSuitesInProcess(ForkedBooter.java:242)
	at org.apache.maven.surefire.booter.ForkedBooter.main(ForkedBooter.java:121)
</pre></div></td>
<td>0</td>
<td>com.vil.web.tests.postpaid.complaint.TC_091_SimReactivationComplaintsPostpaid@58651fd0</td></tr>
<tr>
<td title='com.vil.web.tests.prepaid.enquiry.activation.TC_261_PrepaidBalanceAndRechargeEnquiry.balanceAndRechargeEnquiryForPrepaid()'><b>balanceAndRechargeEnquiryForPrepaid</b><br>Test class: com.vil.web.tests.prepaid.enquiry.activation.TC_261_PrepaidBalanceAndRechargeEnquiry<br>Test method: Migrating from prepaid to postpaid</td>
<td><div><pre>java.lang.NullPointerException
	at com.vil.web.library.GenericLib.getColumnIndex(GenericLib.java:140)
	at com.vil.web.tests.postpaid.enquiry.activation.TC_401_CallTypeEnquiryForBillingPostp._closeSR(TC_401_CallTypeEnquiryForBillingPostp.java:20)
... Removed 30 stack frames</pre></div><a href='#' onClick='toggleBox("stack-trace238654703", this, "Click to show all stack frames", "Click to hide stack frames")'>Click to show all stack frames</a>
<div class='stack-trace' id='stack-trace238654703'><pre>java.lang.NullPointerException
	at com.vil.web.library.GenericLib.getColumnIndex(GenericLib.java:140)
	at com.vil.web.tests.postpaid.enquiry.activation.TC_401_CallTypeEnquiryForBillingPostp._closeSR(TC_401_CallTypeEnquiryForBillingPostp.java:20)
	at sun.reflect.NativeMethodAccessorImpl.invoke0(Native Method)
	at sun.reflect.NativeMethodAccessorImpl.invoke(NativeMethodAccessorImpl.java:62)
	at sun.reflect.DelegatingMethodAccessorImpl.invoke(DelegatingMethodAccessorImpl.java:43)
	at java.lang.reflect.Method.invoke(Method.java:498)
	at org.testng.internal.MethodInvocationHelper.invokeMethod(MethodInvocationHelper.java:108)
	at org.testng.internal.Invoker.invokeConfigurationMethod(Invoker.java:523)
	at org.testng.internal.Invoker.invokeConfigurations(Invoker.java:224)
	at org.testng.internal.Invoker.invokeMethod(Invoker.java:599)
	at org.testng.internal.Invoker.invokeTestMethod(Invoker.java:869)
	at org.testng.internal.Invoker.invokeTestMethods(Invoker.java:1193)
	at org.testng.internal.TestMethodWorker.invokeTestMethods(TestMethodWorker.java:126)
	at org.testng.internal.TestMethodWorker.run(TestMethodWorker.java:109)
	at org.testng.TestRunner.privateRun(TestRunner.java:744)
	at org.testng.TestRunner.run(TestRunner.java:602)
	at org.testng.SuiteRunner.runTest(SuiteRunner.java:380)
	at org.testng.SuiteRunner.runSequentially(SuiteRunner.java:375)
	at org.testng.SuiteRunner.privateRun(SuiteRunner.java:340)
	at org.testng.SuiteRunner.run(SuiteRunner.java:289)
	at org.testng.SuiteRunnerWorker.runSuite(SuiteRunnerWorker.java:52)
	at org.testng.SuiteRunnerWorker.run(SuiteRunnerWorker.java:86)
	at org.testng.TestNG.runSuitesSequentially(TestNG.java:1301)
	at org.testng.TestNG.runSuitesLocally(TestNG.java:1226)
	at org.testng.TestNG.runSuites(TestNG.java:1144)
	at org.testng.TestNG.run(TestNG.java:1115)
	at org.apache.maven.surefire.testng.TestNGExecutor.run(TestNGExecutor.java:281)
	at org.apache.maven.surefire.testng.TestNGXmlTestSuite.execute(TestNGXmlTestSuite.java:75)
	at org.apache.maven.surefire.testng.TestNGProvider.invoke(TestNGProvider.java:121)
	at org.apache.maven.surefire.booter.ForkedBooter.invokeProviderInSameClassLoader(ForkedBooter.java:290)
	at org.apache.maven.surefire.booter.ForkedBooter.runSuitesInProcess(ForkedBooter.java:242)
	at org.apache.maven.surefire.booter.ForkedBooter.main(ForkedBooter.java:121)
</pre></div></td>
<td>0</td>
<td>com.vil.web.tests.prepaid.enquiry.activation.TC_261_PrepaidBalanceAndRechargeEnquiry@1753acfe</td></tr>
<tr>
<td title='com.vil.web.tests.prepaid.complaint.TC_110_BalanceRechargeComplaintsPrepaid.balanceRechargeSegmentedComplaintsVarification()'><b>balanceRechargeSegmentedComplaintsVarification</b><br>Test class: com.vil.web.tests.prepaid.complaint.TC_110_BalanceRechargeComplaintsPrepaid<br>Test method: Complaints- Balance & Recharge prepaid</td>
<td><div><pre>java.lang.NullPointerException
	at com.vil.web.library.GenericLib.getColumnIndex(GenericLib.java:140)
	at com.vil.web.tests.postpaid.enquiry.activation.TC_401_CallTypeEnquiryForBillingPostp._closeSR(TC_401_CallTypeEnquiryForBillingPostp.java:20)
... Removed 30 stack frames</pre></div><a href='#' onClick='toggleBox("stack-trace700837405", this, "Click to show all stack frames", "Click to hide stack frames")'>Click to show all stack frames</a>
<div class='stack-trace' id='stack-trace700837405'><pre>java.lang.NullPointerException
	at com.vil.web.library.GenericLib.getColumnIndex(GenericLib.java:140)
	at com.vil.web.tests.postpaid.enquiry.activation.TC_401_CallTypeEnquiryForBillingPostp._closeSR(TC_401_CallTypeEnquiryForBillingPostp.java:20)
	at sun.reflect.NativeMethodAccessorImpl.invoke0(Native Method)
	at sun.reflect.NativeMethodAccessorImpl.invoke(NativeMethodAccessorImpl.java:62)
	at sun.reflect.DelegatingMethodAccessorImpl.invoke(DelegatingMethodAccessorImpl.java:43)
	at java.lang.reflect.Method.invoke(Method.java:498)
	at org.testng.internal.MethodInvocationHelper.invokeMethod(MethodInvocationHelper.java:108)
	at org.testng.internal.Invoker.invokeConfigurationMethod(Invoker.java:523)
	at org.testng.internal.Invoker.invokeConfigurations(Invoker.java:224)
	at org.testng.internal.Invoker.invokeMethod(Invoker.java:599)
	at org.testng.internal.Invoker.invokeTestMethod(Invoker.java:869)
	at org.testng.internal.Invoker.invokeTestMethods(Invoker.java:1193)
	at org.testng.internal.TestMethodWorker.invokeTestMethods(TestMethodWorker.java:126)
	at org.testng.internal.TestMethodWorker.run(TestMethodWorker.java:109)
	at org.testng.TestRunner.privateRun(TestRunner.java:744)
	at org.testng.TestRunner.run(TestRunner.java:602)
	at org.testng.SuiteRunner.runTest(SuiteRunner.java:380)
	at org.testng.SuiteRunner.runSequentially(SuiteRunner.java:375)
	at org.testng.SuiteRunner.privateRun(SuiteRunner.java:340)
	at org.testng.SuiteRunner.run(SuiteRunner.java:289)
	at org.testng.SuiteRunnerWorker.runSuite(SuiteRunnerWorker.java:52)
	at org.testng.SuiteRunnerWorker.run(SuiteRunnerWorker.java:86)
	at org.testng.TestNG.runSuitesSequentially(TestNG.java:1301)
	at org.testng.TestNG.runSuitesLocally(TestNG.java:1226)
	at org.testng.TestNG.runSuites(TestNG.java:1144)
	at org.testng.TestNG.run(TestNG.java:1115)
	at org.apache.maven.surefire.testng.TestNGExecutor.run(TestNGExecutor.java:281)
	at org.apache.maven.surefire.testng.TestNGXmlTestSuite.execute(TestNGXmlTestSuite.java:75)
	at org.apache.maven.surefire.testng.TestNGProvider.invoke(TestNGProvider.java:121)
	at org.apache.maven.surefire.booter.ForkedBooter.invokeProviderInSameClassLoader(ForkedBooter.java:290)
	at org.apache.maven.surefire.booter.ForkedBooter.runSuitesInProcess(ForkedBooter.java:242)
	at org.apache.maven.surefire.booter.ForkedBooter.main(ForkedBooter.java:121)
</pre></div></td>
<td>0</td>
<td>com.vil.web.tests.prepaid.complaint.TC_110_BalanceRechargeComplaintsPrepaid@4520ebad</td></tr>
<tr>
<td title='com.vil.web.tests.prepaid.complaint.TC_111_BalanceRechargeSegmentedComplaintsPrepaid.balanceRechargeSegmentedComplaintsVarification()'><b>balanceRechargeSegmentedComplaintsVarification</b><br>Test class: com.vil.web.tests.prepaid.complaint.TC_111_BalanceRechargeSegmentedComplaintsPrepaid<br>Test method: Complaints- Balance & Recharge Segmented prepaid</td>
<td><div><pre>java.lang.NullPointerException
	at com.vil.web.library.GenericLib.getColumnIndex(GenericLib.java:140)
	at com.vil.web.tests.postpaid.enquiry.activation.TC_401_CallTypeEnquiryForBillingPostp._closeSR(TC_401_CallTypeEnquiryForBillingPostp.java:20)
... Removed 30 stack frames</pre></div><a href='#' onClick='toggleBox("stack-trace350413251", this, "Click to show all stack frames", "Click to hide stack frames")'>Click to show all stack frames</a>
<div class='stack-trace' id='stack-trace350413251'><pre>java.lang.NullPointerException
	at com.vil.web.library.GenericLib.getColumnIndex(GenericLib.java:140)
	at com.vil.web.tests.postpaid.enquiry.activation.TC_401_CallTypeEnquiryForBillingPostp._closeSR(TC_401_CallTypeEnquiryForBillingPostp.java:20)
	at sun.reflect.NativeMethodAccessorImpl.invoke0(Native Method)
	at sun.reflect.NativeMethodAccessorImpl.invoke(NativeMethodAccessorImpl.java:62)
	at sun.reflect.DelegatingMethodAccessorImpl.invoke(DelegatingMethodAccessorImpl.java:43)
	at java.lang.reflect.Method.invoke(Method.java:498)
	at org.testng.internal.MethodInvocationHelper.invokeMethod(MethodInvocationHelper.java:108)
	at org.testng.internal.Invoker.invokeConfigurationMethod(Invoker.java:523)
	at org.testng.internal.Invoker.invokeConfigurations(Invoker.java:224)
	at org.testng.internal.Invoker.invokeMethod(Invoker.java:599)
	at org.testng.internal.Invoker.invokeTestMethod(Invoker.java:869)
	at org.testng.internal.Invoker.invokeTestMethods(Invoker.java:1193)
	at org.testng.internal.TestMethodWorker.invokeTestMethods(TestMethodWorker.java:126)
	at org.testng.internal.TestMethodWorker.run(TestMethodWorker.java:109)
	at org.testng.TestRunner.privateRun(TestRunner.java:744)
	at org.testng.TestRunner.run(TestRunner.java:602)
	at org.testng.SuiteRunner.runTest(SuiteRunner.java:380)
	at org.testng.SuiteRunner.runSequentially(SuiteRunner.java:375)
	at org.testng.SuiteRunner.privateRun(SuiteRunner.java:340)
	at org.testng.SuiteRunner.run(SuiteRunner.java:289)
	at org.testng.SuiteRunnerWorker.runSuite(SuiteRunnerWorker.java:52)
	at org.testng.SuiteRunnerWorker.run(SuiteRunnerWorker.java:86)
	at org.testng.TestNG.runSuitesSequentially(TestNG.java:1301)
	at org.testng.TestNG.runSuitesLocally(TestNG.java:1226)
	at org.testng.TestNG.runSuites(TestNG.java:1144)
	at org.testng.TestNG.run(TestNG.java:1115)
	at org.apache.maven.surefire.testng.TestNGExecutor.run(TestNGExecutor.java:281)
	at org.apache.maven.surefire.testng.TestNGXmlTestSuite.execute(TestNGXmlTestSuite.java:75)
	at org.apache.maven.surefire.testng.TestNGProvider.invoke(TestNGProvider.java:121)
	at org.apache.maven.surefire.booter.ForkedBooter.invokeProviderInSameClassLoader(ForkedBooter.java:290)
	at org.apache.maven.surefire.booter.ForkedBooter.runSuitesInProcess(ForkedBooter.java:242)
	at org.apache.maven.surefire.booter.ForkedBooter.main(ForkedBooter.java:121)
</pre></div></td>
<td>0</td>
<td>com.vil.web.tests.prepaid.complaint.TC_111_BalanceRechargeSegmentedComplaintsPrepaid@5419f379</td></tr>
<tr>
<td title='com.vil.web.tests.postpaid.complaint.TC_072_BillingAndPaymentComplaintPostpaid.balanceTransferIssue()'><b>balanceTransferIssue</b><br>Test class: com.vil.web.tests.postpaid.complaint.TC_072_BillingAndPaymentComplaintPostpaid<br>Test method: Network related complaint postpaid using BO user</td>
<td><div><pre>java.lang.NullPointerException
	at com.vil.web.library.GenericLib.getColumnIndex(GenericLib.java:140)
	at com.vil.web.tests.postpaid.enquiry.activation.TC_401_CallTypeEnquiryForBillingPostp._closeSR(TC_401_CallTypeEnquiryForBillingPostp.java:20)
... Removed 30 stack frames</pre></div><a href='#' onClick='toggleBox("stack-trace1858493278", this, "Click to show all stack frames", "Click to hide stack frames")'>Click to show all stack frames</a>
<div class='stack-trace' id='stack-trace1858493278'><pre>java.lang.NullPointerException
	at com.vil.web.library.GenericLib.getColumnIndex(GenericLib.java:140)
	at com.vil.web.tests.postpaid.enquiry.activation.TC_401_CallTypeEnquiryForBillingPostp._closeSR(TC_401_CallTypeEnquiryForBillingPostp.java:20)
	at sun.reflect.NativeMethodAccessorImpl.invoke0(Native Method)
	at sun.reflect.NativeMethodAccessorImpl.invoke(NativeMethodAccessorImpl.java:62)
	at sun.reflect.DelegatingMethodAccessorImpl.invoke(DelegatingMethodAccessorImpl.java:43)
	at java.lang.reflect.Method.invoke(Method.java:498)
	at org.testng.internal.MethodInvocationHelper.invokeMethod(MethodInvocationHelper.java:108)
	at org.testng.internal.Invoker.invokeConfigurationMethod(Invoker.java:523)
	at org.testng.internal.Invoker.invokeConfigurations(Invoker.java:224)
	at org.testng.internal.Invoker.invokeMethod(Invoker.java:599)
	at org.testng.internal.Invoker.invokeTestMethod(Invoker.java:869)
	at org.testng.internal.Invoker.invokeTestMethods(Invoker.java:1193)
	at org.testng.internal.TestMethodWorker.invokeTestMethods(TestMethodWorker.java:126)
	at org.testng.internal.TestMethodWorker.run(TestMethodWorker.java:109)
	at org.testng.TestRunner.privateRun(TestRunner.java:744)
	at org.testng.TestRunner.run(TestRunner.java:602)
	at org.testng.SuiteRunner.runTest(SuiteRunner.java:380)
	at org.testng.SuiteRunner.runSequentially(SuiteRunner.java:375)
	at org.testng.SuiteRunner.privateRun(SuiteRunner.java:340)
	at org.testng.SuiteRunner.run(SuiteRunner.java:289)
	at org.testng.SuiteRunnerWorker.runSuite(SuiteRunnerWorker.java:52)
	at org.testng.SuiteRunnerWorker.run(SuiteRunnerWorker.java:86)
	at org.testng.TestNG.runSuitesSequentially(TestNG.java:1301)
	at org.testng.TestNG.runSuitesLocally(TestNG.java:1226)
	at org.testng.TestNG.runSuites(TestNG.java:1144)
	at org.testng.TestNG.run(TestNG.java:1115)
	at org.apache.maven.surefire.testng.TestNGExecutor.run(TestNGExecutor.java:281)
	at org.apache.maven.surefire.testng.TestNGXmlTestSuite.execute(TestNGXmlTestSuite.java:75)
	at org.apache.maven.surefire.testng.TestNGProvider.invoke(TestNGProvider.java:121)
	at org.apache.maven.surefire.booter.ForkedBooter.invokeProviderInSameClassLoader(ForkedBooter.java:290)
	at org.apache.maven.surefire.booter.ForkedBooter.runSuitesInProcess(ForkedBooter.java:242)
	at org.apache.maven.surefire.booter.ForkedBooter.main(ForkedBooter.java:121)
</pre></div></td>
<td>0</td>
<td>com.vil.web.tests.postpaid.complaint.TC_072_BillingAndPaymentComplaintPostpaid@28feb3fa</td></tr>
<tr>
<td title='com.vil.web.tests.postpaid.complaint.TC_074_BillingAndPaymentWaiversAndAdjustmentsPostp.billingAndPaymentWaiversAndAdjustmentsPostp()'><b>billingAndPaymentWaiversAndAdjustmentsPostp</b><br>Test class: com.vil.web.tests.postpaid.complaint.TC_074_BillingAndPaymentWaiversAndAdjustmentsPostp<br>Test method: Network related complaint postpaid using BO user</td>
<td><div><pre>java.lang.NullPointerException
	at com.vil.web.library.GenericLib.getColumnIndex(GenericLib.java:140)
	at com.vil.web.tests.postpaid.enquiry.activation.TC_401_CallTypeEnquiryForBillingPostp._closeSR(TC_401_CallTypeEnquiryForBillingPostp.java:20)
... Removed 30 stack frames</pre></div><a href='#' onClick='toggleBox("stack-trace390374517", this, "Click to show all stack frames", "Click to hide stack frames")'>Click to show all stack frames</a>
<div class='stack-trace' id='stack-trace390374517'><pre>java.lang.NullPointerException
	at com.vil.web.library.GenericLib.getColumnIndex(GenericLib.java:140)
	at com.vil.web.tests.postpaid.enquiry.activation.TC_401_CallTypeEnquiryForBillingPostp._closeSR(TC_401_CallTypeEnquiryForBillingPostp.java:20)
	at sun.reflect.NativeMethodAccessorImpl.invoke0(Native Method)
	at sun.reflect.NativeMethodAccessorImpl.invoke(NativeMethodAccessorImpl.java:62)
	at sun.reflect.DelegatingMethodAccessorImpl.invoke(DelegatingMethodAccessorImpl.java:43)
	at java.lang.reflect.Method.invoke(Method.java:498)
	at org.testng.internal.MethodInvocationHelper.invokeMethod(MethodInvocationHelper.java:108)
	at org.testng.internal.Invoker.invokeConfigurationMethod(Invoker.java:523)
	at org.testng.internal.Invoker.invokeConfigurations(Invoker.java:224)
	at org.testng.internal.Invoker.invokeMethod(Invoker.java:599)
	at org.testng.internal.Invoker.invokeTestMethod(Invoker.java:869)
	at org.testng.internal.Invoker.invokeTestMethods(Invoker.java:1193)
	at org.testng.internal.TestMethodWorker.invokeTestMethods(TestMethodWorker.java:126)
	at org.testng.internal.TestMethodWorker.run(TestMethodWorker.java:109)
	at org.testng.TestRunner.privateRun(TestRunner.java:744)
	at org.testng.TestRunner.run(TestRunner.java:602)
	at org.testng.SuiteRunner.runTest(SuiteRunner.java:380)
	at org.testng.SuiteRunner.runSequentially(SuiteRunner.java:375)
	at org.testng.SuiteRunner.privateRun(SuiteRunner.java:340)
	at org.testng.SuiteRunner.run(SuiteRunner.java:289)
	at org.testng.SuiteRunnerWorker.runSuite(SuiteRunnerWorker.java:52)
	at org.testng.SuiteRunnerWorker.run(SuiteRunnerWorker.java:86)
	at org.testng.TestNG.runSuitesSequentially(TestNG.java:1301)
	at org.testng.TestNG.runSuitesLocally(TestNG.java:1226)
	at org.testng.TestNG.runSuites(TestNG.java:1144)
	at org.testng.TestNG.run(TestNG.java:1115)
	at org.apache.maven.surefire.testng.TestNGExecutor.run(TestNGExecutor.java:281)
	at org.apache.maven.surefire.testng.TestNGXmlTestSuite.execute(TestNGXmlTestSuite.java:75)
	at org.apache.maven.surefire.testng.TestNGProvider.invoke(TestNGProvider.java:121)
	at org.apache.maven.surefire.booter.ForkedBooter.invokeProviderInSameClassLoader(ForkedBooter.java:290)
	at org.apache.maven.surefire.booter.ForkedBooter.runSuitesInProcess(ForkedBooter.java:242)
	at org.apache.maven.surefire.booter.ForkedBooter.main(ForkedBooter.java:121)
</pre></div></td>
<td>0</td>
<td>com.vil.web.tests.postpaid.complaint.TC_074_BillingAndPaymentWaiversAndAdjustmentsPostp@51565ec2</td></tr>
<tr>
<td title='com.vil.web.tests.postpaid.complaint.TC_073_BillingAndPaymentCompGSTPostp.billingComplaintPostpaidGST()'><b>billingComplaintPostpaidGST</b><br>Test class: com.vil.web.tests.postpaid.complaint.TC_073_BillingAndPaymentCompGSTPostp<br>Test method: Network related complaint postpaid using BO user</td>
<td><div><pre>java.lang.NullPointerException
	at com.vil.web.library.GenericLib.getColumnIndex(GenericLib.java:140)
	at com.vil.web.tests.postpaid.enquiry.activation.TC_401_CallTypeEnquiryForBillingPostp._closeSR(TC_401_CallTypeEnquiryForBillingPostp.java:20)
... Removed 30 stack frames</pre></div><a href='#' onClick='toggleBox("stack-trace1505964934", this, "Click to show all stack frames", "Click to hide stack frames")'>Click to show all stack frames</a>
<div class='stack-trace' id='stack-trace1505964934'><pre>java.lang.NullPointerException
	at com.vil.web.library.GenericLib.getColumnIndex(GenericLib.java:140)
	at com.vil.web.tests.postpaid.enquiry.activation.TC_401_CallTypeEnquiryForBillingPostp._closeSR(TC_401_CallTypeEnquiryForBillingPostp.java:20)
	at sun.reflect.NativeMethodAccessorImpl.invoke0(Native Method)
	at sun.reflect.NativeMethodAccessorImpl.invoke(NativeMethodAccessorImpl.java:62)
	at sun.reflect.DelegatingMethodAccessorImpl.invoke(DelegatingMethodAccessorImpl.java:43)
	at java.lang.reflect.Method.invoke(Method.java:498)
	at org.testng.internal.MethodInvocationHelper.invokeMethod(MethodInvocationHelper.java:108)
	at org.testng.internal.Invoker.invokeConfigurationMethod(Invoker.java:523)
	at org.testng.internal.Invoker.invokeConfigurations(Invoker.java:224)
	at org.testng.internal.Invoker.invokeMethod(Invoker.java:599)
	at org.testng.internal.Invoker.invokeTestMethod(Invoker.java:869)
	at org.testng.internal.Invoker.invokeTestMethods(Invoker.java:1193)
	at org.testng.internal.TestMethodWorker.invokeTestMethods(TestMethodWorker.java:126)
	at org.testng.internal.TestMethodWorker.run(TestMethodWorker.java:109)
	at org.testng.TestRunner.privateRun(TestRunner.java:744)
	at org.testng.TestRunner.run(TestRunner.java:602)
	at org.testng.SuiteRunner.runTest(SuiteRunner.java:380)
	at org.testng.SuiteRunner.runSequentially(SuiteRunner.java:375)
	at org.testng.SuiteRunner.privateRun(SuiteRunner.java:340)
	at org.testng.SuiteRunner.run(SuiteRunner.java:289)
	at org.testng.SuiteRunnerWorker.runSuite(SuiteRunnerWorker.java:52)
	at org.testng.SuiteRunnerWorker.run(SuiteRunnerWorker.java:86)
	at org.testng.TestNG.runSuitesSequentially(TestNG.java:1301)
	at org.testng.TestNG.runSuitesLocally(TestNG.java:1226)
	at org.testng.TestNG.runSuites(TestNG.java:1144)
	at org.testng.TestNG.run(TestNG.java:1115)
	at org.apache.maven.surefire.testng.TestNGExecutor.run(TestNGExecutor.java:281)
	at org.apache.maven.surefire.testng.TestNGXmlTestSuite.execute(TestNGXmlTestSuite.java:75)
	at org.apache.maven.surefire.testng.TestNGProvider.invoke(TestNGProvider.java:121)
	at org.apache.maven.surefire.booter.ForkedBooter.invokeProviderInSameClassLoader(ForkedBooter.java:290)
	at org.apache.maven.surefire.booter.ForkedBooter.runSuitesInProcess(ForkedBooter.java:242)
	at org.apache.maven.surefire.booter.ForkedBooter.main(ForkedBooter.java:121)
</pre></div></td>
<td>0</td>
<td>com.vil.web.tests.postpaid.complaint.TC_073_BillingAndPaymentCompGSTPostp@675d3402</td></tr>
<tr>
<td title='com.vil.web.tests.postpaid.complaint.TC_071_BillingAndPaymentdueToDonorOperator.billingComplaintPostpaidPaymentdueToDonorOperator()'><b>billingComplaintPostpaidPaymentdueToDonorOperator</b><br>Test class: com.vil.web.tests.postpaid.complaint.TC_071_BillingAndPaymentdueToDonorOperator<br>Test method: Network related complaint postpaid using BO user</td>
<td><div><pre>java.lang.NullPointerException
	at com.vil.web.library.GenericLib.getColumnIndex(GenericLib.java:140)
	at com.vil.web.tests.postpaid.enquiry.activation.TC_401_CallTypeEnquiryForBillingPostp._closeSR(TC_401_CallTypeEnquiryForBillingPostp.java:20)
... Removed 30 stack frames</pre></div><a href='#' onClick='toggleBox("stack-trace909786389", this, "Click to show all stack frames", "Click to hide stack frames")'>Click to show all stack frames</a>
<div class='stack-trace' id='stack-trace909786389'><pre>java.lang.NullPointerException
	at com.vil.web.library.GenericLib.getColumnIndex(GenericLib.java:140)
	at com.vil.web.tests.postpaid.enquiry.activation.TC_401_CallTypeEnquiryForBillingPostp._closeSR(TC_401_CallTypeEnquiryForBillingPostp.java:20)
	at sun.reflect.NativeMethodAccessorImpl.invoke0(Native Method)
	at sun.reflect.NativeMethodAccessorImpl.invoke(NativeMethodAccessorImpl.java:62)
	at sun.reflect.DelegatingMethodAccessorImpl.invoke(DelegatingMethodAccessorImpl.java:43)
	at java.lang.reflect.Method.invoke(Method.java:498)
	at org.testng.internal.MethodInvocationHelper.invokeMethod(MethodInvocationHelper.java:108)
	at org.testng.internal.Invoker.invokeConfigurationMethod(Invoker.java:523)
	at org.testng.internal.Invoker.invokeConfigurations(Invoker.java:224)
	at org.testng.internal.Invoker.invokeMethod(Invoker.java:599)
	at org.testng.internal.Invoker.invokeTestMethod(Invoker.java:869)
	at org.testng.internal.Invoker.invokeTestMethods(Invoker.java:1193)
	at org.testng.internal.TestMethodWorker.invokeTestMethods(TestMethodWorker.java:126)
	at org.testng.internal.TestMethodWorker.run(TestMethodWorker.java:109)
	at org.testng.TestRunner.privateRun(TestRunner.java:744)
	at org.testng.TestRunner.run(TestRunner.java:602)
	at org.testng.SuiteRunner.runTest(SuiteRunner.java:380)
	at org.testng.SuiteRunner.runSequentially(SuiteRunner.java:375)
	at org.testng.SuiteRunner.privateRun(SuiteRunner.java:340)
	at org.testng.SuiteRunner.run(SuiteRunner.java:289)
	at org.testng.SuiteRunnerWorker.runSuite(SuiteRunnerWorker.java:52)
	at org.testng.SuiteRunnerWorker.run(SuiteRunnerWorker.java:86)
	at org.testng.TestNG.runSuitesSequentially(TestNG.java:1301)
	at org.testng.TestNG.runSuitesLocally(TestNG.java:1226)
	at org.testng.TestNG.runSuites(TestNG.java:1144)
	at org.testng.TestNG.run(TestNG.java:1115)
	at org.apache.maven.surefire.testng.TestNGExecutor.run(TestNGExecutor.java:281)
	at org.apache.maven.surefire.testng.TestNGXmlTestSuite.execute(TestNGXmlTestSuite.java:75)
	at org.apache.maven.surefire.testng.TestNGProvider.invoke(TestNGProvider.java:121)
	at org.apache.maven.surefire.booter.ForkedBooter.invokeProviderInSameClassLoader(ForkedBooter.java:290)
	at org.apache.maven.surefire.booter.ForkedBooter.runSuitesInProcess(ForkedBooter.java:242)
	at org.apache.maven.surefire.booter.ForkedBooter.main(ForkedBooter.java:121)
</pre></div></td>
<td>0</td>
<td>com.vil.web.tests.postpaid.complaint.TC_071_BillingAndPaymentdueToDonorOperator@20e2cbe0</td></tr>
<tr>
<td title='com.vil.web.tests.postpaid.complaint.TC_069_BillingAndPaymentCompPostpforDepositIssue.billingComplaintPostpforDepositIssue()'><b>billingComplaintPostpforDepositIssue</b><br>Test class: com.vil.web.tests.postpaid.complaint.TC_069_BillingAndPaymentCompPostpforDepositIssue<br>Test method: Network related complaint postpaid using BO user</td>
<td><div><pre>java.lang.NullPointerException
	at com.vil.web.library.GenericLib.getColumnIndex(GenericLib.java:140)
	at com.vil.web.tests.postpaid.enquiry.activation.TC_401_CallTypeEnquiryForBillingPostp._closeSR(TC_401_CallTypeEnquiryForBillingPostp.java:20)
... Removed 30 stack frames</pre></div><a href='#' onClick='toggleBox("stack-trace987805552", this, "Click to show all stack frames", "Click to hide stack frames")'>Click to show all stack frames</a>
<div class='stack-trace' id='stack-trace987805552'><pre>java.lang.NullPointerException
	at com.vil.web.library.GenericLib.getColumnIndex(GenericLib.java:140)
	at com.vil.web.tests.postpaid.enquiry.activation.TC_401_CallTypeEnquiryForBillingPostp._closeSR(TC_401_CallTypeEnquiryForBillingPostp.java:20)
	at sun.reflect.NativeMethodAccessorImpl.invoke0(Native Method)
	at sun.reflect.NativeMethodAccessorImpl.invoke(NativeMethodAccessorImpl.java:62)
	at sun.reflect.DelegatingMethodAccessorImpl.invoke(DelegatingMethodAccessorImpl.java:43)
	at java.lang.reflect.Method.invoke(Method.java:498)
	at org.testng.internal.MethodInvocationHelper.invokeMethod(MethodInvocationHelper.java:108)
	at org.testng.internal.Invoker.invokeConfigurationMethod(Invoker.java:523)
	at org.testng.internal.Invoker.invokeConfigurations(Invoker.java:224)
	at org.testng.internal.Invoker.invokeMethod(Invoker.java:599)
	at org.testng.internal.Invoker.invokeTestMethod(Invoker.java:869)
	at org.testng.internal.Invoker.invokeTestMethods(Invoker.java:1193)
	at org.testng.internal.TestMethodWorker.invokeTestMethods(TestMethodWorker.java:126)
	at org.testng.internal.TestMethodWorker.run(TestMethodWorker.java:109)
	at org.testng.TestRunner.privateRun(TestRunner.java:744)
	at org.testng.TestRunner.run(TestRunner.java:602)
	at org.testng.SuiteRunner.runTest(SuiteRunner.java:380)
	at org.testng.SuiteRunner.runSequentially(SuiteRunner.java:375)
	at org.testng.SuiteRunner.privateRun(SuiteRunner.java:340)
	at org.testng.SuiteRunner.run(SuiteRunner.java:289)
	at org.testng.SuiteRunnerWorker.runSuite(SuiteRunnerWorker.java:52)
	at org.testng.SuiteRunnerWorker.run(SuiteRunnerWorker.java:86)
	at org.testng.TestNG.runSuitesSequentially(TestNG.java:1301)
	at org.testng.TestNG.runSuitesLocally(TestNG.java:1226)
	at org.testng.TestNG.runSuites(TestNG.java:1144)
	at org.testng.TestNG.run(TestNG.java:1115)
	at org.apache.maven.surefire.testng.TestNGExecutor.run(TestNGExecutor.java:281)
	at org.apache.maven.surefire.testng.TestNGXmlTestSuite.execute(TestNGXmlTestSuite.java:75)
	at org.apache.maven.surefire.testng.TestNGProvider.invoke(TestNGProvider.java:121)
	at org.apache.maven.surefire.booter.ForkedBooter.invokeProviderInSameClassLoader(ForkedBooter.java:290)
	at org.apache.maven.surefire.booter.ForkedBooter.runSuitesInProcess(ForkedBooter.java:242)
	at org.apache.maven.surefire.booter.ForkedBooter.main(ForkedBooter.java:121)
</pre></div></td>
<td>0</td>
<td>com.vil.web.tests.postpaid.complaint.TC_069_BillingAndPaymentCompPostpforDepositIssue@68be2bc2</td></tr>
<tr>
<td title='com.vil.web.tests.postpaid.complaint.TC_113_BillingPaymentUpdateComplaintsPostpaid.billingPaymentUpdatePostpaidVarification()'><b>billingPaymentUpdatePostpaidVarification</b><br>Test class: com.vil.web.tests.postpaid.complaint.TC_113_BillingPaymentUpdateComplaintsPostpaid<br>Test method: Billing Payment Update Complaints Postpaid</td>
<td><div><pre>java.lang.NullPointerException
	at com.vil.web.library.GenericLib.getColumnIndex(GenericLib.java:140)
	at com.vil.web.tests.postpaid.enquiry.activation.TC_401_CallTypeEnquiryForBillingPostp._closeSR(TC_401_CallTypeEnquiryForBillingPostp.java:20)
... Removed 30 stack frames</pre></div><a href='#' onClick='toggleBox("stack-trace153443333", this, "Click to show all stack frames", "Click to hide stack frames")'>Click to show all stack frames</a>
<div class='stack-trace' id='stack-trace153443333'><pre>java.lang.NullPointerException
	at com.vil.web.library.GenericLib.getColumnIndex(GenericLib.java:140)
	at com.vil.web.tests.postpaid.enquiry.activation.TC_401_CallTypeEnquiryForBillingPostp._closeSR(TC_401_CallTypeEnquiryForBillingPostp.java:20)
	at sun.reflect.NativeMethodAccessorImpl.invoke0(Native Method)
	at sun.reflect.NativeMethodAccessorImpl.invoke(NativeMethodAccessorImpl.java:62)
	at sun.reflect.DelegatingMethodAccessorImpl.invoke(DelegatingMethodAccessorImpl.java:43)
	at java.lang.reflect.Method.invoke(Method.java:498)
	at org.testng.internal.MethodInvocationHelper.invokeMethod(MethodInvocationHelper.java:108)
	at org.testng.internal.Invoker.invokeConfigurationMethod(Invoker.java:523)
	at org.testng.internal.Invoker.invokeConfigurations(Invoker.java:224)
	at org.testng.internal.Invoker.invokeMethod(Invoker.java:599)
	at org.testng.internal.Invoker.invokeTestMethod(Invoker.java:869)
	at org.testng.internal.Invoker.invokeTestMethods(Invoker.java:1193)
	at org.testng.internal.TestMethodWorker.invokeTestMethods(TestMethodWorker.java:126)
	at org.testng.internal.TestMethodWorker.run(TestMethodWorker.java:109)
	at org.testng.TestRunner.privateRun(TestRunner.java:744)
	at org.testng.TestRunner.run(TestRunner.java:602)
	at org.testng.SuiteRunner.runTest(SuiteRunner.java:380)
	at org.testng.SuiteRunner.runSequentially(SuiteRunner.java:375)
	at org.testng.SuiteRunner.privateRun(SuiteRunner.java:340)
	at org.testng.SuiteRunner.run(SuiteRunner.java:289)
	at org.testng.SuiteRunnerWorker.runSuite(SuiteRunnerWorker.java:52)
	at org.testng.SuiteRunnerWorker.run(SuiteRunnerWorker.java:86)
	at org.testng.TestNG.runSuitesSequentially(TestNG.java:1301)
	at org.testng.TestNG.runSuitesLocally(TestNG.java:1226)
	at org.testng.TestNG.runSuites(TestNG.java:1144)
	at org.testng.TestNG.run(TestNG.java:1115)
	at org.apache.maven.surefire.testng.TestNGExecutor.run(TestNGExecutor.java:281)
	at org.apache.maven.surefire.testng.TestNGXmlTestSuite.execute(TestNGXmlTestSuite.java:75)
	at org.apache.maven.surefire.testng.TestNGProvider.invoke(TestNGProvider.java:121)
	at org.apache.maven.surefire.booter.ForkedBooter.invokeProviderInSameClassLoader(ForkedBooter.java:290)
	at org.apache.maven.surefire.booter.ForkedBooter.runSuitesInProcess(ForkedBooter.java:242)
	at org.apache.maven.surefire.booter.ForkedBooter.main(ForkedBooter.java:121)
</pre></div></td>
<td>0</td>
<td>com.vil.web.tests.postpaid.complaint.TC_113_BillingPaymentUpdateComplaintsPostpaid@7dc7cbad</td></tr>
<tr>
<td title='com.vil.web.tests.postpaid.complaint.TC_092_DeviceRelatedComplaintsPostpaid.deviceRelatedComplaintsVarification()'><b>deviceRelatedComplaintsVarification</b><br>Test class: com.vil.web.tests.postpaid.complaint.TC_092_DeviceRelatedComplaintsPostpaid<br>Test method: Complaints-Services Service Issue Device Related Postpaid</td>
<td><div><pre>java.lang.NullPointerException
	at com.vil.web.library.GenericLib.getColumnIndex(GenericLib.java:140)
	at com.vil.web.tests.postpaid.enquiry.activation.TC_401_CallTypeEnquiryForBillingPostp._closeSR(TC_401_CallTypeEnquiryForBillingPostp.java:20)
... Removed 30 stack frames</pre></div><a href='#' onClick='toggleBox("stack-trace1039759545", this, "Click to show all stack frames", "Click to hide stack frames")'>Click to show all stack frames</a>
<div class='stack-trace' id='stack-trace1039759545'><pre>java.lang.NullPointerException
	at com.vil.web.library.GenericLib.getColumnIndex(GenericLib.java:140)
	at com.vil.web.tests.postpaid.enquiry.activation.TC_401_CallTypeEnquiryForBillingPostp._closeSR(TC_401_CallTypeEnquiryForBillingPostp.java:20)
	at sun.reflect.NativeMethodAccessorImpl.invoke0(Native Method)
	at sun.reflect.NativeMethodAccessorImpl.invoke(NativeMethodAccessorImpl.java:62)
	at sun.reflect.DelegatingMethodAccessorImpl.invoke(DelegatingMethodAccessorImpl.java:43)
	at java.lang.reflect.Method.invoke(Method.java:498)
	at org.testng.internal.MethodInvocationHelper.invokeMethod(MethodInvocationHelper.java:108)
	at org.testng.internal.Invoker.invokeConfigurationMethod(Invoker.java:523)
	at org.testng.internal.Invoker.invokeConfigurations(Invoker.java:224)
	at org.testng.internal.Invoker.invokeMethod(Invoker.java:599)
	at org.testng.internal.Invoker.invokeTestMethod(Invoker.java:869)
	at org.testng.internal.Invoker.invokeTestMethods(Invoker.java:1193)
	at org.testng.internal.TestMethodWorker.invokeTestMethods(TestMethodWorker.java:126)
	at org.testng.internal.TestMethodWorker.run(TestMethodWorker.java:109)
	at org.testng.TestRunner.privateRun(TestRunner.java:744)
	at org.testng.TestRunner.run(TestRunner.java:602)
	at org.testng.SuiteRunner.runTest(SuiteRunner.java:380)
	at org.testng.SuiteRunner.runSequentially(SuiteRunner.java:375)
	at org.testng.SuiteRunner.privateRun(SuiteRunner.java:340)
	at org.testng.SuiteRunner.run(SuiteRunner.java:289)
	at org.testng.SuiteRunnerWorker.runSuite(SuiteRunnerWorker.java:52)
	at org.testng.SuiteRunnerWorker.run(SuiteRunnerWorker.java:86)
	at org.testng.TestNG.runSuitesSequentially(TestNG.java:1301)
	at org.testng.TestNG.runSuitesLocally(TestNG.java:1226)
	at org.testng.TestNG.runSuites(TestNG.java:1144)
	at org.testng.TestNG.run(TestNG.java:1115)
	at org.apache.maven.surefire.testng.TestNGExecutor.run(TestNGExecutor.java:281)
	at org.apache.maven.surefire.testng.TestNGXmlTestSuite.execute(TestNGXmlTestSuite.java:75)
	at org.apache.maven.surefire.testng.TestNGProvider.invoke(TestNGProvider.java:121)
	at org.apache.maven.surefire.booter.ForkedBooter.invokeProviderInSameClassLoader(ForkedBooter.java:290)
	at org.apache.maven.surefire.booter.ForkedBooter.runSuitesInProcess(ForkedBooter.java:242)
	at org.apache.maven.surefire.booter.ForkedBooter.main(ForkedBooter.java:121)
</pre></div></td>
<td>0</td>
<td>com.vil.web.tests.postpaid.complaint.TC_092_DeviceRelatedComplaintsPostpaid@735b5592</td></tr>
<tr>
<td title='com.vil.web.tests.prepaid.enquiry.activation.TC_021_PrepaidEnquiryActivation.enquiryActivationPrepaid()'><b>enquiryActivationPrepaid</b><br>Test class: com.vil.web.tests.prepaid.enquiry.activation.TC_021_PrepaidEnquiryActivation<br>Test method:  Creation of Enquiry Call type for Sub-Type=Activation related</td>
<td><div><pre>java.lang.NullPointerException
	at com.vil.web.library.GenericLib.getColumnIndex(GenericLib.java:140)
	at com.vil.web.tests.postpaid.enquiry.activation.TC_401_CallTypeEnquiryForBillingPostp._closeSR(TC_401_CallTypeEnquiryForBillingPostp.java:20)
... Removed 30 stack frames</pre></div><a href='#' onClick='toggleBox("stack-trace507944445", this, "Click to show all stack frames", "Click to hide stack frames")'>Click to show all stack frames</a>
<div class='stack-trace' id='stack-trace507944445'><pre>java.lang.NullPointerException
	at com.vil.web.library.GenericLib.getColumnIndex(GenericLib.java:140)
	at com.vil.web.tests.postpaid.enquiry.activation.TC_401_CallTypeEnquiryForBillingPostp._closeSR(TC_401_CallTypeEnquiryForBillingPostp.java:20)
	at sun.reflect.NativeMethodAccessorImpl.invoke0(Native Method)
	at sun.reflect.NativeMethodAccessorImpl.invoke(NativeMethodAccessorImpl.java:62)
	at sun.reflect.DelegatingMethodAccessorImpl.invoke(DelegatingMethodAccessorImpl.java:43)
	at java.lang.reflect.Method.invoke(Method.java:498)
	at org.testng.internal.MethodInvocationHelper.invokeMethod(MethodInvocationHelper.java:108)
	at org.testng.internal.Invoker.invokeConfigurationMethod(Invoker.java:523)
	at org.testng.internal.Invoker.invokeConfigurations(Invoker.java:224)
	at org.testng.internal.Invoker.invokeMethod(Invoker.java:599)
	at org.testng.internal.Invoker.invokeTestMethod(Invoker.java:869)
	at org.testng.internal.Invoker.invokeTestMethods(Invoker.java:1193)
	at org.testng.internal.TestMethodWorker.invokeTestMethods(TestMethodWorker.java:126)
	at org.testng.internal.TestMethodWorker.run(TestMethodWorker.java:109)
	at org.testng.TestRunner.privateRun(TestRunner.java:744)
	at org.testng.TestRunner.run(TestRunner.java:602)
	at org.testng.SuiteRunner.runTest(SuiteRunner.java:380)
	at org.testng.SuiteRunner.runSequentially(SuiteRunner.java:375)
	at org.testng.SuiteRunner.privateRun(SuiteRunner.java:340)
	at org.testng.SuiteRunner.run(SuiteRunner.java:289)
	at org.testng.SuiteRunnerWorker.runSuite(SuiteRunnerWorker.java:52)
	at org.testng.SuiteRunnerWorker.run(SuiteRunnerWorker.java:86)
	at org.testng.TestNG.runSuitesSequentially(TestNG.java:1301)
	at org.testng.TestNG.runSuitesLocally(TestNG.java:1226)
	at org.testng.TestNG.runSuites(TestNG.java:1144)
	at org.testng.TestNG.run(TestNG.java:1115)
	at org.apache.maven.surefire.testng.TestNGExecutor.run(TestNGExecutor.java:281)
	at org.apache.maven.surefire.testng.TestNGXmlTestSuite.execute(TestNGXmlTestSuite.java:75)
	at org.apache.maven.surefire.testng.TestNGProvider.invoke(TestNGProvider.java:121)
	at org.apache.maven.surefire.booter.ForkedBooter.invokeProviderInSameClassLoader(ForkedBooter.java:290)
	at org.apache.maven.surefire.booter.ForkedBooter.runSuitesInProcess(ForkedBooter.java:242)
	at org.apache.maven.surefire.booter.ForkedBooter.main(ForkedBooter.java:121)
</pre></div></td>
<td>0</td>
<td>com.vil.web.tests.prepaid.enquiry.activation.TC_021_PrepaidEnquiryActivation@548a9f61</td></tr>
<tr>
<td title='com.vil.web.tests.postpaid.enquiry.activation.TC_401_CallTypeEnquiryForBillingPostp.enquiryBillingAndPaymentPostpaid()'><b>enquiryBillingAndPaymentPostpaid</b><br>Test class: com.vil.web.tests.postpaid.enquiry.activation.TC_401_CallTypeEnquiryForBillingPostp<br>Test method: Call type enquiry for billing postpaid</td>
<td><div><pre>java.lang.NullPointerException
	at com.vil.web.library.GenericLib.getColumnIndex(GenericLib.java:140)
	at com.vil.web.tests.postpaid.enquiry.activation.TC_401_CallTypeEnquiryForBillingPostp._closeSR(TC_401_CallTypeEnquiryForBillingPostp.java:20)
... Removed 30 stack frames</pre></div><a href='#' onClick='toggleBox("stack-trace1997625595", this, "Click to show all stack frames", "Click to hide stack frames")'>Click to show all stack frames</a>
<div class='stack-trace' id='stack-trace1997625595'><pre>java.lang.NullPointerException
	at com.vil.web.library.GenericLib.getColumnIndex(GenericLib.java:140)
	at com.vil.web.tests.postpaid.enquiry.activation.TC_401_CallTypeEnquiryForBillingPostp._closeSR(TC_401_CallTypeEnquiryForBillingPostp.java:20)
	at sun.reflect.NativeMethodAccessorImpl.invoke0(Native Method)
	at sun.reflect.NativeMethodAccessorImpl.invoke(NativeMethodAccessorImpl.java:62)
	at sun.reflect.DelegatingMethodAccessorImpl.invoke(DelegatingMethodAccessorImpl.java:43)
	at java.lang.reflect.Method.invoke(Method.java:498)
	at org.testng.internal.MethodInvocationHelper.invokeMethod(MethodInvocationHelper.java:108)
	at org.testng.internal.Invoker.invokeConfigurationMethod(Invoker.java:523)
	at org.testng.internal.Invoker.invokeConfigurations(Invoker.java:224)
	at org.testng.internal.Invoker.invokeMethod(Invoker.java:599)
	at org.testng.internal.Invoker.invokeTestMethod(Invoker.java:869)
	at org.testng.internal.Invoker.invokeTestMethods(Invoker.java:1193)
	at org.testng.internal.TestMethodWorker.invokeTestMethods(TestMethodWorker.java:126)
	at org.testng.internal.TestMethodWorker.run(TestMethodWorker.java:109)
	at org.testng.TestRunner.privateRun(TestRunner.java:744)
	at org.testng.TestRunner.run(TestRunner.java:602)
	at org.testng.SuiteRunner.runTest(SuiteRunner.java:380)
	at org.testng.SuiteRunner.runSequentially(SuiteRunner.java:375)
	at org.testng.SuiteRunner.privateRun(SuiteRunner.java:340)
	at org.testng.SuiteRunner.run(SuiteRunner.java:289)
	at org.testng.SuiteRunnerWorker.runSuite(SuiteRunnerWorker.java:52)
	at org.testng.SuiteRunnerWorker.run(SuiteRunnerWorker.java:86)
	at org.testng.TestNG.runSuitesSequentially(TestNG.java:1301)
	at org.testng.TestNG.runSuitesLocally(TestNG.java:1226)
	at org.testng.TestNG.runSuites(TestNG.java:1144)
	at org.testng.TestNG.run(TestNG.java:1115)
	at org.apache.maven.surefire.testng.TestNGExecutor.run(TestNGExecutor.java:281)
	at org.apache.maven.surefire.testng.TestNGXmlTestSuite.execute(TestNGXmlTestSuite.java:75)
	at org.apache.maven.surefire.testng.TestNGProvider.invoke(TestNGProvider.java:121)
	at org.apache.maven.surefire.booter.ForkedBooter.invokeProviderInSameClassLoader(ForkedBooter.java:290)
	at org.apache.maven.surefire.booter.ForkedBooter.runSuitesInProcess(ForkedBooter.java:242)
	at org.apache.maven.surefire.booter.ForkedBooter.main(ForkedBooter.java:121)
</pre></div></td>
<td>0</td>
<td>com.vil.web.tests.postpaid.enquiry.activation.TC_401_CallTypeEnquiryForBillingPostp@4f933fd1</td></tr>
<tr>
<td title='com.vil.web.tests.postpaid.complaint.TC_096_FailedInteractionsSelfHelpErrorOrAccessPostP.failedInteractionsSelfHelpErrorOrAccessPostP()'><b>failedInteractionsSelfHelpErrorOrAccessPostP</b><br>Test class: com.vil.web.tests.postpaid.complaint.TC_096_FailedInteractionsSelfHelpErrorOrAccessPostP<br>Test method: Network related complaint postpaid using BO user</td>
<td><div><pre>java.lang.NullPointerException
	at com.vil.web.library.GenericLib.getColumnIndex(GenericLib.java:140)
	at com.vil.web.tests.postpaid.enquiry.activation.TC_401_CallTypeEnquiryForBillingPostp._closeSR(TC_401_CallTypeEnquiryForBillingPostp.java:20)
... Removed 30 stack frames</pre></div><a href='#' onClick='toggleBox("stack-trace634210724", this, "Click to show all stack frames", "Click to hide stack frames")'>Click to show all stack frames</a>
<div class='stack-trace' id='stack-trace634210724'><pre>java.lang.NullPointerException
	at com.vil.web.library.GenericLib.getColumnIndex(GenericLib.java:140)
	at com.vil.web.tests.postpaid.enquiry.activation.TC_401_CallTypeEnquiryForBillingPostp._closeSR(TC_401_CallTypeEnquiryForBillingPostp.java:20)
	at sun.reflect.NativeMethodAccessorImpl.invoke0(Native Method)
	at sun.reflect.NativeMethodAccessorImpl.invoke(NativeMethodAccessorImpl.java:62)
	at sun.reflect.DelegatingMethodAccessorImpl.invoke(DelegatingMethodAccessorImpl.java:43)
	at java.lang.reflect.Method.invoke(Method.java:498)
	at org.testng.internal.MethodInvocationHelper.invokeMethod(MethodInvocationHelper.java:108)
	at org.testng.internal.Invoker.invokeConfigurationMethod(Invoker.java:523)
	at org.testng.internal.Invoker.invokeConfigurations(Invoker.java:224)
	at org.testng.internal.Invoker.invokeMethod(Invoker.java:599)
	at org.testng.internal.Invoker.invokeTestMethod(Invoker.java:869)
	at org.testng.internal.Invoker.invokeTestMethods(Invoker.java:1193)
	at org.testng.internal.TestMethodWorker.invokeTestMethods(TestMethodWorker.java:126)
	at org.testng.internal.TestMethodWorker.run(TestMethodWorker.java:109)
	at org.testng.TestRunner.privateRun(TestRunner.java:744)
	at org.testng.TestRunner.run(TestRunner.java:602)
	at org.testng.SuiteRunner.runTest(SuiteRunner.java:380)
	at org.testng.SuiteRunner.runSequentially(SuiteRunner.java:375)
	at org.testng.SuiteRunner.privateRun(SuiteRunner.java:340)
	at org.testng.SuiteRunner.run(SuiteRunner.java:289)
	at org.testng.SuiteRunnerWorker.runSuite(SuiteRunnerWorker.java:52)
	at org.testng.SuiteRunnerWorker.run(SuiteRunnerWorker.java:86)
	at org.testng.TestNG.runSuitesSequentially(TestNG.java:1301)
	at org.testng.TestNG.runSuitesLocally(TestNG.java:1226)
	at org.testng.TestNG.runSuites(TestNG.java:1144)
	at org.testng.TestNG.run(TestNG.java:1115)
	at org.apache.maven.surefire.testng.TestNGExecutor.run(TestNGExecutor.java:281)
	at org.apache.maven.surefire.testng.TestNGXmlTestSuite.execute(TestNGXmlTestSuite.java:75)
	at org.apache.maven.surefire.testng.TestNGProvider.invoke(TestNGProvider.java:121)
	at org.apache.maven.surefire.booter.ForkedBooter.invokeProviderInSameClassLoader(ForkedBooter.java:290)
	at org.apache.maven.surefire.booter.ForkedBooter.runSuitesInProcess(ForkedBooter.java:242)
	at org.apache.maven.surefire.booter.ForkedBooter.main(ForkedBooter.java:121)
</pre></div></td>
<td>0</td>
<td>com.vil.web.tests.postpaid.complaint.TC_096_FailedInteractionsSelfHelpErrorOrAccessPostP@7823a2f9</td></tr>
<tr>
<td title='com.vil.web.tests.postpaid.lead.Test_Automation_228.leadCreationForNonVodafone()'><b>leadCreationForNonVodafone</b><br>Test class: com.vil.web.tests.postpaid.lead.Test_Automation_228<br>Test method:  Lead Creation for Non Vodafone Customer</td>
<td><div><pre>java.lang.NullPointerException
	at com.vil.web.library.GenericLib.getColumnIndex(GenericLib.java:140)
	at com.vil.web.tests.postpaid.enquiry.activation.TC_401_CallTypeEnquiryForBillingPostp._closeSR(TC_401_CallTypeEnquiryForBillingPostp.java:20)
... Removed 30 stack frames</pre></div><a href='#' onClick='toggleBox("stack-trace213383793", this, "Click to show all stack frames", "Click to hide stack frames")'>Click to show all stack frames</a>
<div class='stack-trace' id='stack-trace213383793'><pre>java.lang.NullPointerException
	at com.vil.web.library.GenericLib.getColumnIndex(GenericLib.java:140)
	at com.vil.web.tests.postpaid.enquiry.activation.TC_401_CallTypeEnquiryForBillingPostp._closeSR(TC_401_CallTypeEnquiryForBillingPostp.java:20)
	at sun.reflect.NativeMethodAccessorImpl.invoke0(Native Method)
	at sun.reflect.NativeMethodAccessorImpl.invoke(NativeMethodAccessorImpl.java:62)
	at sun.reflect.DelegatingMethodAccessorImpl.invoke(DelegatingMethodAccessorImpl.java:43)
	at java.lang.reflect.Method.invoke(Method.java:498)
	at org.testng.internal.MethodInvocationHelper.invokeMethod(MethodInvocationHelper.java:108)
	at org.testng.internal.Invoker.invokeConfigurationMethod(Invoker.java:523)
	at org.testng.internal.Invoker.invokeConfigurations(Invoker.java:224)
	at org.testng.internal.Invoker.invokeMethod(Invoker.java:599)
	at org.testng.internal.Invoker.invokeTestMethod(Invoker.java:869)
	at org.testng.internal.Invoker.invokeTestMethods(Invoker.java:1193)
	at org.testng.internal.TestMethodWorker.invokeTestMethods(TestMethodWorker.java:126)
	at org.testng.internal.TestMethodWorker.run(TestMethodWorker.java:109)
	at org.testng.TestRunner.privateRun(TestRunner.java:744)
	at org.testng.TestRunner.run(TestRunner.java:602)
	at org.testng.SuiteRunner.runTest(SuiteRunner.java:380)
	at org.testng.SuiteRunner.runSequentially(SuiteRunner.java:375)
	at org.testng.SuiteRunner.privateRun(SuiteRunner.java:340)
	at org.testng.SuiteRunner.run(SuiteRunner.java:289)
	at org.testng.SuiteRunnerWorker.runSuite(SuiteRunnerWorker.java:52)
	at org.testng.SuiteRunnerWorker.run(SuiteRunnerWorker.java:86)
	at org.testng.TestNG.runSuitesSequentially(TestNG.java:1301)
	at org.testng.TestNG.runSuitesLocally(TestNG.java:1226)
	at org.testng.TestNG.runSuites(TestNG.java:1144)
	at org.testng.TestNG.run(TestNG.java:1115)
	at org.apache.maven.surefire.testng.TestNGExecutor.run(TestNGExecutor.java:281)
	at org.apache.maven.surefire.testng.TestNGXmlTestSuite.execute(TestNGXmlTestSuite.java:75)
	at org.apache.maven.surefire.testng.TestNGProvider.invoke(TestNGProvider.java:121)
	at org.apache.maven.surefire.booter.ForkedBooter.invokeProviderInSameClassLoader(ForkedBooter.java:290)
	at org.apache.maven.surefire.booter.ForkedBooter.runSuitesInProcess(ForkedBooter.java:242)
	at org.apache.maven.surefire.booter.ForkedBooter.main(ForkedBooter.java:121)
</pre></div></td>
<td>0</td>
<td>com.vil.web.tests.postpaid.lead.Test_Automation_228@100fc185</td></tr>
<tr>
<td title='com.vil.web.tests.postpaid.lead.Test_Automation_227.leadCreationForVodafone()'><b>leadCreationForVodafone</b><br>Test class: com.vil.web.tests.postpaid.lead.Test_Automation_227<br>Test method:  Lead Creation for Vodafone</td>
<td><div><pre>java.lang.NullPointerException
	at com.vil.web.library.GenericLib.getColumnIndex(GenericLib.java:140)
	at com.vil.web.tests.postpaid.enquiry.activation.TC_401_CallTypeEnquiryForBillingPostp._closeSR(TC_401_CallTypeEnquiryForBillingPostp.java:20)
... Removed 30 stack frames</pre></div><a href='#' onClick='toggleBox("stack-trace1812861879", this, "Click to show all stack frames", "Click to hide stack frames")'>Click to show all stack frames</a>
<div class='stack-trace' id='stack-trace1812861879'><pre>java.lang.NullPointerException
	at com.vil.web.library.GenericLib.getColumnIndex(GenericLib.java:140)
	at com.vil.web.tests.postpaid.enquiry.activation.TC_401_CallTypeEnquiryForBillingPostp._closeSR(TC_401_CallTypeEnquiryForBillingPostp.java:20)
	at sun.reflect.NativeMethodAccessorImpl.invoke0(Native Method)
	at sun.reflect.NativeMethodAccessorImpl.invoke(NativeMethodAccessorImpl.java:62)
	at sun.reflect.DelegatingMethodAccessorImpl.invoke(DelegatingMethodAccessorImpl.java:43)
	at java.lang.reflect.Method.invoke(Method.java:498)
	at org.testng.internal.MethodInvocationHelper.invokeMethod(MethodInvocationHelper.java:108)
	at org.testng.internal.Invoker.invokeConfigurationMethod(Invoker.java:523)
	at org.testng.internal.Invoker.invokeConfigurations(Invoker.java:224)
	at org.testng.internal.Invoker.invokeMethod(Invoker.java:599)
	at org.testng.internal.Invoker.invokeTestMethod(Invoker.java:869)
	at org.testng.internal.Invoker.invokeTestMethods(Invoker.java:1193)
	at org.testng.internal.TestMethodWorker.invokeTestMethods(TestMethodWorker.java:126)
	at org.testng.internal.TestMethodWorker.run(TestMethodWorker.java:109)
	at org.testng.TestRunner.privateRun(TestRunner.java:744)
	at org.testng.TestRunner.run(TestRunner.java:602)
	at org.testng.SuiteRunner.runTest(SuiteRunner.java:380)
	at org.testng.SuiteRunner.runSequentially(SuiteRunner.java:375)
	at org.testng.SuiteRunner.privateRun(SuiteRunner.java:340)
	at org.testng.SuiteRunner.run(SuiteRunner.java:289)
	at org.testng.SuiteRunnerWorker.runSuite(SuiteRunnerWorker.java:52)
	at org.testng.SuiteRunnerWorker.run(SuiteRunnerWorker.java:86)
	at org.testng.TestNG.runSuitesSequentially(TestNG.java:1301)
	at org.testng.TestNG.runSuitesLocally(TestNG.java:1226)
	at org.testng.TestNG.runSuites(TestNG.java:1144)
	at org.testng.TestNG.run(TestNG.java:1115)
	at org.apache.maven.surefire.testng.TestNGExecutor.run(TestNGExecutor.java:281)
	at org.apache.maven.surefire.testng.TestNGXmlTestSuite.execute(TestNGXmlTestSuite.java:75)
	at org.apache.maven.surefire.testng.TestNGProvider.invoke(TestNGProvider.java:121)
	at org.apache.maven.surefire.booter.ForkedBooter.invokeProviderInSameClassLoader(ForkedBooter.java:290)
	at org.apache.maven.surefire.booter.ForkedBooter.runSuitesInProcess(ForkedBooter.java:242)
	at org.apache.maven.surefire.booter.ForkedBooter.main(ForkedBooter.java:121)
</pre></div></td>
<td>0</td>
<td>com.vil.web.tests.postpaid.lead.Test_Automation_227@3a82f6ef</td></tr>
<tr>
<td title='com.vil.web.tests.postpaid.lead.Test_Automation_231.leadToOpportunityNonVodafone()'><b>leadToOpportunityNonVodafone</b><br>Test class: com.vil.web.tests.postpaid.lead.Test_Automation_231<br>Test method:  Lead To Opportunity Creation for Non Vodafone</td>
<td><div><pre>java.lang.NullPointerException
	at com.vil.web.library.GenericLib.getColumnIndex(GenericLib.java:140)
	at com.vil.web.tests.postpaid.enquiry.activation.TC_401_CallTypeEnquiryForBillingPostp._closeSR(TC_401_CallTypeEnquiryForBillingPostp.java:20)
... Removed 30 stack frames</pre></div><a href='#' onClick='toggleBox("stack-trace1144979403", this, "Click to show all stack frames", "Click to hide stack frames")'>Click to show all stack frames</a>
<div class='stack-trace' id='stack-trace1144979403'><pre>java.lang.NullPointerException
	at com.vil.web.library.GenericLib.getColumnIndex(GenericLib.java:140)
	at com.vil.web.tests.postpaid.enquiry.activation.TC_401_CallTypeEnquiryForBillingPostp._closeSR(TC_401_CallTypeEnquiryForBillingPostp.java:20)
	at sun.reflect.NativeMethodAccessorImpl.invoke0(Native Method)
	at sun.reflect.NativeMethodAccessorImpl.invoke(NativeMethodAccessorImpl.java:62)
	at sun.reflect.DelegatingMethodAccessorImpl.invoke(DelegatingMethodAccessorImpl.java:43)
	at java.lang.reflect.Method.invoke(Method.java:498)
	at org.testng.internal.MethodInvocationHelper.invokeMethod(MethodInvocationHelper.java:108)
	at org.testng.internal.Invoker.invokeConfigurationMethod(Invoker.java:523)
	at org.testng.internal.Invoker.invokeConfigurations(Invoker.java:224)
	at org.testng.internal.Invoker.invokeMethod(Invoker.java:599)
	at org.testng.internal.Invoker.invokeTestMethod(Invoker.java:869)
	at org.testng.internal.Invoker.invokeTestMethods(Invoker.java:1193)
	at org.testng.internal.TestMethodWorker.invokeTestMethods(TestMethodWorker.java:126)
	at org.testng.internal.TestMethodWorker.run(TestMethodWorker.java:109)
	at org.testng.TestRunner.privateRun(TestRunner.java:744)
	at org.testng.TestRunner.run(TestRunner.java:602)
	at org.testng.SuiteRunner.runTest(SuiteRunner.java:380)
	at org.testng.SuiteRunner.runSequentially(SuiteRunner.java:375)
	at org.testng.SuiteRunner.privateRun(SuiteRunner.java:340)
	at org.testng.SuiteRunner.run(SuiteRunner.java:289)
	at org.testng.SuiteRunnerWorker.runSuite(SuiteRunnerWorker.java:52)
	at org.testng.SuiteRunnerWorker.run(SuiteRunnerWorker.java:86)
	at org.testng.TestNG.runSuitesSequentially(TestNG.java:1301)
	at org.testng.TestNG.runSuitesLocally(TestNG.java:1226)
	at org.testng.TestNG.runSuites(TestNG.java:1144)
	at org.testng.TestNG.run(TestNG.java:1115)
	at org.apache.maven.surefire.testng.TestNGExecutor.run(TestNGExecutor.java:281)
	at org.apache.maven.surefire.testng.TestNGXmlTestSuite.execute(TestNGXmlTestSuite.java:75)
	at org.apache.maven.surefire.testng.TestNGProvider.invoke(TestNGProvider.java:121)
	at org.apache.maven.surefire.booter.ForkedBooter.invokeProviderInSameClassLoader(ForkedBooter.java:290)
	at org.apache.maven.surefire.booter.ForkedBooter.runSuitesInProcess(ForkedBooter.java:242)
	at org.apache.maven.surefire.booter.ForkedBooter.main(ForkedBooter.java:121)
</pre></div></td>
<td>0</td>
<td>com.vil.web.tests.postpaid.lead.Test_Automation_231@36d4b5c</td></tr>
<tr>
<td title='com.vil.web.tests.postpaid.lead.Test_Automation_230.leadToOpportunityVodafone()'><b>leadToOpportunityVodafone</b><br>Test class: com.vil.web.tests.postpaid.lead.Test_Automation_230<br>Test method:  Lead To Opportunity Creation for Vodafone</td>
<td><div><pre>java.lang.NullPointerException
	at com.vil.web.library.GenericLib.getColumnIndex(GenericLib.java:140)
	at com.vil.web.tests.postpaid.enquiry.activation.TC_401_CallTypeEnquiryForBillingPostp._closeSR(TC_401_CallTypeEnquiryForBillingPostp.java:20)
... Removed 30 stack frames</pre></div><a href='#' onClick='toggleBox("stack-trace205446988", this, "Click to show all stack frames", "Click to hide stack frames")'>Click to show all stack frames</a>
<div class='stack-trace' id='stack-trace205446988'><pre>java.lang.NullPointerException
	at com.vil.web.library.GenericLib.getColumnIndex(GenericLib.java:140)
	at com.vil.web.tests.postpaid.enquiry.activation.TC_401_CallTypeEnquiryForBillingPostp._closeSR(TC_401_CallTypeEnquiryForBillingPostp.java:20)
	at sun.reflect.NativeMethodAccessorImpl.invoke0(Native Method)
	at sun.reflect.NativeMethodAccessorImpl.invoke(NativeMethodAccessorImpl.java:62)
	at sun.reflect.DelegatingMethodAccessorImpl.invoke(DelegatingMethodAccessorImpl.java:43)
	at java.lang.reflect.Method.invoke(Method.java:498)
	at org.testng.internal.MethodInvocationHelper.invokeMethod(MethodInvocationHelper.java:108)
	at org.testng.internal.Invoker.invokeConfigurationMethod(Invoker.java:523)
	at org.testng.internal.Invoker.invokeConfigurations(Invoker.java:224)
	at org.testng.internal.Invoker.invokeMethod(Invoker.java:599)
	at org.testng.internal.Invoker.invokeTestMethod(Invoker.java:869)
	at org.testng.internal.Invoker.invokeTestMethods(Invoker.java:1193)
	at org.testng.internal.TestMethodWorker.invokeTestMethods(TestMethodWorker.java:126)
	at org.testng.internal.TestMethodWorker.run(TestMethodWorker.java:109)
	at org.testng.TestRunner.privateRun(TestRunner.java:744)
	at org.testng.TestRunner.run(TestRunner.java:602)
	at org.testng.SuiteRunner.runTest(SuiteRunner.java:380)
	at org.testng.SuiteRunner.runSequentially(SuiteRunner.java:375)
	at org.testng.SuiteRunner.privateRun(SuiteRunner.java:340)
	at org.testng.SuiteRunner.run(SuiteRunner.java:289)
	at org.testng.SuiteRunnerWorker.runSuite(SuiteRunnerWorker.java:52)
	at org.testng.SuiteRunnerWorker.run(SuiteRunnerWorker.java:86)
	at org.testng.TestNG.runSuitesSequentially(TestNG.java:1301)
	at org.testng.TestNG.runSuitesLocally(TestNG.java:1226)
	at org.testng.TestNG.runSuites(TestNG.java:1144)
	at org.testng.TestNG.run(TestNG.java:1115)
	at org.apache.maven.surefire.testng.TestNGExecutor.run(TestNGExecutor.java:281)
	at org.apache.maven.surefire.testng.TestNGXmlTestSuite.execute(TestNGXmlTestSuite.java:75)
	at org.apache.maven.surefire.testng.TestNGProvider.invoke(TestNGProvider.java:121)
	at org.apache.maven.surefire.booter.ForkedBooter.invokeProviderInSameClassLoader(ForkedBooter.java:290)
	at org.apache.maven.surefire.booter.ForkedBooter.runSuitesInProcess(ForkedBooter.java:242)
	at org.apache.maven.surefire.booter.ForkedBooter.main(ForkedBooter.java:121)
</pre></div></td>
<td>0</td>
<td>com.vil.web.tests.postpaid.lead.Test_Automation_230@2ef5e5e3</td></tr>
<tr>
<td title='com.vil.web.tests.postpaid.complaint.TC_063_NetworkComplaintPostpaid.networkComplaintPostpaid()'><b>networkComplaintPostpaid</b><br>Test class: com.vil.web.tests.postpaid.complaint.TC_063_NetworkComplaintPostpaid<br>Test method: Network related complaint postpaid</td>
<td><div><pre>java.lang.NullPointerException
	at com.vil.web.library.GenericLib.getColumnIndex(GenericLib.java:140)
	at com.vil.web.tests.postpaid.enquiry.activation.TC_401_CallTypeEnquiryForBillingPostp._closeSR(TC_401_CallTypeEnquiryForBillingPostp.java:20)
... Removed 30 stack frames</pre></div><a href='#' onClick='toggleBox("stack-trace986238875", this, "Click to show all stack frames", "Click to hide stack frames")'>Click to show all stack frames</a>
<div class='stack-trace' id='stack-trace986238875'><pre>java.lang.NullPointerException
	at com.vil.web.library.GenericLib.getColumnIndex(GenericLib.java:140)
	at com.vil.web.tests.postpaid.enquiry.activation.TC_401_CallTypeEnquiryForBillingPostp._closeSR(TC_401_CallTypeEnquiryForBillingPostp.java:20)
	at sun.reflect.NativeMethodAccessorImpl.invoke0(Native Method)
	at sun.reflect.NativeMethodAccessorImpl.invoke(NativeMethodAccessorImpl.java:62)
	at sun.reflect.DelegatingMethodAccessorImpl.invoke(DelegatingMethodAccessorImpl.java:43)
	at java.lang.reflect.Method.invoke(Method.java:498)
	at org.testng.internal.MethodInvocationHelper.invokeMethod(MethodInvocationHelper.java:108)
	at org.testng.internal.Invoker.invokeConfigurationMethod(Invoker.java:523)
	at org.testng.internal.Invoker.invokeConfigurations(Invoker.java:224)
	at org.testng.internal.Invoker.invokeMethod(Invoker.java:599)
	at org.testng.internal.Invoker.invokeTestMethod(Invoker.java:869)
	at org.testng.internal.Invoker.invokeTestMethods(Invoker.java:1193)
	at org.testng.internal.TestMethodWorker.invokeTestMethods(TestMethodWorker.java:126)
	at org.testng.internal.TestMethodWorker.run(TestMethodWorker.java:109)
	at org.testng.TestRunner.privateRun(TestRunner.java:744)
	at org.testng.TestRunner.run(TestRunner.java:602)
	at org.testng.SuiteRunner.runTest(SuiteRunner.java:380)
	at org.testng.SuiteRunner.runSequentially(SuiteRunner.java:375)
	at org.testng.SuiteRunner.privateRun(SuiteRunner.java:340)
	at org.testng.SuiteRunner.run(SuiteRunner.java:289)
	at org.testng.SuiteRunnerWorker.runSuite(SuiteRunnerWorker.java:52)
	at org.testng.SuiteRunnerWorker.run(SuiteRunnerWorker.java:86)
	at org.testng.TestNG.runSuitesSequentially(TestNG.java:1301)
	at org.testng.TestNG.runSuitesLocally(TestNG.java:1226)
	at org.testng.TestNG.runSuites(TestNG.java:1144)
	at org.testng.TestNG.run(TestNG.java:1115)
	at org.apache.maven.surefire.testng.TestNGExecutor.run(TestNGExecutor.java:281)
	at org.apache.maven.surefire.testng.TestNGXmlTestSuite.execute(TestNGXmlTestSuite.java:75)
	at org.apache.maven.surefire.testng.TestNGProvider.invoke(TestNGProvider.java:121)
	at org.apache.maven.surefire.booter.ForkedBooter.invokeProviderInSameClassLoader(ForkedBooter.java:290)
	at org.apache.maven.surefire.booter.ForkedBooter.runSuitesInProcess(ForkedBooter.java:242)
	at org.apache.maven.surefire.booter.ForkedBooter.main(ForkedBooter.java:121)
</pre></div></td>
<td>0</td>
<td>com.vil.web.tests.postpaid.complaint.TC_063_NetworkComplaintPostpaid@7c16905e</td></tr>
<tr>
<td title='com.vil.web.tests.postpaid.complaint.TC_066_NetworkComplaintFLAUser.networkComplaintPostpaidBFLAUser()'><b>networkComplaintPostpaidBFLAUser</b><br>Test class: com.vil.web.tests.postpaid.complaint.TC_066_NetworkComplaintFLAUser<br>Test method: Network related complaint postpaid using FLA user</td>
<td><div><pre>java.lang.NullPointerException
	at com.vil.web.library.GenericLib.getColumnIndex(GenericLib.java:140)
	at com.vil.web.tests.postpaid.enquiry.activation.TC_401_CallTypeEnquiryForBillingPostp._closeSR(TC_401_CallTypeEnquiryForBillingPostp.java:20)
... Removed 30 stack frames</pre></div><a href='#' onClick='toggleBox("stack-trace1930319715", this, "Click to show all stack frames", "Click to hide stack frames")'>Click to show all stack frames</a>
<div class='stack-trace' id='stack-trace1930319715'><pre>java.lang.NullPointerException
	at com.vil.web.library.GenericLib.getColumnIndex(GenericLib.java:140)
	at com.vil.web.tests.postpaid.enquiry.activation.TC_401_CallTypeEnquiryForBillingPostp._closeSR(TC_401_CallTypeEnquiryForBillingPostp.java:20)
	at sun.reflect.NativeMethodAccessorImpl.invoke0(Native Method)
	at sun.reflect.NativeMethodAccessorImpl.invoke(NativeMethodAccessorImpl.java:62)
	at sun.reflect.DelegatingMethodAccessorImpl.invoke(DelegatingMethodAccessorImpl.java:43)
	at java.lang.reflect.Method.invoke(Method.java:498)
	at org.testng.internal.MethodInvocationHelper.invokeMethod(MethodInvocationHelper.java:108)
	at org.testng.internal.Invoker.invokeConfigurationMethod(Invoker.java:523)
	at org.testng.internal.Invoker.invokeConfigurations(Invoker.java:224)
	at org.testng.internal.Invoker.invokeMethod(Invoker.java:599)
	at org.testng.internal.Invoker.invokeTestMethod(Invoker.java:869)
	at org.testng.internal.Invoker.invokeTestMethods(Invoker.java:1193)
	at org.testng.internal.TestMethodWorker.invokeTestMethods(TestMethodWorker.java:126)
	at org.testng.internal.TestMethodWorker.run(TestMethodWorker.java:109)
	at org.testng.TestRunner.privateRun(TestRunner.java:744)
	at org.testng.TestRunner.run(TestRunner.java:602)
	at org.testng.SuiteRunner.runTest(SuiteRunner.java:380)
	at org.testng.SuiteRunner.runSequentially(SuiteRunner.java:375)
	at org.testng.SuiteRunner.privateRun(SuiteRunner.java:340)
	at org.testng.SuiteRunner.run(SuiteRunner.java:289)
	at org.testng.SuiteRunnerWorker.runSuite(SuiteRunnerWorker.java:52)
	at org.testng.SuiteRunnerWorker.run(SuiteRunnerWorker.java:86)
	at org.testng.TestNG.runSuitesSequentially(TestNG.java:1301)
	at org.testng.TestNG.runSuitesLocally(TestNG.java:1226)
	at org.testng.TestNG.runSuites(TestNG.java:1144)
	at org.testng.TestNG.run(TestNG.java:1115)
	at org.apache.maven.surefire.testng.TestNGExecutor.run(TestNGExecutor.java:281)
	at org.apache.maven.surefire.testng.TestNGXmlTestSuite.execute(TestNGXmlTestSuite.java:75)
	at org.apache.maven.surefire.testng.TestNGProvider.invoke(TestNGProvider.java:121)
	at org.apache.maven.surefire.booter.ForkedBooter.invokeProviderInSameClassLoader(ForkedBooter.java:290)
	at org.apache.maven.surefire.booter.ForkedBooter.runSuitesInProcess(ForkedBooter.java:242)
	at org.apache.maven.surefire.booter.ForkedBooter.main(ForkedBooter.java:121)
</pre></div></td>
<td>0</td>
<td>com.vil.web.tests.postpaid.complaint.TC_066_NetworkComplaintFLAUser@2a5ca609</td></tr>
<tr>
<td title='com.vil.web.tests.postpaid.complaint.TC_065_NetworkComplaintBOUser.networkComplaintPostpaidBoUser()'><b>networkComplaintPostpaidBoUser</b><br>Test class: com.vil.web.tests.postpaid.complaint.TC_065_NetworkComplaintBOUser<br>Test method: Network related complaint postpaid using BO user</td>
<td><div><pre>java.lang.NullPointerException
	at com.vil.web.library.GenericLib.getColumnIndex(GenericLib.java:140)
	at com.vil.web.tests.postpaid.enquiry.activation.TC_401_CallTypeEnquiryForBillingPostp._closeSR(TC_401_CallTypeEnquiryForBillingPostp.java:20)
... Removed 30 stack frames</pre></div><a href='#' onClick='toggleBox("stack-trace236858974", this, "Click to show all stack frames", "Click to hide stack frames")'>Click to show all stack frames</a>
<div class='stack-trace' id='stack-trace236858974'><pre>java.lang.NullPointerException
	at com.vil.web.library.GenericLib.getColumnIndex(GenericLib.java:140)
	at com.vil.web.tests.postpaid.enquiry.activation.TC_401_CallTypeEnquiryForBillingPostp._closeSR(TC_401_CallTypeEnquiryForBillingPostp.java:20)
	at sun.reflect.NativeMethodAccessorImpl.invoke0(Native Method)
	at sun.reflect.NativeMethodAccessorImpl.invoke(NativeMethodAccessorImpl.java:62)
	at sun.reflect.DelegatingMethodAccessorImpl.invoke(DelegatingMethodAccessorImpl.java:43)
	at java.lang.reflect.Method.invoke(Method.java:498)
	at org.testng.internal.MethodInvocationHelper.invokeMethod(MethodInvocationHelper.java:108)
	at org.testng.internal.Invoker.invokeConfigurationMethod(Invoker.java:523)
	at org.testng.internal.Invoker.invokeConfigurations(Invoker.java:224)
	at org.testng.internal.Invoker.invokeMethod(Invoker.java:599)
	at org.testng.internal.Invoker.invokeTestMethod(Invoker.java:869)
	at org.testng.internal.Invoker.invokeTestMethods(Invoker.java:1193)
	at org.testng.internal.TestMethodWorker.invokeTestMethods(TestMethodWorker.java:126)
	at org.testng.internal.TestMethodWorker.run(TestMethodWorker.java:109)
	at org.testng.TestRunner.privateRun(TestRunner.java:744)
	at org.testng.TestRunner.run(TestRunner.java:602)
	at org.testng.SuiteRunner.runTest(SuiteRunner.java:380)
	at org.testng.SuiteRunner.runSequentially(SuiteRunner.java:375)
	at org.testng.SuiteRunner.privateRun(SuiteRunner.java:340)
	at org.testng.SuiteRunner.run(SuiteRunner.java:289)
	at org.testng.SuiteRunnerWorker.runSuite(SuiteRunnerWorker.java:52)
	at org.testng.SuiteRunnerWorker.run(SuiteRunnerWorker.java:86)
	at org.testng.TestNG.runSuitesSequentially(TestNG.java:1301)
	at org.testng.TestNG.runSuitesLocally(TestNG.java:1226)
	at org.testng.TestNG.runSuites(TestNG.java:1144)
	at org.testng.TestNG.run(TestNG.java:1115)
	at org.apache.maven.surefire.testng.TestNGExecutor.run(TestNGExecutor.java:281)
	at org.apache.maven.surefire.testng.TestNGXmlTestSuite.execute(TestNGXmlTestSuite.java:75)
	at org.apache.maven.surefire.testng.TestNGProvider.invoke(TestNGProvider.java:121)
	at org.apache.maven.surefire.booter.ForkedBooter.invokeProviderInSameClassLoader(ForkedBooter.java:290)
	at org.apache.maven.surefire.booter.ForkedBooter.runSuitesInProcess(ForkedBooter.java:242)
	at org.apache.maven.surefire.booter.ForkedBooter.main(ForkedBooter.java:121)
</pre></div></td>
<td>0</td>
<td>com.vil.web.tests.postpaid.complaint.TC_065_NetworkComplaintBOUser@2a2d45ba</td></tr>
<tr>
<td title='com.vil.web.tests.prepaid.complaint.Test_Automation_084.networkVoiceCoverageComplaintPrepaid()'><b>networkVoiceCoverageComplaintPrepaid</b><br>Test class: com.vil.web.tests.prepaid.complaint.Test_Automation_084<br>Test method: NetworkVoiceCoverageComplaints</td>
<td><div><pre>java.lang.NullPointerException
	at com.vil.web.library.GenericLib.getColumnIndex(GenericLib.java:140)
	at com.vil.web.tests.postpaid.enquiry.activation.TC_401_CallTypeEnquiryForBillingPostp._closeSR(TC_401_CallTypeEnquiryForBillingPostp.java:20)
... Removed 30 stack frames</pre></div><a href='#' onClick='toggleBox("stack-trace1689498062", this, "Click to show all stack frames", "Click to hide stack frames")'>Click to show all stack frames</a>
<div class='stack-trace' id='stack-trace1689498062'><pre>java.lang.NullPointerException
	at com.vil.web.library.GenericLib.getColumnIndex(GenericLib.java:140)
	at com.vil.web.tests.postpaid.enquiry.activation.TC_401_CallTypeEnquiryForBillingPostp._closeSR(TC_401_CallTypeEnquiryForBillingPostp.java:20)
	at sun.reflect.NativeMethodAccessorImpl.invoke0(Native Method)
	at sun.reflect.NativeMethodAccessorImpl.invoke(NativeMethodAccessorImpl.java:62)
	at sun.reflect.DelegatingMethodAccessorImpl.invoke(DelegatingMethodAccessorImpl.java:43)
	at java.lang.reflect.Method.invoke(Method.java:498)
	at org.testng.internal.MethodInvocationHelper.invokeMethod(MethodInvocationHelper.java:108)
	at org.testng.internal.Invoker.invokeConfigurationMethod(Invoker.java:523)
	at org.testng.internal.Invoker.invokeConfigurations(Invoker.java:224)
	at org.testng.internal.Invoker.invokeMethod(Invoker.java:599)
	at org.testng.internal.Invoker.invokeTestMethod(Invoker.java:869)
	at org.testng.internal.Invoker.invokeTestMethods(Invoker.java:1193)
	at org.testng.internal.TestMethodWorker.invokeTestMethods(TestMethodWorker.java:126)
	at org.testng.internal.TestMethodWorker.run(TestMethodWorker.java:109)
	at org.testng.TestRunner.privateRun(TestRunner.java:744)
	at org.testng.TestRunner.run(TestRunner.java:602)
	at org.testng.SuiteRunner.runTest(SuiteRunner.java:380)
	at org.testng.SuiteRunner.runSequentially(SuiteRunner.java:375)
	at org.testng.SuiteRunner.privateRun(SuiteRunner.java:340)
	at org.testng.SuiteRunner.run(SuiteRunner.java:289)
	at org.testng.SuiteRunnerWorker.runSuite(SuiteRunnerWorker.java:52)
	at org.testng.SuiteRunnerWorker.run(SuiteRunnerWorker.java:86)
	at org.testng.TestNG.runSuitesSequentially(TestNG.java:1301)
	at org.testng.TestNG.runSuitesLocally(TestNG.java:1226)
	at org.testng.TestNG.runSuites(TestNG.java:1144)
	at org.testng.TestNG.run(TestNG.java:1115)
	at org.apache.maven.surefire.testng.TestNGExecutor.run(TestNGExecutor.java:281)
	at org.apache.maven.surefire.testng.TestNGXmlTestSuite.execute(TestNGXmlTestSuite.java:75)
	at org.apache.maven.surefire.testng.TestNGProvider.invoke(TestNGProvider.java:121)
	at org.apache.maven.surefire.booter.ForkedBooter.invokeProviderInSameClassLoader(ForkedBooter.java:290)
	at org.apache.maven.surefire.booter.ForkedBooter.runSuitesInProcess(ForkedBooter.java:242)
	at org.apache.maven.surefire.booter.ForkedBooter.main(ForkedBooter.java:121)
</pre></div></td>
<td>0</td>
<td>com.vil.web.tests.prepaid.complaint.Test_Automation_084@724af044</td></tr>
<tr>
<td title='com.vil.web.tests.postpaid.enquiry.activation.TC_020_PostpaidEnquiryActivation.postPaidEnquiryActivation()'><b>postPaidEnquiryActivation</b><br>Test class: com.vil.web.tests.postpaid.enquiry.activation.TC_020_PostpaidEnquiryActivation<br>Test method:  Creation of Enquiry Call type for Sub-Type=Activation related</td>
<td><div><pre>java.lang.NullPointerException
	at com.vil.web.library.GenericLib.getColumnIndex(GenericLib.java:140)
	at com.vil.web.tests.postpaid.enquiry.activation.TC_401_CallTypeEnquiryForBillingPostp._closeSR(TC_401_CallTypeEnquiryForBillingPostp.java:20)
... Removed 30 stack frames</pre></div><a href='#' onClick='toggleBox("stack-trace730575236", this, "Click to show all stack frames", "Click to hide stack frames")'>Click to show all stack frames</a>
<div class='stack-trace' id='stack-trace730575236'><pre>java.lang.NullPointerException
	at com.vil.web.library.GenericLib.getColumnIndex(GenericLib.java:140)
	at com.vil.web.tests.postpaid.enquiry.activation.TC_401_CallTypeEnquiryForBillingPostp._closeSR(TC_401_CallTypeEnquiryForBillingPostp.java:20)
	at sun.reflect.NativeMethodAccessorImpl.invoke0(Native Method)
	at sun.reflect.NativeMethodAccessorImpl.invoke(NativeMethodAccessorImpl.java:62)
	at sun.reflect.DelegatingMethodAccessorImpl.invoke(DelegatingMethodAccessorImpl.java:43)
	at java.lang.reflect.Method.invoke(Method.java:498)
	at org.testng.internal.MethodInvocationHelper.invokeMethod(MethodInvocationHelper.java:108)
	at org.testng.internal.Invoker.invokeConfigurationMethod(Invoker.java:523)
	at org.testng.internal.Invoker.invokeConfigurations(Invoker.java:224)
	at org.testng.internal.Invoker.invokeMethod(Invoker.java:599)
	at org.testng.internal.Invoker.invokeTestMethod(Invoker.java:869)
	at org.testng.internal.Invoker.invokeTestMethods(Invoker.java:1193)
	at org.testng.internal.TestMethodWorker.invokeTestMethods(TestMethodWorker.java:126)
	at org.testng.internal.TestMethodWorker.run(TestMethodWorker.java:109)
	at org.testng.TestRunner.privateRun(TestRunner.java:744)
	at org.testng.TestRunner.run(TestRunner.java:602)
	at org.testng.SuiteRunner.runTest(SuiteRunner.java:380)
	at org.testng.SuiteRunner.runSequentially(SuiteRunner.java:375)
	at org.testng.SuiteRunner.privateRun(SuiteRunner.java:340)
	at org.testng.SuiteRunner.run(SuiteRunner.java:289)
	at org.testng.SuiteRunnerWorker.runSuite(SuiteRunnerWorker.java:52)
	at org.testng.SuiteRunnerWorker.run(SuiteRunnerWorker.java:86)
	at org.testng.TestNG.runSuitesSequentially(TestNG.java:1301)
	at org.testng.TestNG.runSuitesLocally(TestNG.java:1226)
	at org.testng.TestNG.runSuites(TestNG.java:1144)
	at org.testng.TestNG.run(TestNG.java:1115)
	at org.apache.maven.surefire.testng.TestNGExecutor.run(TestNGExecutor.java:281)
	at org.apache.maven.surefire.testng.TestNGXmlTestSuite.execute(TestNGXmlTestSuite.java:75)
	at org.apache.maven.surefire.testng.TestNGProvider.invoke(TestNGProvider.java:121)
	at org.apache.maven.surefire.booter.ForkedBooter.invokeProviderInSameClassLoader(ForkedBooter.java:290)
	at org.apache.maven.surefire.booter.ForkedBooter.runSuitesInProcess(ForkedBooter.java:242)
	at org.apache.maven.surefire.booter.ForkedBooter.main(ForkedBooter.java:121)
</pre></div></td>
<td>0</td>
<td>com.vil.web.tests.postpaid.enquiry.activation.TC_020_PostpaidEnquiryActivation@d2cc05a</td></tr>
<tr>
<td title='com.vil.web.tests.postpaid.complaint.TC_087_ServiceDisconnectionVoluntaryChurnRelatedPostp.serviceDisconnectionVoluntaryChurnRelatedPostp()'><b>serviceDisconnectionVoluntaryChurnRelatedPostp</b><br>Test class: com.vil.web.tests.postpaid.complaint.TC_087_ServiceDisconnectionVoluntaryChurnRelatedPostp<br>Test method: Network related complaint postpaid using BO user</td>
<td><div><pre>java.lang.NullPointerException
	at com.vil.web.library.GenericLib.getColumnIndex(GenericLib.java:140)
	at com.vil.web.tests.postpaid.enquiry.activation.TC_401_CallTypeEnquiryForBillingPostp._closeSR(TC_401_CallTypeEnquiryForBillingPostp.java:20)
... Removed 30 stack frames</pre></div><a href='#' onClick='toggleBox("stack-trace487219656", this, "Click to show all stack frames", "Click to hide stack frames")'>Click to show all stack frames</a>
<div class='stack-trace' id='stack-trace487219656'><pre>java.lang.NullPointerException
	at com.vil.web.library.GenericLib.getColumnIndex(GenericLib.java:140)
	at com.vil.web.tests.postpaid.enquiry.activation.TC_401_CallTypeEnquiryForBillingPostp._closeSR(TC_401_CallTypeEnquiryForBillingPostp.java:20)
	at sun.reflect.NativeMethodAccessorImpl.invoke0(Native Method)
	at sun.reflect.NativeMethodAccessorImpl.invoke(NativeMethodAccessorImpl.java:62)
	at sun.reflect.DelegatingMethodAccessorImpl.invoke(DelegatingMethodAccessorImpl.java:43)
	at java.lang.reflect.Method.invoke(Method.java:498)
	at org.testng.internal.MethodInvocationHelper.invokeMethod(MethodInvocationHelper.java:108)
	at org.testng.internal.Invoker.invokeConfigurationMethod(Invoker.java:523)
	at org.testng.internal.Invoker.invokeConfigurations(Invoker.java:224)
	at org.testng.internal.Invoker.invokeMethod(Invoker.java:599)
	at org.testng.internal.Invoker.invokeTestMethod(Invoker.java:869)
	at org.testng.internal.Invoker.invokeTestMethods(Invoker.java:1193)
	at org.testng.internal.TestMethodWorker.invokeTestMethods(TestMethodWorker.java:126)
	at org.testng.internal.TestMethodWorker.run(TestMethodWorker.java:109)
	at org.testng.TestRunner.privateRun(TestRunner.java:744)
	at org.testng.TestRunner.run(TestRunner.java:602)
	at org.testng.SuiteRunner.runTest(SuiteRunner.java:380)
	at org.testng.SuiteRunner.runSequentially(SuiteRunner.java:375)
	at org.testng.SuiteRunner.privateRun(SuiteRunner.java:340)
	at org.testng.SuiteRunner.run(SuiteRunner.java:289)
	at org.testng.SuiteRunnerWorker.runSuite(SuiteRunnerWorker.java:52)
	at org.testng.SuiteRunnerWorker.run(SuiteRunnerWorker.java:86)
	at org.testng.TestNG.runSuitesSequentially(TestNG.java:1301)
	at org.testng.TestNG.runSuitesLocally(TestNG.java:1226)
	at org.testng.TestNG.runSuites(TestNG.java:1144)
	at org.testng.TestNG.run(TestNG.java:1115)
	at org.apache.maven.surefire.testng.TestNGExecutor.run(TestNGExecutor.java:281)
	at org.apache.maven.surefire.testng.TestNGXmlTestSuite.execute(TestNGXmlTestSuite.java:75)
	at org.apache.maven.surefire.testng.TestNGProvider.invoke(TestNGProvider.java:121)
	at org.apache.maven.surefire.booter.ForkedBooter.invokeProviderInSameClassLoader(ForkedBooter.java:290)
	at org.apache.maven.surefire.booter.ForkedBooter.runSuitesInProcess(ForkedBooter.java:242)
	at org.apache.maven.surefire.booter.ForkedBooter.main(ForkedBooter.java:121)
</pre></div></td>
<td>0</td>
<td>com.vil.web.tests.postpaid.complaint.TC_087_ServiceDisconnectionVoluntaryChurnRelatedPostp@482f8f11</td></tr>
<tr>
<td title='com.vil.web.tests.postpaid.complaint.Test_Automation_079.verifyAllSimNotWorking()'><b>verifyAllSimNotWorking</b><br>Test class: com.vil.web.tests.postpaid.complaint.Test_Automation_079<br>Test method: All SIM not working complaints for postpaid customer</td>
<td><div><pre>java.lang.NullPointerException
	at com.vil.web.library.GenericLib.getColumnIndex(GenericLib.java:140)
	at com.vil.web.tests.postpaid.enquiry.activation.TC_401_CallTypeEnquiryForBillingPostp._closeSR(TC_401_CallTypeEnquiryForBillingPostp.java:20)
... Removed 30 stack frames</pre></div><a href='#' onClick='toggleBox("stack-trace817018735", this, "Click to show all stack frames", "Click to hide stack frames")'>Click to show all stack frames</a>
<div class='stack-trace' id='stack-trace817018735'><pre>java.lang.NullPointerException
	at com.vil.web.library.GenericLib.getColumnIndex(GenericLib.java:140)
	at com.vil.web.tests.postpaid.enquiry.activation.TC_401_CallTypeEnquiryForBillingPostp._closeSR(TC_401_CallTypeEnquiryForBillingPostp.java:20)
	at sun.reflect.NativeMethodAccessorImpl.invoke0(Native Method)
	at sun.reflect.NativeMethodAccessorImpl.invoke(NativeMethodAccessorImpl.java:62)
	at sun.reflect.DelegatingMethodAccessorImpl.invoke(DelegatingMethodAccessorImpl.java:43)
	at java.lang.reflect.Method.invoke(Method.java:498)
	at org.testng.internal.MethodInvocationHelper.invokeMethod(MethodInvocationHelper.java:108)
	at org.testng.internal.Invoker.invokeConfigurationMethod(Invoker.java:523)
	at org.testng.internal.Invoker.invokeConfigurations(Invoker.java:224)
	at org.testng.internal.Invoker.invokeMethod(Invoker.java:599)
	at org.testng.internal.Invoker.invokeTestMethod(Invoker.java:869)
	at org.testng.internal.Invoker.invokeTestMethods(Invoker.java:1193)
	at org.testng.internal.TestMethodWorker.invokeTestMethods(TestMethodWorker.java:126)
	at org.testng.internal.TestMethodWorker.run(TestMethodWorker.java:109)
	at org.testng.TestRunner.privateRun(TestRunner.java:744)
	at org.testng.TestRunner.run(TestRunner.java:602)
	at org.testng.SuiteRunner.runTest(SuiteRunner.java:380)
	at org.testng.SuiteRunner.runSequentially(SuiteRunner.java:375)
	at org.testng.SuiteRunner.privateRun(SuiteRunner.java:340)
	at org.testng.SuiteRunner.run(SuiteRunner.java:289)
	at org.testng.SuiteRunnerWorker.runSuite(SuiteRunnerWorker.java:52)
	at org.testng.SuiteRunnerWorker.run(SuiteRunnerWorker.java:86)
	at org.testng.TestNG.runSuitesSequentially(TestNG.java:1301)
	at org.testng.TestNG.runSuitesLocally(TestNG.java:1226)
	at org.testng.TestNG.runSuites(TestNG.java:1144)
	at org.testng.TestNG.run(TestNG.java:1115)
	at org.apache.maven.surefire.testng.TestNGExecutor.run(TestNGExecutor.java:281)
	at org.apache.maven.surefire.testng.TestNGXmlTestSuite.execute(TestNGXmlTestSuite.java:75)
	at org.apache.maven.surefire.testng.TestNGProvider.invoke(TestNGProvider.java:121)
	at org.apache.maven.surefire.booter.ForkedBooter.invokeProviderInSameClassLoader(ForkedBooter.java:290)
	at org.apache.maven.surefire.booter.ForkedBooter.runSuitesInProcess(ForkedBooter.java:242)
	at org.apache.maven.surefire.booter.ForkedBooter.main(ForkedBooter.java:121)
</pre></div></td>
<td>0</td>
<td>com.vil.web.tests.postpaid.complaint.Test_Automation_079@215be6bb</td></tr>
<tr>
<td title='com.vil.web.tests.postpaid.complaint.Test_Automation_099.verifyBenefitNotReceivedComplaint()'><b>verifyBenefitNotReceivedComplaint</b><br>Test class: com.vil.web.tests.postpaid.complaint.Test_Automation_099<br>Test method: Benefit not Received complaints for prepaid customer</td>
<td><div><pre>java.lang.NullPointerException
	at com.vil.web.library.GenericLib.getColumnIndex(GenericLib.java:140)
	at com.vil.web.tests.postpaid.enquiry.activation.TC_401_CallTypeEnquiryForBillingPostp._closeSR(TC_401_CallTypeEnquiryForBillingPostp.java:20)
... Removed 30 stack frames</pre></div><a href='#' onClick='toggleBox("stack-trace1881419576", this, "Click to show all stack frames", "Click to hide stack frames")'>Click to show all stack frames</a>
<div class='stack-trace' id='stack-trace1881419576'><pre>java.lang.NullPointerException
	at com.vil.web.library.GenericLib.getColumnIndex(GenericLib.java:140)
	at com.vil.web.tests.postpaid.enquiry.activation.TC_401_CallTypeEnquiryForBillingPostp._closeSR(TC_401_CallTypeEnquiryForBillingPostp.java:20)
	at sun.reflect.NativeMethodAccessorImpl.invoke0(Native Method)
	at sun.reflect.NativeMethodAccessorImpl.invoke(NativeMethodAccessorImpl.java:62)
	at sun.reflect.DelegatingMethodAccessorImpl.invoke(DelegatingMethodAccessorImpl.java:43)
	at java.lang.reflect.Method.invoke(Method.java:498)
	at org.testng.internal.MethodInvocationHelper.invokeMethod(MethodInvocationHelper.java:108)
	at org.testng.internal.Invoker.invokeConfigurationMethod(Invoker.java:523)
	at org.testng.internal.Invoker.invokeConfigurations(Invoker.java:224)
	at org.testng.internal.Invoker.invokeMethod(Invoker.java:599)
	at org.testng.internal.Invoker.invokeTestMethod(Invoker.java:869)
	at org.testng.internal.Invoker.invokeTestMethods(Invoker.java:1193)
	at org.testng.internal.TestMethodWorker.invokeTestMethods(TestMethodWorker.java:126)
	at org.testng.internal.TestMethodWorker.run(TestMethodWorker.java:109)
	at org.testng.TestRunner.privateRun(TestRunner.java:744)
	at org.testng.TestRunner.run(TestRunner.java:602)
	at org.testng.SuiteRunner.runTest(SuiteRunner.java:380)
	at org.testng.SuiteRunner.runSequentially(SuiteRunner.java:375)
	at org.testng.SuiteRunner.privateRun(SuiteRunner.java:340)
	at org.testng.SuiteRunner.run(SuiteRunner.java:289)
	at org.testng.SuiteRunnerWorker.runSuite(SuiteRunnerWorker.java:52)
	at org.testng.SuiteRunnerWorker.run(SuiteRunnerWorker.java:86)
	at org.testng.TestNG.runSuitesSequentially(TestNG.java:1301)
	at org.testng.TestNG.runSuitesLocally(TestNG.java:1226)
	at org.testng.TestNG.runSuites(TestNG.java:1144)
	at org.testng.TestNG.run(TestNG.java:1115)
	at org.apache.maven.surefire.testng.TestNGExecutor.run(TestNGExecutor.java:281)
	at org.apache.maven.surefire.testng.TestNGXmlTestSuite.execute(TestNGXmlTestSuite.java:75)
	at org.apache.maven.surefire.testng.TestNGProvider.invoke(TestNGProvider.java:121)
	at org.apache.maven.surefire.booter.ForkedBooter.invokeProviderInSameClassLoader(ForkedBooter.java:290)
	at org.apache.maven.surefire.booter.ForkedBooter.runSuitesInProcess(ForkedBooter.java:242)
	at org.apache.maven.surefire.booter.ForkedBooter.main(ForkedBooter.java:121)
</pre></div></td>
<td>0</td>
<td>com.vil.web.tests.postpaid.complaint.Test_Automation_099@23ceabc1</td></tr>
<tr>
<td title='com.vil.web.tests.binocularsearch.Test_Automation_246.verifyBinacularSearchFileds()'><b>verifyBinacularSearchFileds</b><br>Test class: com.vil.web.tests.binocularsearch.Test_Automation_246<br>Test method: Binocular Search with all options available on Siebel</td>
<td><div><pre>java.lang.NullPointerException
	at com.vil.web.library.GenericLib.getColumnIndex(GenericLib.java:140)
	at com.vil.web.tests.postpaid.enquiry.activation.TC_401_CallTypeEnquiryForBillingPostp._closeSR(TC_401_CallTypeEnquiryForBillingPostp.java:20)
... Removed 30 stack frames</pre></div><a href='#' onClick='toggleBox("stack-trace837693403", this, "Click to show all stack frames", "Click to hide stack frames")'>Click to show all stack frames</a>
<div class='stack-trace' id='stack-trace837693403'><pre>java.lang.NullPointerException
	at com.vil.web.library.GenericLib.getColumnIndex(GenericLib.java:140)
	at com.vil.web.tests.postpaid.enquiry.activation.TC_401_CallTypeEnquiryForBillingPostp._closeSR(TC_401_CallTypeEnquiryForBillingPostp.java:20)
	at sun.reflect.NativeMethodAccessorImpl.invoke0(Native Method)
	at sun.reflect.NativeMethodAccessorImpl.invoke(NativeMethodAccessorImpl.java:62)
	at sun.reflect.DelegatingMethodAccessorImpl.invoke(DelegatingMethodAccessorImpl.java:43)
	at java.lang.reflect.Method.invoke(Method.java:498)
	at org.testng.internal.MethodInvocationHelper.invokeMethod(MethodInvocationHelper.java:108)
	at org.testng.internal.Invoker.invokeConfigurationMethod(Invoker.java:523)
	at org.testng.internal.Invoker.invokeConfigurations(Invoker.java:224)
	at org.testng.internal.Invoker.invokeMethod(Invoker.java:599)
	at org.testng.internal.Invoker.invokeTestMethod(Invoker.java:869)
	at org.testng.internal.Invoker.invokeTestMethods(Invoker.java:1193)
	at org.testng.internal.TestMethodWorker.invokeTestMethods(TestMethodWorker.java:126)
	at org.testng.internal.TestMethodWorker.run(TestMethodWorker.java:109)
	at org.testng.TestRunner.privateRun(TestRunner.java:744)
	at org.testng.TestRunner.run(TestRunner.java:602)
	at org.testng.SuiteRunner.runTest(SuiteRunner.java:380)
	at org.testng.SuiteRunner.runSequentially(SuiteRunner.java:375)
	at org.testng.SuiteRunner.privateRun(SuiteRunner.java:340)
	at org.testng.SuiteRunner.run(SuiteRunner.java:289)
	at org.testng.SuiteRunnerWorker.runSuite(SuiteRunnerWorker.java:52)
	at org.testng.SuiteRunnerWorker.run(SuiteRunnerWorker.java:86)
	at org.testng.TestNG.runSuitesSequentially(TestNG.java:1301)
	at org.testng.TestNG.runSuitesLocally(TestNG.java:1226)
	at org.testng.TestNG.runSuites(TestNG.java:1144)
	at org.testng.TestNG.run(TestNG.java:1115)
	at org.apache.maven.surefire.testng.TestNGExecutor.run(TestNGExecutor.java:281)
	at org.apache.maven.surefire.testng.TestNGXmlTestSuite.execute(TestNGXmlTestSuite.java:75)
	at org.apache.maven.surefire.testng.TestNGProvider.invoke(TestNGProvider.java:121)
	at org.apache.maven.surefire.booter.ForkedBooter.invokeProviderInSameClassLoader(ForkedBooter.java:290)
	at org.apache.maven.surefire.booter.ForkedBooter.runSuitesInProcess(ForkedBooter.java:242)
	at org.apache.maven.surefire.booter.ForkedBooter.main(ForkedBooter.java:121)
</pre></div></td>
<td>0</td>
<td>com.vil.web.tests.binocularsearch.Test_Automation_246@6cc4c815</td></tr>
<tr>
<td title='com.vil.web.tests.postpaid.complaint.Test_Automation_104.verifyIncorrectPlanOrOffers()'><b>verifyIncorrectPlanOrOffers</b><br>Test class: com.vil.web.tests.postpaid.complaint.Test_Automation_104<br>Test method: Incorrect Plan or Offers  for postpaid customer</td>
<td><div><pre>java.lang.NullPointerException
	at com.vil.web.library.GenericLib.getColumnIndex(GenericLib.java:140)
	at com.vil.web.tests.postpaid.enquiry.activation.TC_401_CallTypeEnquiryForBillingPostp._closeSR(TC_401_CallTypeEnquiryForBillingPostp.java:20)
... Removed 30 stack frames</pre></div><a href='#' onClick='toggleBox("stack-trace1118969241", this, "Click to show all stack frames", "Click to hide stack frames")'>Click to show all stack frames</a>
<div class='stack-trace' id='stack-trace1118969241'><pre>java.lang.NullPointerException
	at com.vil.web.library.GenericLib.getColumnIndex(GenericLib.java:140)
	at com.vil.web.tests.postpaid.enquiry.activation.TC_401_CallTypeEnquiryForBillingPostp._closeSR(TC_401_CallTypeEnquiryForBillingPostp.java:20)
	at sun.reflect.NativeMethodAccessorImpl.invoke0(Native Method)
	at sun.reflect.NativeMethodAccessorImpl.invoke(NativeMethodAccessorImpl.java:62)
	at sun.reflect.DelegatingMethodAccessorImpl.invoke(DelegatingMethodAccessorImpl.java:43)
	at java.lang.reflect.Method.invoke(Method.java:498)
	at org.testng.internal.MethodInvocationHelper.invokeMethod(MethodInvocationHelper.java:108)
	at org.testng.internal.Invoker.invokeConfigurationMethod(Invoker.java:523)
	at org.testng.internal.Invoker.invokeConfigurations(Invoker.java:224)
	at org.testng.internal.Invoker.invokeMethod(Invoker.java:599)
	at org.testng.internal.Invoker.invokeTestMethod(Invoker.java:869)
	at org.testng.internal.Invoker.invokeTestMethods(Invoker.java:1193)
	at org.testng.internal.TestMethodWorker.invokeTestMethods(TestMethodWorker.java:126)
	at org.testng.internal.TestMethodWorker.run(TestMethodWorker.java:109)
	at org.testng.TestRunner.privateRun(TestRunner.java:744)
	at org.testng.TestRunner.run(TestRunner.java:602)
	at org.testng.SuiteRunner.runTest(SuiteRunner.java:380)
	at org.testng.SuiteRunner.runSequentially(SuiteRunner.java:375)
	at org.testng.SuiteRunner.privateRun(SuiteRunner.java:340)
	at org.testng.SuiteRunner.run(SuiteRunner.java:289)
	at org.testng.SuiteRunnerWorker.runSuite(SuiteRunnerWorker.java:52)
	at org.testng.SuiteRunnerWorker.run(SuiteRunnerWorker.java:86)
	at org.testng.TestNG.runSuitesSequentially(TestNG.java:1301)
	at org.testng.TestNG.runSuitesLocally(TestNG.java:1226)
	at org.testng.TestNG.runSuites(TestNG.java:1144)
	at org.testng.TestNG.run(TestNG.java:1115)
	at org.apache.maven.surefire.testng.TestNGExecutor.run(TestNGExecutor.java:281)
	at org.apache.maven.surefire.testng.TestNGXmlTestSuite.execute(TestNGXmlTestSuite.java:75)
	at org.apache.maven.surefire.testng.TestNGProvider.invoke(TestNGProvider.java:121)
	at org.apache.maven.surefire.booter.ForkedBooter.invokeProviderInSameClassLoader(ForkedBooter.java:290)
	at org.apache.maven.surefire.booter.ForkedBooter.runSuitesInProcess(ForkedBooter.java:242)
	at org.apache.maven.surefire.booter.ForkedBooter.main(ForkedBooter.java:121)
</pre></div></td>
<td>0</td>
<td>com.vil.web.tests.postpaid.complaint.Test_Automation_104@56f4468b</td></tr>
<tr>
<td title='com.vil.web.tests.postpaid.complaint.Test_Automation_081.verifyLinkDownComplaint()'><b>verifyLinkDownComplaint</b><br>Test class: com.vil.web.tests.postpaid.complaint.Test_Automation_081<br>Test method: Link Down complaints for postpaid customer</td>
<td><div><pre>java.lang.NullPointerException
	at com.vil.web.library.GenericLib.getColumnIndex(GenericLib.java:140)
	at com.vil.web.tests.postpaid.enquiry.activation.TC_401_CallTypeEnquiryForBillingPostp._closeSR(TC_401_CallTypeEnquiryForBillingPostp.java:20)
... Removed 30 stack frames</pre></div><a href='#' onClick='toggleBox("stack-trace1489946715", this, "Click to show all stack frames", "Click to hide stack frames")'>Click to show all stack frames</a>
<div class='stack-trace' id='stack-trace1489946715'><pre>java.lang.NullPointerException
	at com.vil.web.library.GenericLib.getColumnIndex(GenericLib.java:140)
	at com.vil.web.tests.postpaid.enquiry.activation.TC_401_CallTypeEnquiryForBillingPostp._closeSR(TC_401_CallTypeEnquiryForBillingPostp.java:20)
	at sun.reflect.NativeMethodAccessorImpl.invoke0(Native Method)
	at sun.reflect.NativeMethodAccessorImpl.invoke(NativeMethodAccessorImpl.java:62)
	at sun.reflect.DelegatingMethodAccessorImpl.invoke(DelegatingMethodAccessorImpl.java:43)
	at java.lang.reflect.Method.invoke(Method.java:498)
	at org.testng.internal.MethodInvocationHelper.invokeMethod(MethodInvocationHelper.java:108)
	at org.testng.internal.Invoker.invokeConfigurationMethod(Invoker.java:523)
	at org.testng.internal.Invoker.invokeConfigurations(Invoker.java:224)
	at org.testng.internal.Invoker.invokeMethod(Invoker.java:599)
	at org.testng.internal.Invoker.invokeTestMethod(Invoker.java:869)
	at org.testng.internal.Invoker.invokeTestMethods(Invoker.java:1193)
	at org.testng.internal.TestMethodWorker.invokeTestMethods(TestMethodWorker.java:126)
	at org.testng.internal.TestMethodWorker.run(TestMethodWorker.java:109)
	at org.testng.TestRunner.privateRun(TestRunner.java:744)
	at org.testng.TestRunner.run(TestRunner.java:602)
	at org.testng.SuiteRunner.runTest(SuiteRunner.java:380)
	at org.testng.SuiteRunner.runSequentially(SuiteRunner.java:375)
	at org.testng.SuiteRunner.privateRun(SuiteRunner.java:340)
	at org.testng.SuiteRunner.run(SuiteRunner.java:289)
	at org.testng.SuiteRunnerWorker.runSuite(SuiteRunnerWorker.java:52)
	at org.testng.SuiteRunnerWorker.run(SuiteRunnerWorker.java:86)
	at org.testng.TestNG.runSuitesSequentially(TestNG.java:1301)
	at org.testng.TestNG.runSuitesLocally(TestNG.java:1226)
	at org.testng.TestNG.runSuites(TestNG.java:1144)
	at org.testng.TestNG.run(TestNG.java:1115)
	at org.apache.maven.surefire.testng.TestNGExecutor.run(TestNGExecutor.java:281)
	at org.apache.maven.surefire.testng.TestNGXmlTestSuite.execute(TestNGXmlTestSuite.java:75)
	at org.apache.maven.surefire.testng.TestNGProvider.invoke(TestNGProvider.java:121)
	at org.apache.maven.surefire.booter.ForkedBooter.invokeProviderInSameClassLoader(ForkedBooter.java:290)
	at org.apache.maven.surefire.booter.ForkedBooter.runSuitesInProcess(ForkedBooter.java:242)
	at org.apache.maven.surefire.booter.ForkedBooter.main(ForkedBooter.java:121)
</pre></div></td>
<td>0</td>
<td>com.vil.web.tests.postpaid.complaint.Test_Automation_081@4439f31e</td></tr>
<tr>
<td title='com.vil.web.tests.postpaid.complaint.Test_Automation_098.verifyNeverRequestedComplaints()'><b>verifyNeverRequestedComplaints</b><br>Test class: com.vil.web.tests.postpaid.complaint.Test_Automation_098<br>Test method: Never Requested complaints for postpaid customer</td>
<td><div><pre>java.lang.NullPointerException
	at com.vil.web.library.GenericLib.getColumnIndex(GenericLib.java:140)
	at com.vil.web.tests.postpaid.enquiry.activation.TC_401_CallTypeEnquiryForBillingPostp._closeSR(TC_401_CallTypeEnquiryForBillingPostp.java:20)
... Removed 30 stack frames</pre></div><a href='#' onClick='toggleBox("stack-trace1774795940", this, "Click to show all stack frames", "Click to hide stack frames")'>Click to show all stack frames</a>
<div class='stack-trace' id='stack-trace1774795940'><pre>java.lang.NullPointerException
	at com.vil.web.library.GenericLib.getColumnIndex(GenericLib.java:140)
	at com.vil.web.tests.postpaid.enquiry.activation.TC_401_CallTypeEnquiryForBillingPostp._closeSR(TC_401_CallTypeEnquiryForBillingPostp.java:20)
	at sun.reflect.NativeMethodAccessorImpl.invoke0(Native Method)
	at sun.reflect.NativeMethodAccessorImpl.invoke(NativeMethodAccessorImpl.java:62)
	at sun.reflect.DelegatingMethodAccessorImpl.invoke(DelegatingMethodAccessorImpl.java:43)
	at java.lang.reflect.Method.invoke(Method.java:498)
	at org.testng.internal.MethodInvocationHelper.invokeMethod(MethodInvocationHelper.java:108)
	at org.testng.internal.Invoker.invokeConfigurationMethod(Invoker.java:523)
	at org.testng.internal.Invoker.invokeConfigurations(Invoker.java:224)
	at org.testng.internal.Invoker.invokeMethod(Invoker.java:599)
	at org.testng.internal.Invoker.invokeTestMethod(Invoker.java:869)
	at org.testng.internal.Invoker.invokeTestMethods(Invoker.java:1193)
	at org.testng.internal.TestMethodWorker.invokeTestMethods(TestMethodWorker.java:126)
	at org.testng.internal.TestMethodWorker.run(TestMethodWorker.java:109)
	at org.testng.TestRunner.privateRun(TestRunner.java:744)
	at org.testng.TestRunner.run(TestRunner.java:602)
	at org.testng.SuiteRunner.runTest(SuiteRunner.java:380)
	at org.testng.SuiteRunner.runSequentially(SuiteRunner.java:375)
	at org.testng.SuiteRunner.privateRun(SuiteRunner.java:340)
	at org.testng.SuiteRunner.run(SuiteRunner.java:289)
	at org.testng.SuiteRunnerWorker.runSuite(SuiteRunnerWorker.java:52)
	at org.testng.SuiteRunnerWorker.run(SuiteRunnerWorker.java:86)
	at org.testng.TestNG.runSuitesSequentially(TestNG.java:1301)
	at org.testng.TestNG.runSuitesLocally(TestNG.java:1226)
	at org.testng.TestNG.runSuites(TestNG.java:1144)
	at org.testng.TestNG.run(TestNG.java:1115)
	at org.apache.maven.surefire.testng.TestNGExecutor.run(TestNGExecutor.java:281)
	at org.apache.maven.surefire.testng.TestNGXmlTestSuite.execute(TestNGXmlTestSuite.java:75)
	at org.apache.maven.surefire.testng.TestNGProvider.invoke(TestNGProvider.java:121)
	at org.apache.maven.surefire.booter.ForkedBooter.invokeProviderInSameClassLoader(ForkedBooter.java:290)
	at org.apache.maven.surefire.booter.ForkedBooter.runSuitesInProcess(ForkedBooter.java:242)
	at org.apache.maven.surefire.booter.ForkedBooter.main(ForkedBooter.java:121)
</pre></div></td>
<td>0</td>
<td>com.vil.web.tests.postpaid.complaint.Test_Automation_098@5dfcfece</td></tr>
<tr>
<td title='com.vil.web.tests.postpaid.complaint.Test_Automation_078.verifyParticularIpNotAccessible()'><b>verifyParticularIpNotAccessible</b><br>Test class: com.vil.web.tests.postpaid.complaint.Test_Automation_078<br>Test method: Particular IP not accessible complaints for postpaid customer</td>
<td><div><pre>java.lang.NullPointerException
	at com.vil.web.library.GenericLib.getColumnIndex(GenericLib.java:140)
	at com.vil.web.tests.postpaid.enquiry.activation.TC_401_CallTypeEnquiryForBillingPostp._closeSR(TC_401_CallTypeEnquiryForBillingPostp.java:20)
... Removed 30 stack frames</pre></div><a href='#' onClick='toggleBox("stack-trace413550077", this, "Click to show all stack frames", "Click to hide stack frames")'>Click to show all stack frames</a>
<div class='stack-trace' id='stack-trace413550077'><pre>java.lang.NullPointerException
	at com.vil.web.library.GenericLib.getColumnIndex(GenericLib.java:140)
	at com.vil.web.tests.postpaid.enquiry.activation.TC_401_CallTypeEnquiryForBillingPostp._closeSR(TC_401_CallTypeEnquiryForBillingPostp.java:20)
	at sun.reflect.NativeMethodAccessorImpl.invoke0(Native Method)
	at sun.reflect.NativeMethodAccessorImpl.invoke(NativeMethodAccessorImpl.java:62)
	at sun.reflect.DelegatingMethodAccessorImpl.invoke(DelegatingMethodAccessorImpl.java:43)
	at java.lang.reflect.Method.invoke(Method.java:498)
	at org.testng.internal.MethodInvocationHelper.invokeMethod(MethodInvocationHelper.java:108)
	at org.testng.internal.Invoker.invokeConfigurationMethod(Invoker.java:523)
	at org.testng.internal.Invoker.invokeConfigurations(Invoker.java:224)
	at org.testng.internal.Invoker.invokeMethod(Invoker.java:599)
	at org.testng.internal.Invoker.invokeTestMethod(Invoker.java:869)
	at org.testng.internal.Invoker.invokeTestMethods(Invoker.java:1193)
	at org.testng.internal.TestMethodWorker.invokeTestMethods(TestMethodWorker.java:126)
	at org.testng.internal.TestMethodWorker.run(TestMethodWorker.java:109)
	at org.testng.TestRunner.privateRun(TestRunner.java:744)
	at org.testng.TestRunner.run(TestRunner.java:602)
	at org.testng.SuiteRunner.runTest(SuiteRunner.java:380)
	at org.testng.SuiteRunner.runSequentially(SuiteRunner.java:375)
	at org.testng.SuiteRunner.privateRun(SuiteRunner.java:340)
	at org.testng.SuiteRunner.run(SuiteRunner.java:289)
	at org.testng.SuiteRunnerWorker.runSuite(SuiteRunnerWorker.java:52)
	at org.testng.SuiteRunnerWorker.run(SuiteRunnerWorker.java:86)
	at org.testng.TestNG.runSuitesSequentially(TestNG.java:1301)
	at org.testng.TestNG.runSuitesLocally(TestNG.java:1226)
	at org.testng.TestNG.runSuites(TestNG.java:1144)
	at org.testng.TestNG.run(TestNG.java:1115)
	at org.apache.maven.surefire.testng.TestNGExecutor.run(TestNGExecutor.java:281)
	at org.apache.maven.surefire.testng.TestNGXmlTestSuite.execute(TestNGXmlTestSuite.java:75)
	at org.apache.maven.surefire.testng.TestNGProvider.invoke(TestNGProvider.java:121)
	at org.apache.maven.surefire.booter.ForkedBooter.invokeProviderInSameClassLoader(ForkedBooter.java:290)
	at org.apache.maven.surefire.booter.ForkedBooter.runSuitesInProcess(ForkedBooter.java:242)
	at org.apache.maven.surefire.booter.ForkedBooter.main(ForkedBooter.java:121)
</pre></div></td>
<td>0</td>
<td>com.vil.web.tests.postpaid.complaint.Test_Automation_078@32d992b2</td></tr>
<tr>
<td title='com.vil.web.tests.postpaid.activation.Postpaid360DegreeVerification.verifyPostpaid360DegreeScreen()'><b>verifyPostpaid360DegreeScreen</b><br>Test class: com.vil.web.tests.postpaid.activation.Postpaid360DegreeVerification<br>Test method:  360 Degree Page Validation for postpaid user </td>
<td><div><pre>java.lang.NullPointerException
	at com.vil.web.library.GenericLib.getColumnIndex(GenericLib.java:140)
	at com.vil.web.tests.postpaid.enquiry.activation.TC_401_CallTypeEnquiryForBillingPostp._closeSR(TC_401_CallTypeEnquiryForBillingPostp.java:20)
... Removed 30 stack frames</pre></div><a href='#' onClick='toggleBox("stack-trace1794068152", this, "Click to show all stack frames", "Click to hide stack frames")'>Click to show all stack frames</a>
<div class='stack-trace' id='stack-trace1794068152'><pre>java.lang.NullPointerException
	at com.vil.web.library.GenericLib.getColumnIndex(GenericLib.java:140)
	at com.vil.web.tests.postpaid.enquiry.activation.TC_401_CallTypeEnquiryForBillingPostp._closeSR(TC_401_CallTypeEnquiryForBillingPostp.java:20)
	at sun.reflect.NativeMethodAccessorImpl.invoke0(Native Method)
	at sun.reflect.NativeMethodAccessorImpl.invoke(NativeMethodAccessorImpl.java:62)
	at sun.reflect.DelegatingMethodAccessorImpl.invoke(DelegatingMethodAccessorImpl.java:43)
	at java.lang.reflect.Method.invoke(Method.java:498)
	at org.testng.internal.MethodInvocationHelper.invokeMethod(MethodInvocationHelper.java:108)
	at org.testng.internal.Invoker.invokeConfigurationMethod(Invoker.java:523)
	at org.testng.internal.Invoker.invokeConfigurations(Invoker.java:224)
	at org.testng.internal.Invoker.invokeMethod(Invoker.java:599)
	at org.testng.internal.Invoker.invokeTestMethod(Invoker.java:869)
	at org.testng.internal.Invoker.invokeTestMethods(Invoker.java:1193)
	at org.testng.internal.TestMethodWorker.invokeTestMethods(TestMethodWorker.java:126)
	at org.testng.internal.TestMethodWorker.run(TestMethodWorker.java:109)
	at org.testng.TestRunner.privateRun(TestRunner.java:744)
	at org.testng.TestRunner.run(TestRunner.java:602)
	at org.testng.SuiteRunner.runTest(SuiteRunner.java:380)
	at org.testng.SuiteRunner.runSequentially(SuiteRunner.java:375)
	at org.testng.SuiteRunner.privateRun(SuiteRunner.java:340)
	at org.testng.SuiteRunner.run(SuiteRunner.java:289)
	at org.testng.SuiteRunnerWorker.runSuite(SuiteRunnerWorker.java:52)
	at org.testng.SuiteRunnerWorker.run(SuiteRunnerWorker.java:86)
	at org.testng.TestNG.runSuitesSequentially(TestNG.java:1301)
	at org.testng.TestNG.runSuitesLocally(TestNG.java:1226)
	at org.testng.TestNG.runSuites(TestNG.java:1144)
	at org.testng.TestNG.run(TestNG.java:1115)
	at org.apache.maven.surefire.testng.TestNGExecutor.run(TestNGExecutor.java:281)
	at org.apache.maven.surefire.testng.TestNGXmlTestSuite.execute(TestNGXmlTestSuite.java:75)
	at org.apache.maven.surefire.testng.TestNGProvider.invoke(TestNGProvider.java:121)
	at org.apache.maven.surefire.booter.ForkedBooter.invokeProviderInSameClassLoader(ForkedBooter.java:290)
	at org.apache.maven.surefire.booter.ForkedBooter.runSuitesInProcess(ForkedBooter.java:242)
	at org.apache.maven.surefire.booter.ForkedBooter.main(ForkedBooter.java:121)
</pre></div></td>
<td>0</td>
<td>com.vil.web.tests.postpaid.activation.Postpaid360DegreeVerification@6d00a15d</td></tr>
<tr>
<td title='com.vil.web.tests.prepaid.activation.Prepaid360DegreeVerification.verifyPrepaid360DegreeScreen()'><b>verifyPrepaid360DegreeScreen</b><br>Test class: com.vil.web.tests.prepaid.activation.Prepaid360DegreeVerification<br>Test method:  360 Degree Page Validation for prepaid user </td>
<td><div><pre>java.lang.NullPointerException
	at com.vil.web.library.GenericLib.getColumnIndex(GenericLib.java:140)
	at com.vil.web.tests.postpaid.enquiry.activation.TC_401_CallTypeEnquiryForBillingPostp._closeSR(TC_401_CallTypeEnquiryForBillingPostp.java:20)
... Removed 30 stack frames</pre></div><a href='#' onClick='toggleBox("stack-trace595663369", this, "Click to show all stack frames", "Click to hide stack frames")'>Click to show all stack frames</a>
<div class='stack-trace' id='stack-trace595663369'><pre>java.lang.NullPointerException
	at com.vil.web.library.GenericLib.getColumnIndex(GenericLib.java:140)
	at com.vil.web.tests.postpaid.enquiry.activation.TC_401_CallTypeEnquiryForBillingPostp._closeSR(TC_401_CallTypeEnquiryForBillingPostp.java:20)
	at sun.reflect.NativeMethodAccessorImpl.invoke0(Native Method)
	at sun.reflect.NativeMethodAccessorImpl.invoke(NativeMethodAccessorImpl.java:62)
	at sun.reflect.DelegatingMethodAccessorImpl.invoke(DelegatingMethodAccessorImpl.java:43)
	at java.lang.reflect.Method.invoke(Method.java:498)
	at org.testng.internal.MethodInvocationHelper.invokeMethod(MethodInvocationHelper.java:108)
	at org.testng.internal.Invoker.invokeConfigurationMethod(Invoker.java:523)
	at org.testng.internal.Invoker.invokeConfigurations(Invoker.java:224)
	at org.testng.internal.Invoker.invokeMethod(Invoker.java:599)
	at org.testng.internal.Invoker.invokeTestMethod(Invoker.java:869)
	at org.testng.internal.Invoker.invokeTestMethods(Invoker.java:1193)
	at org.testng.internal.TestMethodWorker.invokeTestMethods(TestMethodWorker.java:126)
	at org.testng.internal.TestMethodWorker.run(TestMethodWorker.java:109)
	at org.testng.TestRunner.privateRun(TestRunner.java:744)
	at org.testng.TestRunner.run(TestRunner.java:602)
	at org.testng.SuiteRunner.runTest(SuiteRunner.java:380)
	at org.testng.SuiteRunner.runSequentially(SuiteRunner.java:375)
	at org.testng.SuiteRunner.privateRun(SuiteRunner.java:340)
	at org.testng.SuiteRunner.run(SuiteRunner.java:289)
	at org.testng.SuiteRunnerWorker.runSuite(SuiteRunnerWorker.java:52)
	at org.testng.SuiteRunnerWorker.run(SuiteRunnerWorker.java:86)
	at org.testng.TestNG.runSuitesSequentially(TestNG.java:1301)
	at org.testng.TestNG.runSuitesLocally(TestNG.java:1226)
	at org.testng.TestNG.runSuites(TestNG.java:1144)
	at org.testng.TestNG.run(TestNG.java:1115)
	at org.apache.maven.surefire.testng.TestNGExecutor.run(TestNGExecutor.java:281)
	at org.apache.maven.surefire.testng.TestNGXmlTestSuite.execute(TestNGXmlTestSuite.java:75)
	at org.apache.maven.surefire.testng.TestNGProvider.invoke(TestNGProvider.java:121)
	at org.apache.maven.surefire.booter.ForkedBooter.invokeProviderInSameClassLoader(ForkedBooter.java:290)
	at org.apache.maven.surefire.booter.ForkedBooter.runSuitesInProcess(ForkedBooter.java:242)
	at org.apache.maven.surefire.booter.ForkedBooter.main(ForkedBooter.java:121)
</pre></div></td>
<td>0</td>
<td>com.vil.web.tests.prepaid.activation.Prepaid360DegreeVerification@51efea79</td></tr>
<tr>
<td title='com.vil.web.tests.postpaid.complaint.Test_Automation_077.verifyStaticIpNotReachable()'><b>verifyStaticIpNotReachable</b><br>Test class: com.vil.web.tests.postpaid.complaint.Test_Automation_077<br>Test method: Static IP not reachable complaints for postpaid customer</td>
<td><div><pre>java.lang.NullPointerException
	at com.vil.web.library.GenericLib.getColumnIndex(GenericLib.java:140)
	at com.vil.web.tests.postpaid.complaint.Test_Automation_077._closeSR(Test_Automation_077.java:25)
... Removed 30 stack frames</pre></div><a href='#' onClick='toggleBox("stack-trace1366212088", this, "Click to show all stack frames", "Click to hide stack frames")'>Click to show all stack frames</a>
<div class='stack-trace' id='stack-trace1366212088'><pre>java.lang.NullPointerException
	at com.vil.web.library.GenericLib.getColumnIndex(GenericLib.java:140)
	at com.vil.web.tests.postpaid.complaint.Test_Automation_077._closeSR(Test_Automation_077.java:25)
	at sun.reflect.NativeMethodAccessorImpl.invoke0(Native Method)
	at sun.reflect.NativeMethodAccessorImpl.invoke(NativeMethodAccessorImpl.java:62)
	at sun.reflect.DelegatingMethodAccessorImpl.invoke(DelegatingMethodAccessorImpl.java:43)
	at java.lang.reflect.Method.invoke(Method.java:498)
	at org.testng.internal.MethodInvocationHelper.invokeMethod(MethodInvocationHelper.java:108)
	at org.testng.internal.Invoker.invokeConfigurationMethod(Invoker.java:523)
	at org.testng.internal.Invoker.invokeConfigurations(Invoker.java:224)
	at org.testng.internal.Invoker.invokeMethod(Invoker.java:599)
	at org.testng.internal.Invoker.invokeTestMethod(Invoker.java:869)
	at org.testng.internal.Invoker.invokeTestMethods(Invoker.java:1193)
	at org.testng.internal.TestMethodWorker.invokeTestMethods(TestMethodWorker.java:126)
	at org.testng.internal.TestMethodWorker.run(TestMethodWorker.java:109)
	at org.testng.TestRunner.privateRun(TestRunner.java:744)
	at org.testng.TestRunner.run(TestRunner.java:602)
	at org.testng.SuiteRunner.runTest(SuiteRunner.java:380)
	at org.testng.SuiteRunner.runSequentially(SuiteRunner.java:375)
	at org.testng.SuiteRunner.privateRun(SuiteRunner.java:340)
	at org.testng.SuiteRunner.run(SuiteRunner.java:289)
	at org.testng.SuiteRunnerWorker.runSuite(SuiteRunnerWorker.java:52)
	at org.testng.SuiteRunnerWorker.run(SuiteRunnerWorker.java:86)
	at org.testng.TestNG.runSuitesSequentially(TestNG.java:1301)
	at org.testng.TestNG.runSuitesLocally(TestNG.java:1226)
	at org.testng.TestNG.runSuites(TestNG.java:1144)
	at org.testng.TestNG.run(TestNG.java:1115)
	at org.apache.maven.surefire.testng.TestNGExecutor.run(TestNGExecutor.java:281)
	at org.apache.maven.surefire.testng.TestNGXmlTestSuite.execute(TestNGXmlTestSuite.java:75)
	at org.apache.maven.surefire.testng.TestNGProvider.invoke(TestNGProvider.java:121)
	at org.apache.maven.surefire.booter.ForkedBooter.invokeProviderInSameClassLoader(ForkedBooter.java:290)
	at org.apache.maven.surefire.booter.ForkedBooter.runSuitesInProcess(ForkedBooter.java:242)
	at org.apache.maven.surefire.booter.ForkedBooter.main(ForkedBooter.java:121)
</pre></div></td>
<td>0</td>
<td>com.vil.web.tests.postpaid.complaint.Test_Automation_077@1810399e</td></tr>
<tr>
<td title='com.vil.web.tests.postpaid.complaint.Test_Automation_100.verifyStockAvailabilityComplaint()'><b>verifyStockAvailabilityComplaint</b><br>Test class: com.vil.web.tests.postpaid.complaint.Test_Automation_100<br>Test method: Stock Availability complaints for postpaid customer</td>
<td><div><pre>java.lang.NullPointerException
	at com.vil.web.library.GenericLib.getColumnIndex(GenericLib.java:140)
	at com.vil.web.tests.postpaid.enquiry.activation.TC_401_CallTypeEnquiryForBillingPostp._closeSR(TC_401_CallTypeEnquiryForBillingPostp.java:20)
... Removed 30 stack frames</pre></div><a href='#' onClick='toggleBox("stack-trace794563378", this, "Click to show all stack frames", "Click to hide stack frames")'>Click to show all stack frames</a>
<div class='stack-trace' id='stack-trace794563378'><pre>java.lang.NullPointerException
	at com.vil.web.library.GenericLib.getColumnIndex(GenericLib.java:140)
	at com.vil.web.tests.postpaid.enquiry.activation.TC_401_CallTypeEnquiryForBillingPostp._closeSR(TC_401_CallTypeEnquiryForBillingPostp.java:20)
	at sun.reflect.NativeMethodAccessorImpl.invoke0(Native Method)
	at sun.reflect.NativeMethodAccessorImpl.invoke(NativeMethodAccessorImpl.java:62)
	at sun.reflect.DelegatingMethodAccessorImpl.invoke(DelegatingMethodAccessorImpl.java:43)
	at java.lang.reflect.Method.invoke(Method.java:498)
	at org.testng.internal.MethodInvocationHelper.invokeMethod(MethodInvocationHelper.java:108)
	at org.testng.internal.Invoker.invokeConfigurationMethod(Invoker.java:523)
	at org.testng.internal.Invoker.invokeConfigurations(Invoker.java:224)
	at org.testng.internal.Invoker.invokeMethod(Invoker.java:599)
	at org.testng.internal.Invoker.invokeTestMethod(Invoker.java:869)
	at org.testng.internal.Invoker.invokeTestMethods(Invoker.java:1193)
	at org.testng.internal.TestMethodWorker.invokeTestMethods(TestMethodWorker.java:126)
	at org.testng.internal.TestMethodWorker.run(TestMethodWorker.java:109)
	at org.testng.TestRunner.privateRun(TestRunner.java:744)
	at org.testng.TestRunner.run(TestRunner.java:602)
	at org.testng.SuiteRunner.runTest(SuiteRunner.java:380)
	at org.testng.SuiteRunner.runSequentially(SuiteRunner.java:375)
	at org.testng.SuiteRunner.privateRun(SuiteRunner.java:340)
	at org.testng.SuiteRunner.run(SuiteRunner.java:289)
	at org.testng.SuiteRunnerWorker.runSuite(SuiteRunnerWorker.java:52)
	at org.testng.SuiteRunnerWorker.run(SuiteRunnerWorker.java:86)
	at org.testng.TestNG.runSuitesSequentially(TestNG.java:1301)
	at org.testng.TestNG.runSuitesLocally(TestNG.java:1226)
	at org.testng.TestNG.runSuites(TestNG.java:1144)
	at org.testng.TestNG.run(TestNG.java:1115)
	at org.apache.maven.surefire.testng.TestNGExecutor.run(TestNGExecutor.java:281)
	at org.apache.maven.surefire.testng.TestNGXmlTestSuite.execute(TestNGXmlTestSuite.java:75)
	at org.apache.maven.surefire.testng.TestNGProvider.invoke(TestNGProvider.java:121)
	at org.apache.maven.surefire.booter.ForkedBooter.invokeProviderInSameClassLoader(ForkedBooter.java:290)
	at org.apache.maven.surefire.booter.ForkedBooter.runSuitesInProcess(ForkedBooter.java:242)
	at org.apache.maven.surefire.booter.ForkedBooter.main(ForkedBooter.java:121)
</pre></div></td>
<td>0</td>
<td>com.vil.web.tests.postpaid.complaint.Test_Automation_100@5d5eef3d</td></tr>
</table><p>
</body>
</html>